INFO  info.magnolia.i18nsystem.DefaultMessageBundlesLoader 06.07.2022 11:50:07 -- Starting monitoring of info.magnolia.resourceloader.layered.LayeredResourceOrigin@605b79f4 to load translation files
WARN  info.magnolia.module.cache.filter.CacheFilter 06.07.2022 11:50:21 -- The following URL took longer than 10 seconds (15056 ms) to render. This might cause timeout exceptions on other requests to the same URI. [url=http://localhost:8080/magnoliaAuthor/.magnolia/admincentral]
INFO  info.magnolia.module.scheduler.CommandJob 06.07.2022 12:00:00 -- Starting job [cleanTempFiles]... 
INFO  info.magnolia.module.scheduler.CommandJob 06.07.2022 12:00:00 -- Job executed successfully [cleanTempFiles]
INFO  info.magnolia.module.ModuleManagerImpl 06.07.2022 12:26:28 -- Stopping module rssaggregator
INFO  info.magnolia.module.rssaggregator.RSSAggregator 06.07.2022 12:26:28 -- Removed RSS job '2a968a8d-a408-42ef-9081-23dddd5a03ca'.
INFO  info.magnolia.module.rssaggregator.RSSAggregator 06.07.2022 12:26:28 -- Removed RSS job '0e2e5cb7-dd7c-4ce9-bfa8-3761047f65f2'.
INFO  info.magnolia.module.ModuleManagerImpl 06.07.2022 12:26:28 -- Stopping module javascript-models
INFO  info.magnolia.module.ModuleManagerImpl 06.07.2022 12:26:28 -- Stopping module categorization
INFO  info.magnolia.module.ModuleManagerImpl 06.07.2022 12:26:28 -- Stopping module rest-client
INFO  info.magnolia.rest.client.RestClientProvider 06.07.2022 12:26:28 -- Close all cached RestClients.
INFO  info.magnolia.rest.client.RestClientProvider 06.07.2022 12:26:28 -- Clear all cached RestClients.
INFO  info.magnolia.module.ModuleManagerImpl 06.07.2022 12:26:28 -- Stopping module mail
INFO  info.magnolia.module.ModuleManagerImpl 06.07.2022 12:26:28 -- Stopping module password-manager
INFO  info.magnolia.module.ModuleManagerImpl 06.07.2022 12:26:28 -- Stopping module content-importer
INFO  info.magnolia.module.ModuleManagerImpl 06.07.2022 12:26:28 -- Stopping module ui-admincentral
INFO  info.magnolia.module.ModuleManagerImpl 06.07.2022 12:26:28 -- Stopping module admincentral
INFO  info.magnolia.module.ModuleManagerImpl 06.07.2022 12:26:28 -- Stopping module task-management
INFO  info.magnolia.module.ModuleManagerImpl 06.07.2022 12:26:28 -- Stopping module magnolia-usage-metrics
INFO  info.magnolia.module.ModuleManagerImpl 06.07.2022 12:26:28 -- Stopping module ui-mediaeditor
INFO  info.magnolia.module.ModuleManagerImpl 06.07.2022 12:26:28 -- Stopping module site
INFO  info.magnolia.module.ModuleManagerImpl 06.07.2022 12:26:28 -- Stopping module scheduler
INFO  info.magnolia.module.scheduler.SchedulerModule 06.07.2022 12:26:28 -- Waiting up to 30 seconds for scheduled jobs to stop...
INFO  info.magnolia.module.ModuleManagerImpl 06.07.2022 12:26:29 -- Stopping module ui-framework
INFO  info.magnolia.module.ModuleManagerImpl 06.07.2022 12:26:29 -- Stopping module ui-framework-jcr
INFO  info.magnolia.module.ModuleManagerImpl 06.07.2022 12:26:29 -- Stopping module imaging
INFO  info.magnolia.module.ModuleManagerImpl 06.07.2022 12:26:29 -- Stopping module dam-jcr
INFO  info.magnolia.module.ModuleManagerImpl 06.07.2022 12:26:29 -- Stopping module virtual-uri
INFO  info.magnolia.module.ModuleManagerImpl 06.07.2022 12:26:29 -- Stopping module ui-framework-core
INFO  info.magnolia.module.ModuleManagerImpl 06.07.2022 12:26:29 -- Stopping module rendering
INFO  info.magnolia.module.ModuleManagerImpl 06.07.2022 12:26:29 -- Stopping module periscope-core
INFO  info.magnolia.module.ModuleManagerImpl 06.07.2022 12:26:29 -- Stopping module content-types
INFO  info.magnolia.module.ModuleManagerImpl 06.07.2022 12:26:29 -- Stopping module cache
INFO  info.magnolia.module.cache.AbstractListeningFlushPolicy 06.07.2022 12:26:29 -- Unregistering event listener mapped to key [defaultPageCache:tours:/] 
INFO  info.magnolia.module.cache.AbstractListeningFlushPolicy 06.07.2022 12:26:29 -- Unregistering event listener mapped to key [defaultPageCache:category:/] 
INFO  info.magnolia.module.cache.AbstractListeningFlushPolicy 06.07.2022 12:26:29 -- Unregistering event listener mapped to key [defaultPageCache:gallery:/] 
INFO  info.magnolia.module.cache.AbstractListeningFlushPolicy 06.07.2022 12:26:29 -- Unregistering event listener mapped to key [defaultPageCache:userroles:/] 
INFO  info.magnolia.module.cache.AbstractListeningFlushPolicy 06.07.2022 12:26:29 -- Unregistering event listener mapped to key [defaultPageCache:default:/] 
INFO  info.magnolia.module.cache.AbstractListeningFlushPolicy 06.07.2022 12:26:29 -- Unregistering event listener mapped to key [defaultPageCache:config:/] 
INFO  info.magnolia.module.cache.AbstractListeningFlushPolicy 06.07.2022 12:26:29 -- Unregistering event listener mapped to key [defaultPageCache:events:/] 
INFO  info.magnolia.module.cache.AbstractListeningFlushPolicy 06.07.2022 12:26:29 -- Unregistering event listener mapped to key [defaultPageCache:multiverseevent:/] 
INFO  info.magnolia.module.cache.AbstractListeningFlushPolicy 06.07.2022 12:26:29 -- Unregistering event listener mapped to key [defaultPageCache:rrss:/] 
INFO  info.magnolia.module.cache.AbstractListeningFlushPolicy 06.07.2022 12:26:29 -- Unregistering event listener mapped to key [defaultPageCache:books:/] 
INFO  info.magnolia.module.cache.AbstractListeningFlushPolicy 06.07.2022 12:26:29 -- Unregistering event listener mapped to key [defaultPageCache:contacts:/] 
INFO  info.magnolia.module.cache.AbstractListeningFlushPolicy 06.07.2022 12:26:29 -- Unregistering event listener mapped to key [defaultPageCache:keystore:/] 
INFO  info.magnolia.module.cache.AbstractListeningFlushPolicy 06.07.2022 12:26:29 -- Unregistering event listener mapped to key [defaultPageCache:rss:/] 
INFO  info.magnolia.module.cache.AbstractListeningFlushPolicy 06.07.2022 12:26:29 -- Unregistering event listener mapped to key [defaultPageCache:resources:/] 
INFO  info.magnolia.module.cache.AbstractListeningFlushPolicy 06.07.2022 12:26:29 -- Unregistering event listener mapped to key [defaultPageCache:scripts:/] 
INFO  info.magnolia.module.cache.AbstractListeningFlushPolicy 06.07.2022 12:26:29 -- Unregistering event listener mapped to key [defaultPageCache:dam:/] 
INFO  info.magnolia.module.cache.AbstractListeningFlushPolicy 06.07.2022 12:26:29 -- Unregistering event listener mapped to key [defaultPageCache:bookshelf-app:/] 
INFO  info.magnolia.module.cache.AbstractListeningFlushPolicy 06.07.2022 12:26:29 -- Unregistering event listener mapped to key [defaultPageCache:events10:/] 
INFO  info.magnolia.module.cache.AbstractListeningFlushPolicy 06.07.2022 12:26:29 -- Unregistering event listener mapped to key [defaultPageCache:usergroups:/] 
INFO  info.magnolia.module.cache.AbstractListeningFlushPolicy 06.07.2022 12:26:29 -- Unregistering event listener mapped to key [defaultPageCache:events12:/] 
INFO  info.magnolia.module.cache.AbstractListeningFlushPolicy 06.07.2022 12:26:29 -- Unregistering event listener mapped to key [defaultPageCache:events11:/] 
INFO  info.magnolia.module.cache.AbstractListeningFlushPolicy 06.07.2022 12:26:29 -- Unregistering event listener mapped to key [defaultPageCache:gallery1:/] 
INFO  info.magnolia.module.cache.AbstractListeningFlushPolicy 06.07.2022 12:26:29 -- Unregistering event listener mapped to key [defaultPageCache:website:/] 
INFO  info.magnolia.module.cache.AbstractListeningFlushPolicy 06.07.2022 12:26:29 -- Unregistering event listener mapped to key [defaultPageCache:tasks:/] 
INFO  info.magnolia.module.cache.AbstractListeningFlushPolicy 06.07.2022 12:26:29 -- Unregistering event listener mapped to key [uuid-key-mapping:config:/] 
INFO  info.magnolia.module.cache.AbstractListeningFlushPolicy 06.07.2022 12:26:29 -- Unregistering event listener mapped to key [uuid-key-mapping:tours:/] 
INFO  info.magnolia.module.cache.AbstractListeningFlushPolicy 06.07.2022 12:26:29 -- Unregistering event listener mapped to key [uuid-key-mapping:resources:/] 
INFO  info.magnolia.module.cache.AbstractListeningFlushPolicy 06.07.2022 12:26:29 -- Unregistering event listener mapped to key [uuid-key-mapping:category:/] 
INFO  info.magnolia.module.cache.AbstractListeningFlushPolicy 06.07.2022 12:26:29 -- Unregistering event listener mapped to key [uuid-key-mapping:rss:/] 
INFO  info.magnolia.module.cache.AbstractListeningFlushPolicy 06.07.2022 12:26:29 -- Unregistering event listener mapped to key [uuid-key-mapping:contacts:/] 
INFO  info.magnolia.module.cache.AbstractListeningFlushPolicy 06.07.2022 12:26:29 -- Unregistering event listener mapped to key [uuid-key-mapping:books:/] 
INFO  info.magnolia.module.cache.AbstractListeningFlushPolicy 06.07.2022 12:26:29 -- Unregistering event listener mapped to key [uuid-key-mapping:keystore:/] 
INFO  info.magnolia.module.cache.AbstractListeningFlushPolicy 06.07.2022 12:26:29 -- Unregistering event listener mapped to key [uuid-key-mapping:website:/] 
INFO  info.magnolia.module.cache.AbstractListeningFlushPolicy 06.07.2022 12:26:29 -- Unregistering event listener mapped to key [uuid-key-mapping:rrss:/] 
INFO  info.magnolia.module.cache.AbstractListeningFlushPolicy 06.07.2022 12:26:29 -- Unregistering event listener mapped to key [uuid-key-mapping:gallery:/] 
INFO  info.magnolia.module.cache.AbstractListeningFlushPolicy 06.07.2022 12:26:29 -- Unregistering event listener mapped to key [uuid-key-mapping:dam:/] 
INFO  info.magnolia.module.cache.AbstractListeningFlushPolicy 06.07.2022 12:26:29 -- Unregistering event listener mapped to key [uuid-key-mapping:events10:/] 
INFO  info.magnolia.module.cache.AbstractListeningFlushPolicy 06.07.2022 12:26:29 -- Unregistering event listener mapped to key [uuid-key-mapping:events12:/] 
INFO  info.magnolia.module.cache.AbstractListeningFlushPolicy 06.07.2022 12:26:29 -- Unregistering event listener mapped to key [uuid-key-mapping:events11:/] 
INFO  info.magnolia.module.cache.AbstractListeningFlushPolicy 06.07.2022 12:26:29 -- Unregistering event listener mapped to key [uuid-key-mapping:usergroups:/] 
INFO  info.magnolia.module.cache.AbstractListeningFlushPolicy 06.07.2022 12:26:29 -- Unregistering event listener mapped to key [uuid-key-mapping:events:/] 
INFO  info.magnolia.module.cache.AbstractListeningFlushPolicy 06.07.2022 12:26:29 -- Unregistering event listener mapped to key [uuid-key-mapping:scripts:/] 
INFO  info.magnolia.module.cache.AbstractListeningFlushPolicy 06.07.2022 12:26:29 -- Unregistering event listener mapped to key [uuid-key-mapping:userroles:/] 
INFO  info.magnolia.module.cache.AbstractListeningFlushPolicy 06.07.2022 12:26:29 -- Unregistering event listener mapped to key [uuid-key-mapping:multiverseevent:/] 
INFO  info.magnolia.module.cache.AbstractListeningFlushPolicy 06.07.2022 12:26:29 -- Unregistering event listener mapped to key [uuid-key-mapping:default:/] 
INFO  info.magnolia.module.cache.AbstractListeningFlushPolicy 06.07.2022 12:26:29 -- Unregistering event listener mapped to key [uuid-key-mapping:bookshelf-app:/] 
INFO  info.magnolia.module.cache.AbstractListeningFlushPolicy 06.07.2022 12:26:29 -- Unregistering event listener mapped to key [uuid-key-mapping:gallery1:/] 
INFO  info.magnolia.module.cache.AbstractListeningFlushPolicy 06.07.2022 12:26:29 -- Unregistering event listener mapped to key [uuid-key-mapping:tasks:/] 
DEBUG class org.ehcache.core.Ehcache-defaultPageCache 06.07.2022 12:26:29 -- Close successful.
DEBUG class org.ehcache.core.Ehcache-uuid-key-mapping 06.07.2022 12:26:29 -- Close successful.
INFO  info.magnolia.module.ModuleManagerImpl 06.07.2022 12:26:29 -- Stopping module config
INFO  info.magnolia.dirwatch.DirectoryWatcherService 06.07.2022 12:26:29 -- DirectoryWatcherService terminated.
INFO  info.magnolia.resourceloader.classpath.service.impl.devmode.DevelopmentModeClasspathService 06.07.2022 12:26:29 -- DevelopmentModeClasspathService terminated.
INFO  info.magnolia.module.ModuleManagerImpl 06.07.2022 12:26:29 -- Stopping module rest-integration
INFO  info.magnolia.module.ModuleManagerImpl 06.07.2022 12:26:29 -- Stopping module publishing-core
INFO  info.magnolia.module.ModuleManagerImpl 06.07.2022 12:26:29 -- Stopping module dam
INFO  info.magnolia.repository.DefaultRepositoryManager 06.07.2022 12:26:29 -- Shutting down JCR
INFO  info.magnolia.jackrabbit.ProviderImpl 06.07.2022 12:26:29 -- Shutting down repository bound to 'magnoliaAuthor'
