INFO  info.magnolia.i18nsystem.DefaultMessageBundlesLoader 02.07.2022 17:10:59 -- Starting monitoring of info.magnolia.resourceloader.layered.LayeredResourceOrigin@2ddf7b29 to load translation files
INFO  info.magnolia.config.source.yaml.YamlConfigurationSource 02.07.2022 17:10:59 -- Registered definition from YAML file [/project-multiverse-module/contentTypes/event.yaml]: [contentType] definition [event] with reference id: [event] from module [project-multiverse-module] at [event]
INFO  info.magnolia.dirwatch.DirectoryWatcher 02.07.2022 17:10:59 -- File resource modified at [C:\Users\j.hurtado.de.moxo\magnolia01\apache-tomcat\webapps\magnoliaPublic\..\..\..\light-modules\project-multiverse-module\contentTypes\event.yaml]
INFO  info.magnolia.config.source.yaml.YamlConfigurationSource 02.07.2022 17:10:59 -- Registered definition from YAML file [/project-multiverse-module/contentTypes/event.yaml]: [contentType] definition [event] with reference id: [event] from module [project-multiverse-module] at [event]
INFO  info.magnolia.dirwatch.DirectoryWatcher 02.07.2022 17:12:50 -- File resource modified at [C:\Users\j.hurtado.de.moxo\magnolia01\apache-tomcat\webapps\magnoliaPublic\..\..\..\light-modules\project-multiverse-module\contentTypes\event.yaml]
INFO  info.magnolia.config.source.yaml.YamlConfigurationSource 02.07.2022 17:12:50 -- Registered definition from YAML file [/project-multiverse-module/contentTypes/event.yaml]: [contentType] definition [event] with reference id: [event] from module [project-multiverse-module] at [event]
INFO  info.magnolia.dirwatch.DirectoryWatcher 02.07.2022 17:12:50 -- File resource modified at [C:\Users\j.hurtado.de.moxo\magnolia01\apache-tomcat\webapps\magnoliaPublic\..\..\..\light-modules\project-multiverse-module\contentTypes\event.yaml]
INFO  info.magnolia.config.source.yaml.YamlConfigurationSource 02.07.2022 17:12:50 -- Registered definition from YAML file [/project-multiverse-module/contentTypes/event.yaml]: [contentType] definition [event] with reference id: [event] from module [project-multiverse-module] at [event]
INFO  info.magnolia.dirwatch.DirectoryWatcher 02.07.2022 17:19:54 -- Directory added at [C:\Users\j.hurtado.de.moxo\magnolia01\apache-tomcat\webapps\magnoliaPublic\..\..\..\light-modules\project-multiverse-module\apps]
INFO  info.magnolia.dirwatch.DirectoryWatcher 02.07.2022 17:19:54 -- Directory modified at [C:\Users\j.hurtado.de.moxo\magnolia01\apache-tomcat\webapps\magnoliaPublic\..\..\..\light-modules\project-multiverse-module]
INFO  info.magnolia.dirwatch.DirectoryWatcher 02.07.2022 17:20:01 -- File resource added at [C:\Users\j.hurtado.de.moxo\magnolia01\apache-tomcat\webapps\magnoliaPublic\..\..\..\light-modules\project-multiverse-module\apps\events-app.yaml]
INFO  info.magnolia.config.source.yaml.YamlConfigurationSource 02.07.2022 17:20:01 -- Registered definition from YAML file [/project-multiverse-module/apps/events-app.yaml]: [app] definition [events-app] with reference id: [events-app] from module [project-multiverse-module] at [events-app]
INFO  info.magnolia.dirwatch.DirectoryWatcher 02.07.2022 17:20:03 -- Directory modified at [C:\Users\j.hurtado.de.moxo\magnolia01\apache-tomcat\webapps\magnoliaPublic\..\..\..\light-modules\project-multiverse-module\apps]
INFO  info.magnolia.dirwatch.DirectoryWatcher 02.07.2022 17:20:13 -- File resource modified at [C:\Users\j.hurtado.de.moxo\magnolia01\apache-tomcat\webapps\magnoliaPublic\..\..\..\light-modules\project-multiverse-module\apps\events-app.yaml]
INFO  info.magnolia.config.source.yaml.YamlConfigurationSource 02.07.2022 17:20:13 -- Registered definition from YAML file [/project-multiverse-module/apps/events-app.yaml]: [app] definition [events-app] with reference id: [events-app] from module [project-multiverse-module] at [events-app]
INFO  info.magnolia.dirwatch.DirectoryWatcher 02.07.2022 17:20:13 -- File resource modified at [C:\Users\j.hurtado.de.moxo\magnolia01\apache-tomcat\webapps\magnoliaPublic\..\..\..\light-modules\project-multiverse-module\apps\events-app.yaml]
INFO  info.magnolia.config.source.yaml.YamlConfigurationSource 02.07.2022 17:20:13 -- Registered definition from YAML file [/project-multiverse-module/apps/events-app.yaml]: [app] definition [events-app] with reference id: [events-app] from module [project-multiverse-module] at [events-app]
INFO  info.magnolia.dirwatch.DirectoryWatcher 02.07.2022 17:21:52 -- File resource modified at [C:\Users\j.hurtado.de.moxo\magnolia01\apache-tomcat\webapps\magnoliaPublic\..\..\..\light-modules\project-multiverse-module\apps\events-app.yaml]
INFO  info.magnolia.config.source.yaml.YamlConfigurationSource 02.07.2022 17:21:52 -- Registered definition from YAML file [/project-multiverse-module/apps/events-app.yaml]: [app] definition [events-app] with reference id: [events-app] from module [project-multiverse-module] at [events-app]
INFO  info.magnolia.dirwatch.DirectoryWatcher 02.07.2022 17:21:52 -- File resource modified at [C:\Users\j.hurtado.de.moxo\magnolia01\apache-tomcat\webapps\magnoliaPublic\..\..\..\light-modules\project-multiverse-module\apps\events-app.yaml]
INFO  info.magnolia.config.source.yaml.YamlConfigurationSource 02.07.2022 17:21:52 -- Registered definition from YAML file [/project-multiverse-module/apps/events-app.yaml]: [app] definition [events-app] with reference id: [events-app] from module [project-multiverse-module] at [events-app]
INFO  info.magnolia.dirwatch.DirectoryWatcher 02.07.2022 17:30:59 -- File resource modified at [C:\Users\j.hurtado.de.moxo\magnolia01\apache-tomcat\webapps\magnoliaPublic\..\..\..\light-modules\project-multiverse-module\apps\events-app.yaml]
INFO  info.magnolia.config.source.yaml.YamlConfigurationSource 02.07.2022 17:30:59 -- Registered definition from YAML file [/project-multiverse-module/apps/events-app.yaml]: [app] definition [events-app] with reference id: [events-app] from module [project-multiverse-module] at [events-app]
INFO  info.magnolia.dirwatch.DirectoryWatcher 02.07.2022 17:31:12 -- File resource modified at [C:\Users\j.hurtado.de.moxo\magnolia01\apache-tomcat\webapps\magnoliaPublic\..\..\..\light-modules\project-multiverse-module\apps\events-app.yaml]
INFO  info.magnolia.config.source.yaml.YamlConfigurationSource 02.07.2022 17:31:12 -- Registered definition from YAML file [/project-multiverse-module/apps/events-app.yaml]: [app] definition [events-app] with reference id: [events-app] from module [project-multiverse-module] at [events-app]
INFO  info.magnolia.dirwatch.DirectoryWatcher 02.07.2022 17:31:12 -- File resource modified at [C:\Users\j.hurtado.de.moxo\magnolia01\apache-tomcat\webapps\magnoliaPublic\..\..\..\light-modules\project-multiverse-module\apps\events-app.yaml]
INFO  info.magnolia.config.source.yaml.YamlConfigurationSource 02.07.2022 17:31:12 -- Registered definition from YAML file [/project-multiverse-module/apps/events-app.yaml]: [app] definition [events-app] with reference id: [events-app] from module [project-multiverse-module] at [events-app]
INFO  info.magnolia.dirwatch.DirectoryWatcher 02.07.2022 17:31:26 -- File resource modified at [C:\Users\j.hurtado.de.moxo\magnolia01\apache-tomcat\webapps\magnoliaPublic\..\..\..\light-modules\project-multiverse-module\apps\events-app.yaml]
INFO  info.magnolia.config.source.yaml.YamlConfigurationSource 02.07.2022 17:31:27 -- Registered definition from YAML file [/project-multiverse-module/apps/events-app.yaml]: [app] definition [events-app] with reference id: [events-app] from module [project-multiverse-module] at [events-app]
INFO  info.magnolia.dirwatch.DirectoryWatcher 02.07.2022 17:31:27 -- File resource modified at [C:\Users\j.hurtado.de.moxo\magnolia01\apache-tomcat\webapps\magnoliaPublic\..\..\..\light-modules\project-multiverse-module\apps\events-app.yaml]
INFO  info.magnolia.config.source.yaml.YamlConfigurationSource 02.07.2022 17:31:27 -- Registered definition from YAML file [/project-multiverse-module/apps/events-app.yaml]: [app] definition [events-app] with reference id: [events-app] from module [project-multiverse-module] at [events-app]
INFO  info.magnolia.dirwatch.DirectoryWatcher 02.07.2022 17:33:16 -- File resource modified at [C:\Users\j.hurtado.de.moxo\magnolia01\apache-tomcat\webapps\magnoliaPublic\..\..\..\light-modules\project-multiverse-module\apps\events-app.yaml]
INFO  info.magnolia.config.source.yaml.YamlConfigurationSource 02.07.2022 17:33:16 -- Registered definition from YAML file [/project-multiverse-module/apps/events-app.yaml]: [app] definition [events-app] with reference id: [events-app] from module [project-multiverse-module] at [events-app]
INFO  info.magnolia.dirwatch.DirectoryWatcher 02.07.2022 17:33:16 -- File resource modified at [C:\Users\j.hurtado.de.moxo\magnolia01\apache-tomcat\webapps\magnoliaPublic\..\..\..\light-modules\project-multiverse-module\apps\events-app.yaml]
INFO  info.magnolia.config.source.yaml.YamlConfigurationSource 02.07.2022 17:33:16 -- Registered definition from YAML file [/project-multiverse-module/apps/events-app.yaml]: [app] definition [events-app] with reference id: [events-app] from module [project-multiverse-module] at [events-app]
INFO  info.magnolia.publishing.receiver.operation.jcr.JcrPublicationOperation 02.07.2022 17:34:03 -- About to publish new content under path [/].
INFO  info.magnolia.dirwatch.DirectoryWatcher 02.07.2022 17:34:42 -- File resource modified at [C:\Users\j.hurtado.de.moxo\magnolia01\apache-tomcat\webapps\magnoliaPublic\..\..\..\light-modules\project-multiverse-module\apps\events-app.yaml]
INFO  info.magnolia.config.source.yaml.YamlConfigurationSource 02.07.2022 17:34:42 -- Registered definition from YAML file [/project-multiverse-module/apps/events-app.yaml]: [app] definition [events-app] with reference id: [events-app] from module [project-multiverse-module] at [events-app]
INFO  info.magnolia.dirwatch.DirectoryWatcher 02.07.2022 17:34:42 -- File resource modified at [C:\Users\j.hurtado.de.moxo\magnolia01\apache-tomcat\webapps\magnoliaPublic\..\..\..\light-modules\project-multiverse-module\apps\events-app.yaml]
INFO  info.magnolia.config.source.yaml.YamlConfigurationSource 02.07.2022 17:34:42 -- Registered definition from YAML file [/project-multiverse-module/apps/events-app.yaml]: [app] definition [events-app] with reference id: [events-app] from module [project-multiverse-module] at [events-app]
INFO  info.magnolia.dirwatch.DirectoryWatcher 02.07.2022 17:35:16 -- File resource modified at [C:\Users\j.hurtado.de.moxo\magnolia01\apache-tomcat\webapps\magnoliaPublic\..\..\..\light-modules\project-multiverse-module\apps\events-app.yaml]
INFO  info.magnolia.config.source.yaml.YamlConfigurationSource 02.07.2022 17:35:16 -- Registered definition from YAML file [/project-multiverse-module/apps/events-app.yaml]: [app] definition [events-app] with reference id: [events-app] from module [project-multiverse-module] at [events-app]
INFO  info.magnolia.dirwatch.DirectoryWatcher 02.07.2022 17:35:16 -- File resource modified at [C:\Users\j.hurtado.de.moxo\magnolia01\apache-tomcat\webapps\magnoliaPublic\..\..\..\light-modules\project-multiverse-module\apps\events-app.yaml]
INFO  info.magnolia.config.source.yaml.YamlConfigurationSource 02.07.2022 17:35:16 -- Registered definition from YAML file [/project-multiverse-module/apps/events-app.yaml]: [app] definition [events-app] with reference id: [events-app] from module [project-multiverse-module] at [events-app]
INFO  info.magnolia.dirwatch.DirectoryWatcher 02.07.2022 17:35:53 -- File resource modified at [C:\Users\j.hurtado.de.moxo\magnolia01\apache-tomcat\webapps\magnoliaPublic\..\..\..\light-modules\project-multiverse-module\apps\events-app.yaml]
INFO  info.magnolia.config.source.yaml.YamlConfigurationSource 02.07.2022 17:35:53 -- Registered definition from YAML file [/project-multiverse-module/apps/events-app.yaml]: [app] definition [events-app] with reference id: [events-app] from module [project-multiverse-module] at [events-app]
INFO  info.magnolia.dirwatch.DirectoryWatcher 02.07.2022 17:35:53 -- File resource modified at [C:\Users\j.hurtado.de.moxo\magnolia01\apache-tomcat\webapps\magnoliaPublic\..\..\..\light-modules\project-multiverse-module\apps\events-app.yaml]
INFO  info.magnolia.config.source.yaml.YamlConfigurationSource 02.07.2022 17:35:54 -- Registered definition from YAML file [/project-multiverse-module/apps/events-app.yaml]: [app] definition [events-app] with reference id: [events-app] from module [project-multiverse-module] at [events-app]
INFO  info.magnolia.dirwatch.DirectoryWatcher 02.07.2022 18:08:51 -- File resource modified at [C:\Users\j.hurtado.de.moxo\magnolia01\apache-tomcat\webapps\magnoliaPublic\..\..\..\light-modules\project-multiverse-module\apps\events-app.yaml]
INFO  info.magnolia.config.source.yaml.YamlConfigurationSource 02.07.2022 18:08:51 -- Registered definition from YAML file [/project-multiverse-module/apps/events-app.yaml]: [app] definition [events-app] with reference id: [events-app] from module [project-multiverse-module] at [events-app]
INFO  info.magnolia.dirwatch.DirectoryWatcher 02.07.2022 18:32:17 -- File resource added at [C:\Users\j.hurtado.de.moxo\magnolia01\apache-tomcat\webapps\magnoliaPublic\..\..\..\light-modules\project-multiverse-module\templates\accenturemultiversetemplate.yaml]
INFO  info.magnolia.config.source.yaml.YamlConfigurationSource 02.07.2022 18:32:17 -- Registered definition from YAML file [/project-multiverse-module/templates/accenturemultiversetemplate.yaml]: [template] definition [accenturemultiversetemplate] with reference id: [project-multiverse-module:accenturemultiversetemplate] from module [project-multiverse-module] at [accenturemultiversetemplate]
INFO  info.magnolia.dirwatch.DirectoryWatcher 02.07.2022 18:32:18 -- Directory modified at [C:\Users\j.hurtado.de.moxo\magnolia01\apache-tomcat\webapps\magnoliaPublic\..\..\..\light-modules\project-multiverse-module\templates]
INFO  info.magnolia.dirwatch.DirectoryWatcher 02.07.2022 18:32:28 -- File resource added at [C:\Users\j.hurtado.de.moxo\magnolia01\apache-tomcat\webapps\magnoliaPublic\..\..\..\light-modules\project-multiverse-module\templates\accenturemultiverse.ftl]
INFO  info.magnolia.dirwatch.DirectoryWatcher 02.07.2022 18:32:29 -- Directory modified at [C:\Users\j.hurtado.de.moxo\magnolia01\apache-tomcat\webapps\magnoliaPublic\..\..\..\light-modules\project-multiverse-module\templates]
INFO  info.magnolia.dirwatch.DirectoryWatcher 02.07.2022 18:33:01 -- File resource(s) deleted at [C:\Users\j.hurtado.de.moxo\magnolia01\apache-tomcat\webapps\magnoliaPublic\..\..\..\light-modules\project-multiverse-module\templates\accenturemultiverse.ftl]
INFO  info.magnolia.dirwatch.DirectoryWatcher 02.07.2022 18:33:01 -- File resource added at [C:\Users\j.hurtado.de.moxo\magnolia01\apache-tomcat\webapps\magnoliaPublic\..\..\..\light-modules\project-multiverse-module\templates\accenturemultiversetemplate.ftl]
INFO  info.magnolia.dirwatch.DirectoryWatcher 02.07.2022 18:33:02 -- Directory modified at [C:\Users\j.hurtado.de.moxo\magnolia01\apache-tomcat\webapps\magnoliaPublic\..\..\..\light-modules\project-multiverse-module\templates]
INFO  info.magnolia.dirwatch.DirectoryWatcher 02.07.2022 18:33:40 -- File resource(s) deleted at [C:\Users\j.hurtado.de.moxo\magnolia01\apache-tomcat\webapps\magnoliaPublic\..\..\..\light-modules\project-multiverse-module\templates\accenturemultiversetemplate.yaml]
INFO  info.magnolia.dirwatch.DirectoryWatcher 02.07.2022 18:33:40 -- File resource added at [C:\Users\j.hurtado.de.moxo\magnolia01\apache-tomcat\webapps\magnoliaPublic\..\..\..\light-modules\project-multiverse-module\templates\pages\accenturemultiversetemplate.yaml]
INFO  info.magnolia.config.source.yaml.YamlConfigurationSource 02.07.2022 18:33:40 -- Registered definition from YAML file [/project-multiverse-module/templates/pages/accenturemultiversetemplate.yaml]: [template] definition [accenturemultiversetemplate] with reference id: [project-multiverse-module:pages/accenturemultiversetemplate] from module [project-multiverse-module] at [pages/accenturemultiversetemplate]
INFO  info.magnolia.dirwatch.DirectoryWatcher 02.07.2022 18:33:40 -- Directory modified at [C:\Users\j.hurtado.de.moxo\magnolia01\apache-tomcat\webapps\magnoliaPublic\..\..\..\light-modules\project-multiverse-module\templates\pages]
INFO  info.magnolia.dirwatch.DirectoryWatcher 02.07.2022 18:33:40 -- Directory modified at [C:\Users\j.hurtado.de.moxo\magnolia01\apache-tomcat\webapps\magnoliaPublic\..\..\..\light-modules\project-multiverse-module\templates]
INFO  info.magnolia.dirwatch.DirectoryWatcher 02.07.2022 18:33:40 -- File resource added at [C:\Users\j.hurtado.de.moxo\magnolia01\apache-tomcat\webapps\magnoliaPublic\..\..\..\light-modules\project-multiverse-module\templates\pages\accenturemultiversetemplate.ftl]
INFO  info.magnolia.dirwatch.DirectoryWatcher 02.07.2022 18:33:40 -- File resource(s) deleted at [C:\Users\j.hurtado.de.moxo\magnolia01\apache-tomcat\webapps\magnoliaPublic\..\..\..\light-modules\project-multiverse-module\templates\accenturemultiversetemplate.ftl]
INFO  info.magnolia.dirwatch.DirectoryWatcher 02.07.2022 18:33:40 -- Directory modified at [C:\Users\j.hurtado.de.moxo\magnolia01\apache-tomcat\webapps\magnoliaPublic\..\..\..\light-modules\project-multiverse-module\templates\pages]
INFO  info.magnolia.dirwatch.DirectoryWatcher 02.07.2022 18:33:40 -- Directory modified at [C:\Users\j.hurtado.de.moxo\magnolia01\apache-tomcat\webapps\magnoliaPublic\..\..\..\light-modules\project-multiverse-module\templates]
INFO  info.magnolia.dirwatch.DirectoryWatcher 02.07.2022 18:33:52 -- File resource modified at [C:\Users\j.hurtado.de.moxo\magnolia01\apache-tomcat\webapps\magnoliaPublic\..\..\..\light-modules\project-multiverse-module\templates\pages\accenturemultiversetemplate.yaml]
INFO  info.magnolia.config.source.yaml.YamlConfigurationSource 02.07.2022 18:33:52 -- Registered definition from YAML file [/project-multiverse-module/templates/pages/accenturemultiversetemplate.yaml]: [template] definition [accenturemultiversetemplate] with reference id: [project-multiverse-module:pages/accenturemultiversetemplate] from module [project-multiverse-module] at [pages/accenturemultiversetemplate]
INFO  info.magnolia.dirwatch.DirectoryWatcher 02.07.2022 18:33:52 -- File resource modified at [C:\Users\j.hurtado.de.moxo\magnolia01\apache-tomcat\webapps\magnoliaPublic\..\..\..\light-modules\project-multiverse-module\templates\pages\accenturemultiversetemplate.yaml]
INFO  info.magnolia.config.source.yaml.YamlConfigurationSource 02.07.2022 18:33:52 -- Registered definition from YAML file [/project-multiverse-module/templates/pages/accenturemultiversetemplate.yaml]: [template] definition [accenturemultiversetemplate] with reference id: [project-multiverse-module:pages/accenturemultiversetemplate] from module [project-multiverse-module] at [pages/accenturemultiversetemplate]
INFO  info.magnolia.dirwatch.DirectoryWatcher 02.07.2022 18:33:58 -- File resource modified at [C:\Users\j.hurtado.de.moxo\magnolia01\apache-tomcat\webapps\magnoliaPublic\..\..\..\light-modules\project-multiverse-module\templates\pages\accenturemultiversetemplate.yaml]
INFO  info.magnolia.config.source.yaml.YamlConfigurationSource 02.07.2022 18:33:58 -- Registered definition from YAML file [/project-multiverse-module/templates/pages/accenturemultiversetemplate.yaml]: [template] definition [accenturemultiversetemplate] with reference id: [project-multiverse-module:pages/accenturemultiversetemplate] from module [project-multiverse-module] at [pages/accenturemultiversetemplate]
INFO  info.magnolia.dirwatch.DirectoryWatcher 02.07.2022 18:33:58 -- File resource modified at [C:\Users\j.hurtado.de.moxo\magnolia01\apache-tomcat\webapps\magnoliaPublic\..\..\..\light-modules\project-multiverse-module\templates\pages\accenturemultiversetemplate.yaml]
INFO  info.magnolia.config.source.yaml.YamlConfigurationSource 02.07.2022 18:33:58 -- Registered definition from YAML file [/project-multiverse-module/templates/pages/accenturemultiversetemplate.yaml]: [template] definition [accenturemultiversetemplate] with reference id: [project-multiverse-module:pages/accenturemultiversetemplate] from module [project-multiverse-module] at [pages/accenturemultiversetemplate]
INFO  info.magnolia.dirwatch.DirectoryWatcher 02.07.2022 18:34:04 -- File resource modified at [C:\Users\j.hurtado.de.moxo\magnolia01\apache-tomcat\webapps\magnoliaPublic\..\..\..\light-modules\my-training-module\templates\components\section.yaml]
INFO  info.magnolia.config.source.yaml.YamlConfigurationSource 02.07.2022 18:34:05 -- Registered definition from YAML file [/my-training-module/templates/components/section.yaml]: [template] definition [section] with reference id: [my-training-module:components/section] from module [my-training-module] at [components/section]
INFO  info.magnolia.dirwatch.DirectoryWatcher 02.07.2022 18:34:11 -- File resource modified at [C:\Users\j.hurtado.de.moxo\magnolia01\apache-tomcat\webapps\magnoliaPublic\..\..\..\light-modules\project-multiverse-module\contentTypes\event.yaml]
INFO  info.magnolia.config.source.yaml.YamlConfigurationSource 02.07.2022 18:34:11 -- Registered definition from YAML file [/project-multiverse-module/contentTypes/event.yaml]: [contentType] definition [event] with reference id: [event] from module [project-multiverse-module] at [event]
INFO  info.magnolia.dirwatch.DirectoryWatcher 02.07.2022 18:34:20 -- File resource modified at [C:\Users\j.hurtado.de.moxo\magnolia01\apache-tomcat\webapps\magnoliaPublic\..\..\..\light-modules\project-multiverse-module\templates\pages\accenturemultiversetemplate.yaml]
INFO  info.magnolia.config.source.yaml.YamlConfigurationSource 02.07.2022 18:34:20 -- Registered definition from YAML file [/project-multiverse-module/templates/pages/accenturemultiversetemplate.yaml]: [template] definition [accenturemultiversetemplate] with reference id: [project-multiverse-module:pages/accenturemultiversetemplate] from module [project-multiverse-module] at [pages/accenturemultiversetemplate]
INFO  info.magnolia.dirwatch.DirectoryWatcher 02.07.2022 18:34:40 -- File resource modified at [C:\Users\j.hurtado.de.moxo\magnolia01\apache-tomcat\webapps\magnoliaPublic\..\..\..\light-modules\project-multiverse-module\templates\pages\accenturemultiversetemplate.ftl]
INFO  info.magnolia.dirwatch.DirectoryWatcher 02.07.2022 18:34:40 -- File resource modified at [C:\Users\j.hurtado.de.moxo\magnolia01\apache-tomcat\webapps\magnoliaPublic\..\..\..\light-modules\project-multiverse-module\templates\pages\accenturemultiversetemplate.ftl]
INFO  info.magnolia.dirwatch.DirectoryWatcher 02.07.2022 18:37:39 -- File resource modified at [C:\Users\j.hurtado.de.moxo\magnolia01\apache-tomcat\webapps\magnoliaPublic\..\..\..\light-modules\project-multiverse-module\templates\pages\accenturemultiversetemplate.yaml]
INFO  info.magnolia.config.source.yaml.YamlConfigurationSource 02.07.2022 18:37:39 -- Registered definition from YAML file [/project-multiverse-module/templates/pages/accenturemultiversetemplate.yaml]: [template] definition [accenturemultiversetemplate] with reference id: [project-multiverse-module:pages/accenturemultiversetemplate] from module [project-multiverse-module] at [pages/accenturemultiversetemplate]
INFO  info.magnolia.dirwatch.DirectoryWatcher 02.07.2022 18:37:39 -- File resource modified at [C:\Users\j.hurtado.de.moxo\magnolia01\apache-tomcat\webapps\magnoliaPublic\..\..\..\light-modules\project-multiverse-module\templates\pages\accenturemultiversetemplate.yaml]
INFO  info.magnolia.config.source.yaml.YamlConfigurationSource 02.07.2022 18:37:39 -- Registered definition from YAML file [/project-multiverse-module/templates/pages/accenturemultiversetemplate.yaml]: [template] definition [accenturemultiversetemplate] with reference id: [project-multiverse-module:pages/accenturemultiversetemplate] from module [project-multiverse-module] at [pages/accenturemultiversetemplate]
INFO  info.magnolia.dirwatch.DirectoryWatcher 02.07.2022 18:37:54 -- File resource modified at [C:\Users\j.hurtado.de.moxo\magnolia01\apache-tomcat\webapps\magnoliaPublic\..\..\..\light-modules\project-multiverse-module\templates\pages\accenturemultiversetemplate.ftl]
INFO  info.magnolia.dirwatch.DirectoryWatcher 02.07.2022 18:38:02 -- File resource modified at [C:\Users\j.hurtado.de.moxo\magnolia01\apache-tomcat\webapps\magnoliaPublic\..\..\..\light-modules\project-multiverse-module\templates\pages\accenturemultiversetemplate.ftl]
INFO  info.magnolia.dirwatch.DirectoryWatcher 02.07.2022 18:38:02 -- File resource modified at [C:\Users\j.hurtado.de.moxo\magnolia01\apache-tomcat\webapps\magnoliaPublic\..\..\..\light-modules\project-multiverse-module\templates\pages\accenturemultiversetemplate.ftl]
INFO  info.magnolia.dirwatch.DirectoryWatcher 02.07.2022 22:21:30 -- File resource modified at [C:\Users\j.hurtado.de.moxo\magnolia01\apache-tomcat\webapps\magnoliaPublic\..\..\..\light-modules\project-multiverse-module\templates\pages\accenturemultiversetemplate.ftl]
INFO  info.magnolia.dirwatch.DirectoryWatcher 02.07.2022 22:21:38 -- File resource modified at [C:\Users\j.hurtado.de.moxo\magnolia01\apache-tomcat\webapps\magnoliaPublic\..\..\..\light-modules\my-training-module\templates\pages\my-homepage.yaml]
INFO  info.magnolia.config.source.yaml.YamlConfigurationSource 02.07.2022 22:21:38 -- Registered definition from YAML file [/my-training-module/templates/pages/my-homepage.yaml]: [template] definition [my-homepage] with reference id: [my-training-module:pages/my-homepage] from module [my-training-module] at [pages/my-homepage]
INFO  info.magnolia.dirwatch.DirectoryWatcher 02.07.2022 23:19:40 -- File resource modified at [C:\Users\j.hurtado.de.moxo\magnolia01\apache-tomcat\webapps\magnoliaPublic\..\..\..\light-modules\my-training-module\templates\components\banner.yaml]
INFO  info.magnolia.config.source.yaml.YamlConfigurationSource 02.07.2022 23:19:40 -- Registered definition from YAML file [/my-training-module/templates/components/banner.yaml]: [template] definition [banner] with reference id: [my-training-module:components/banner] from module [my-training-module] at [components/banner]
INFO  info.magnolia.dirwatch.DirectoryWatcher 02.07.2022 23:20:06 -- File resource modified at [C:\Users\j.hurtado.de.moxo\magnolia01\apache-tomcat\webapps\magnoliaPublic\..\..\..\light-modules\my-training-module\templates\pages\onepager.yaml]
INFO  info.magnolia.config.source.yaml.YamlConfigurationSource 02.07.2022 23:20:06 -- Registered definition from YAML file [/my-training-module/templates/pages/onepager.yaml]: [template] definition [onepager] with reference id: [my-training-module:pages/onepager] from module [my-training-module] at [pages/onepager]
INFO  info.magnolia.dirwatch.DirectoryWatcher 02.07.2022 23:21:01 -- Directory added at [C:\Users\j.hurtado.de.moxo\magnolia01\apache-tomcat\webapps\magnoliaPublic\..\..\..\light-modules\project-multiverse-module\webresources\images]
INFO  info.magnolia.dirwatch.DirectoryWatcher 02.07.2022 23:21:05 -- Directory modified at [C:\Users\j.hurtado.de.moxo\magnolia01\apache-tomcat\webapps\magnoliaPublic\..\..\..\light-modules\project-multiverse-module\webresources]
INFO  info.magnolia.dirwatch.DirectoryWatcher 02.07.2022 23:21:05 -- Directory modified at [C:\Users\j.hurtado.de.moxo\magnolia01\apache-tomcat\webapps\magnoliaPublic\..\..\..\light-modules\project-multiverse-module\webresources\images]
INFO  info.magnolia.dirwatch.DirectoryWatcher 02.07.2022 23:21:06 -- Directory added at [C:\Users\j.hurtado.de.moxo\magnolia01\apache-tomcat\webapps\magnoliaPublic\..\..\..\light-modules\project-multiverse-module\webresources\assets]
INFO  info.magnolia.dirwatch.DirectoryWatcher 02.07.2022 23:21:07 -- Directory modified at [C:\Users\j.hurtado.de.moxo\magnolia01\apache-tomcat\webapps\magnoliaPublic\..\..\..\light-modules\project-multiverse-module\webresources\assets\css]
INFO  info.magnolia.dirwatch.DirectoryWatcher 02.07.2022 23:21:07 -- Directory added at [C:\Users\j.hurtado.de.moxo\magnolia01\apache-tomcat\webapps\magnoliaPublic\..\..\..\light-modules\project-multiverse-module\webresources\assets\js]
INFO  info.magnolia.dirwatch.DirectoryWatcher 02.07.2022 23:21:08 -- Directory modified at [C:\Users\j.hurtado.de.moxo\magnolia01\apache-tomcat\webapps\magnoliaPublic\..\..\..\light-modules\project-multiverse-module\webresources\assets\js]
INFO  info.magnolia.dirwatch.DirectoryWatcher 02.07.2022 23:21:08 -- Directory added at [C:\Users\j.hurtado.de.moxo\magnolia01\apache-tomcat\webapps\magnoliaPublic\..\..\..\light-modules\project-multiverse-module\webresources\assets\sass]
INFO  info.magnolia.dirwatch.DirectoryWatcher 02.07.2022 23:21:10 -- Directory modified at [C:\Users\j.hurtado.de.moxo\magnolia01\apache-tomcat\webapps\magnoliaPublic\..\..\..\light-modules\project-multiverse-module\webresources\assets\sass]
INFO  info.magnolia.dirwatch.DirectoryWatcher 02.07.2022 23:21:10 -- Directory added at [C:\Users\j.hurtado.de.moxo\magnolia01\apache-tomcat\webapps\magnoliaPublic\..\..\..\light-modules\project-multiverse-module\webresources\assets\webfonts]
INFO  info.magnolia.dirwatch.DirectoryWatcher 02.07.2022 23:21:12 -- Directory modified at [C:\Users\j.hurtado.de.moxo\magnolia01\apache-tomcat\webapps\magnoliaPublic\..\..\..\light-modules\project-multiverse-module\webresources\assets\webfonts]
INFO  info.magnolia.dirwatch.DirectoryWatcher 02.07.2022 23:21:13 -- File resource modified at [C:\Users\j.hurtado.de.moxo\magnolia01\apache-tomcat\webapps\magnoliaPublic\..\..\..\light-modules\project-multiverse-module\webresources\assets\css\fontawesome-all.min.css]
INFO  info.magnolia.dirwatch.DirectoryWatcher 02.07.2022 23:21:13 -- Directory added at [C:\Users\j.hurtado.de.moxo\magnolia01\apache-tomcat\webapps\magnoliaPublic\..\..\..\light-modules\project-multiverse-module\webresources\assets\css\images]
INFO  info.magnolia.dirwatch.DirectoryWatcher 02.07.2022 23:21:13 -- Directory modified at [C:\Users\j.hurtado.de.moxo\magnolia01\apache-tomcat\webapps\magnoliaPublic\..\..\..\light-modules\project-multiverse-module\webresources\assets\css\images]
INFO  info.magnolia.dirwatch.DirectoryWatcher 02.07.2022 23:21:14 -- File resource added at [C:\Users\j.hurtado.de.moxo\magnolia01\apache-tomcat\webapps\magnoliaPublic\..\..\..\light-modules\project-multiverse-module\webresources\assets\css\main.css]
INFO  info.magnolia.dirwatch.DirectoryWatcher 02.07.2022 23:21:14 -- File resource modified at [C:\Users\j.hurtado.de.moxo\magnolia01\apache-tomcat\webapps\magnoliaPublic\..\..\..\light-modules\project-multiverse-module\webresources\assets\css\main.css]
INFO  info.magnolia.dirwatch.DirectoryWatcher 02.07.2022 23:21:14 -- File resource added at [C:\Users\j.hurtado.de.moxo\magnolia01\apache-tomcat\webapps\magnoliaPublic\..\..\..\light-modules\project-multiverse-module\webresources\assets\css\noscript.css]
INFO  info.magnolia.dirwatch.DirectoryWatcher 02.07.2022 23:21:14 -- File resource modified at [C:\Users\j.hurtado.de.moxo\magnolia01\apache-tomcat\webapps\magnoliaPublic\..\..\..\light-modules\project-multiverse-module\webresources\assets\css\noscript.css]
INFO  info.magnolia.dirwatch.DirectoryWatcher 02.07.2022 23:21:14 -- File resource added at [C:\Users\j.hurtado.de.moxo\magnolia01\apache-tomcat\webapps\magnoliaPublic\..\..\..\light-modules\project-multiverse-module\webresources\assets\css\images\arrow.svg]
INFO  info.magnolia.dirwatch.DirectoryWatcher 02.07.2022 23:21:14 -- File resource modified at [C:\Users\j.hurtado.de.moxo\magnolia01\apache-tomcat\webapps\magnoliaPublic\..\..\..\light-modules\project-multiverse-module\webresources\assets\css\images\arrow.svg]
INFO  info.magnolia.dirwatch.DirectoryWatcher 02.07.2022 23:21:14 -- File resource added at [C:\Users\j.hurtado.de.moxo\magnolia01\apache-tomcat\webapps\magnoliaPublic\..\..\..\light-modules\project-multiverse-module\webresources\assets\css\images\close.svg]
INFO  info.magnolia.dirwatch.DirectoryWatcher 02.07.2022 23:21:14 -- File resource modified at [C:\Users\j.hurtado.de.moxo\magnolia01\apache-tomcat\webapps\magnoliaPublic\..\..\..\light-modules\project-multiverse-module\webresources\assets\css\images\close.svg]
INFO  info.magnolia.dirwatch.DirectoryWatcher 02.07.2022 23:21:14 -- File resource added at [C:\Users\j.hurtado.de.moxo\magnolia01\apache-tomcat\webapps\magnoliaPublic\..\..\..\light-modules\project-multiverse-module\webresources\assets\css\images\spinner.svg]
INFO  info.magnolia.dirwatch.DirectoryWatcher 02.07.2022 23:21:14 -- File resource modified at [C:\Users\j.hurtado.de.moxo\magnolia01\apache-tomcat\webapps\magnoliaPublic\..\..\..\light-modules\project-multiverse-module\webresources\assets\css\images\spinner.svg]
INFO  info.magnolia.dirwatch.DirectoryWatcher 02.07.2022 23:21:15 -- Directory modified at [C:\Users\j.hurtado.de.moxo\magnolia01\apache-tomcat\webapps\magnoliaPublic\..\..\..\light-modules\project-multiverse-module\webresources]
INFO  info.magnolia.dirwatch.DirectoryWatcher 02.07.2022 23:21:15 -- Directory modified at [C:\Users\j.hurtado.de.moxo\magnolia01\apache-tomcat\webapps\magnoliaPublic\..\..\..\light-modules\project-multiverse-module\webresources\assets]
INFO  info.magnolia.dirwatch.DirectoryWatcher 02.07.2022 23:34:00 -- File resource modified at [C:\Users\j.hurtado.de.moxo\magnolia01\apache-tomcat\webapps\magnoliaPublic\..\..\..\light-modules\project-multiverse-module\templates\pages\accenturemultiversetemplate.yaml]
INFO  info.magnolia.config.source.yaml.YamlConfigurationSource 02.07.2022 23:34:00 -- Registered definition from YAML file [/project-multiverse-module/templates/pages/accenturemultiversetemplate.yaml]: [template] definition [accenturemultiversetemplate] with reference id: [project-multiverse-module:pages/accenturemultiversetemplate] from module [project-multiverse-module] at [pages/accenturemultiversetemplate]
INFO  info.magnolia.dirwatch.DirectoryWatcher 02.07.2022 23:34:19 -- File resource added at [C:\Users\j.hurtado.de.moxo\magnolia01\apache-tomcat\webapps\magnoliaPublic\..\..\..\light-modules\project-multiverse-module\templates\pages\mainmultiverse.ftl]
INFO  info.magnolia.dirwatch.DirectoryWatcher 02.07.2022 23:34:20 -- Directory modified at [C:\Users\j.hurtado.de.moxo\magnolia01\apache-tomcat\webapps\magnoliaPublic\..\..\..\light-modules\project-multiverse-module\templates\pages]
INFO  info.magnolia.dirwatch.DirectoryWatcher 02.07.2022 23:35:04 -- File resource added at [C:\Users\j.hurtado.de.moxo\magnolia01\apache-tomcat\webapps\magnoliaPublic\..\..\..\light-modules\project-multiverse-module\templates\pages\mainmultiverse.yaml]
INFO  info.magnolia.config.source.yaml.YamlConfigurationSource 02.07.2022 23:35:04 -- Registered definition from YAML file [/project-multiverse-module/templates/pages/mainmultiverse.yaml]: [template] definition [mainmultiverse] with reference id: [project-multiverse-module:pages/mainmultiverse] from module [project-multiverse-module] at [pages/mainmultiverse]
INFO  info.magnolia.dirwatch.DirectoryWatcher 02.07.2022 23:35:05 -- Directory modified at [C:\Users\j.hurtado.de.moxo\magnolia01\apache-tomcat\webapps\magnoliaPublic\..\..\..\light-modules\project-multiverse-module\templates\pages]
INFO  info.magnolia.dirwatch.DirectoryWatcher 02.07.2022 23:35:23 -- File resource modified at [C:\Users\j.hurtado.de.moxo\magnolia01\apache-tomcat\webapps\magnoliaPublic\..\..\..\light-modules\project-multiverse-module\templates\pages\mainmultiverse.ftl]
INFO  info.magnolia.dirwatch.DirectoryWatcher 02.07.2022 23:35:23 -- File resource modified at [C:\Users\j.hurtado.de.moxo\magnolia01\apache-tomcat\webapps\magnoliaPublic\..\..\..\light-modules\project-multiverse-module\templates\pages\mainmultiverse.ftl]
INFO  info.magnolia.dirwatch.DirectoryWatcher 02.07.2022 23:36:38 -- File resource modified at [C:\Users\j.hurtado.de.moxo\magnolia01\apache-tomcat\webapps\magnoliaPublic\..\..\..\light-modules\project-multiverse-module\templates\pages\mainmultiverse.ftl]
INFO  info.magnolia.dirwatch.DirectoryWatcher 02.07.2022 23:36:38 -- File resource modified at [C:\Users\j.hurtado.de.moxo\magnolia01\apache-tomcat\webapps\magnoliaPublic\..\..\..\light-modules\project-multiverse-module\templates\pages\mainmultiverse.ftl]
INFO  info.magnolia.dirwatch.DirectoryWatcher 02.07.2022 23:36:40 -- File resource modified at [C:\Users\j.hurtado.de.moxo\magnolia01\apache-tomcat\webapps\magnoliaPublic\..\..\..\light-modules\project-multiverse-module\templates\pages\mainmultiverse.ftl]
INFO  info.magnolia.dirwatch.DirectoryWatcher 02.07.2022 23:36:40 -- File resource modified at [C:\Users\j.hurtado.de.moxo\magnolia01\apache-tomcat\webapps\magnoliaPublic\..\..\..\light-modules\project-multiverse-module\templates\pages\mainmultiverse.ftl]
INFO  info.magnolia.dirwatch.DirectoryWatcher 02.07.2022 23:37:55 -- File resource modified at [C:\Users\j.hurtado.de.moxo\magnolia01\apache-tomcat\webapps\magnoliaPublic\..\..\..\light-modules\project-multiverse-module\templates\pages\accenturemultiversetemplate.ftl]
INFO  info.magnolia.dirwatch.DirectoryWatcher 02.07.2022 23:37:55 -- File resource modified at [C:\Users\j.hurtado.de.moxo\magnolia01\apache-tomcat\webapps\magnoliaPublic\..\..\..\light-modules\project-multiverse-module\templates\pages\accenturemultiversetemplate.ftl]
INFO  info.magnolia.dirwatch.DirectoryWatcher 02.07.2022 23:38:51 -- File resource modified at [C:\Users\j.hurtado.de.moxo\magnolia01\apache-tomcat\webapps\magnoliaPublic\..\..\..\light-modules\project-multiverse-module\templates\pages\accenturemultiversetemplate.ftl]
INFO  info.magnolia.dirwatch.DirectoryWatcher 02.07.2022 23:38:51 -- File resource modified at [C:\Users\j.hurtado.de.moxo\magnolia01\apache-tomcat\webapps\magnoliaPublic\..\..\..\light-modules\project-multiverse-module\templates\pages\accenturemultiversetemplate.ftl]
INFO  info.magnolia.dirwatch.DirectoryWatcher 02.07.2022 23:38:58 -- File resource modified at [C:\Users\j.hurtado.de.moxo\magnolia01\apache-tomcat\webapps\magnoliaPublic\..\..\..\light-modules\project-multiverse-module\templates\pages\accenturemultiversetemplate.ftl]
INFO  info.magnolia.dirwatch.DirectoryWatcher 02.07.2022 23:38:58 -- File resource modified at [C:\Users\j.hurtado.de.moxo\magnolia01\apache-tomcat\webapps\magnoliaPublic\..\..\..\light-modules\project-multiverse-module\templates\pages\accenturemultiversetemplate.ftl]
INFO  info.magnolia.dirwatch.DirectoryWatcher 02.07.2022 23:40:44 -- File resource modified at [C:\Users\j.hurtado.de.moxo\magnolia01\apache-tomcat\webapps\magnoliaPublic\..\..\..\light-modules\project-multiverse-module\templates\pages\accenturemultiversetemplate.ftl]
INFO  info.magnolia.dirwatch.DirectoryWatcher 02.07.2022 23:40:44 -- File resource modified at [C:\Users\j.hurtado.de.moxo\magnolia01\apache-tomcat\webapps\magnoliaPublic\..\..\..\light-modules\project-multiverse-module\templates\pages\accenturemultiversetemplate.ftl]
INFO  info.magnolia.dirwatch.DirectoryWatcher 02.07.2022 23:41:16 -- File resource modified at [C:\Users\j.hurtado.de.moxo\magnolia01\apache-tomcat\webapps\magnoliaPublic\..\..\..\light-modules\project-multiverse-module\templates\pages\accenturemultiversetemplate.ftl]
INFO  info.magnolia.dirwatch.DirectoryWatcher 02.07.2022 23:41:16 -- File resource modified at [C:\Users\j.hurtado.de.moxo\magnolia01\apache-tomcat\webapps\magnoliaPublic\..\..\..\light-modules\project-multiverse-module\templates\pages\accenturemultiversetemplate.ftl]
INFO  info.magnolia.dirwatch.DirectoryWatcher 02.07.2022 23:41:27 -- File resource modified at [C:\Users\j.hurtado.de.moxo\magnolia01\apache-tomcat\webapps\magnoliaPublic\..\..\..\light-modules\project-multiverse-module\templates\pages\accenturemultiversetemplate.ftl]
INFO  info.magnolia.dirwatch.DirectoryWatcher 02.07.2022 23:41:27 -- File resource modified at [C:\Users\j.hurtado.de.moxo\magnolia01\apache-tomcat\webapps\magnoliaPublic\..\..\..\light-modules\project-multiverse-module\templates\pages\accenturemultiversetemplate.ftl]
INFO  info.magnolia.dirwatch.DirectoryWatcher 02.07.2022 23:43:22 -- File resource modified at [C:\Users\j.hurtado.de.moxo\magnolia01\apache-tomcat\webapps\magnoliaPublic\..\..\..\light-modules\project-multiverse-module\templates\pages\accenturemultiversetemplate.ftl]
INFO  info.magnolia.dirwatch.DirectoryWatcher 02.07.2022 23:43:22 -- File resource modified at [C:\Users\j.hurtado.de.moxo\magnolia01\apache-tomcat\webapps\magnoliaPublic\..\..\..\light-modules\project-multiverse-module\templates\pages\accenturemultiversetemplate.ftl]
INFO  info.magnolia.dirwatch.DirectoryWatcher 02.07.2022 23:43:22 -- File resource modified at [C:\Users\j.hurtado.de.moxo\magnolia01\apache-tomcat\webapps\magnoliaPublic\..\..\..\light-modules\project-multiverse-module\templates\pages\accenturemultiversetemplate.ftl]
INFO  info.magnolia.dirwatch.DirectoryWatcher 02.07.2022 23:43:23 -- File resource modified at [C:\Users\j.hurtado.de.moxo\magnolia01\apache-tomcat\webapps\magnoliaPublic\..\..\..\light-modules\project-multiverse-module\templates\pages\accenturemultiversetemplate.ftl]
INFO  info.magnolia.dirwatch.DirectoryWatcher 02.07.2022 23:44:00 -- File resource modified at [C:\Users\j.hurtado.de.moxo\magnolia01\apache-tomcat\webapps\magnoliaPublic\..\..\..\light-modules\project-multiverse-module\templates\pages\mainmultiverse.yaml]
INFO  info.magnolia.config.source.yaml.YamlConfigurationSource 02.07.2022 23:44:00 -- Registered definition from YAML file [/project-multiverse-module/templates/pages/mainmultiverse.yaml]: [template] definition [mainmultiverse] with reference id: [project-multiverse-module:pages/mainmultiverse] from module [project-multiverse-module] at [pages/mainmultiverse]
INFO  info.magnolia.dirwatch.DirectoryWatcher 02.07.2022 23:44:00 -- File resource modified at [C:\Users\j.hurtado.de.moxo\magnolia01\apache-tomcat\webapps\magnoliaPublic\..\..\..\light-modules\project-multiverse-module\templates\pages\mainmultiverse.yaml]
INFO  info.magnolia.config.source.yaml.YamlConfigurationSource 02.07.2022 23:44:00 -- Registered definition from YAML file [/project-multiverse-module/templates/pages/mainmultiverse.yaml]: [template] definition [mainmultiverse] with reference id: [project-multiverse-module:pages/mainmultiverse] from module [project-multiverse-module] at [pages/mainmultiverse]
INFO  info.magnolia.dirwatch.DirectoryWatcher 02.07.2022 23:44:03 -- File resource modified at [C:\Users\j.hurtado.de.moxo\magnolia01\apache-tomcat\webapps\magnoliaPublic\..\..\..\light-modules\project-multiverse-module\templates\pages\mainmultiverse.ftl]
INFO  info.magnolia.dirwatch.DirectoryWatcher 02.07.2022 23:44:10 -- File resource modified at [C:\Users\j.hurtado.de.moxo\magnolia01\apache-tomcat\webapps\magnoliaPublic\..\..\..\light-modules\project-multiverse-module\templates\pages\mainmultiverse.yaml]
INFO  info.magnolia.config.source.yaml.YamlConfigurationSource 02.07.2022 23:44:10 -- Registered definition from YAML file [/project-multiverse-module/templates/pages/mainmultiverse.yaml]: [template] definition [mainmultiverse] with reference id: [project-multiverse-module:pages/mainmultiverse] from module [project-multiverse-module] at [pages/mainmultiverse]
INFO  info.magnolia.dirwatch.DirectoryWatcher 02.07.2022 23:45:20 -- File resource modified at [C:\Users\j.hurtado.de.moxo\magnolia01\apache-tomcat\webapps\magnoliaPublic\..\..\..\light-modules\project-multiverse-module\templates\pages\accenturemultiversetemplate.ftl]
INFO  info.magnolia.dirwatch.DirectoryWatcher 02.07.2022 23:45:20 -- File resource modified at [C:\Users\j.hurtado.de.moxo\magnolia01\apache-tomcat\webapps\magnoliaPublic\..\..\..\light-modules\project-multiverse-module\templates\pages\accenturemultiversetemplate.ftl]
INFO  info.magnolia.dirwatch.DirectoryWatcher 02.07.2022 23:47:13 -- File resource modified at [C:\Users\j.hurtado.de.moxo\magnolia01\apache-tomcat\webapps\magnoliaPublic\..\..\..\light-modules\project-multiverse-module\templates\pages\accenturemultiversetemplate.ftl]
INFO  info.magnolia.dirwatch.DirectoryWatcher 02.07.2022 23:47:13 -- File resource modified at [C:\Users\j.hurtado.de.moxo\magnolia01\apache-tomcat\webapps\magnoliaPublic\..\..\..\light-modules\project-multiverse-module\templates\pages\accenturemultiversetemplate.ftl]
INFO  info.magnolia.dirwatch.DirectoryWatcher 02.07.2022 23:47:40 -- File resource modified at [C:\Users\j.hurtado.de.moxo\magnolia01\apache-tomcat\webapps\magnoliaPublic\..\..\..\light-modules\project-multiverse-module\templates\pages\accenturemultiversetemplate.ftl]
INFO  info.magnolia.dirwatch.DirectoryWatcher 02.07.2022 23:47:40 -- File resource modified at [C:\Users\j.hurtado.de.moxo\magnolia01\apache-tomcat\webapps\magnoliaPublic\..\..\..\light-modules\project-multiverse-module\templates\pages\accenturemultiversetemplate.ftl]
INFO  info.magnolia.dirwatch.DirectoryWatcher 02.07.2022 23:48:22 -- File resource modified at [C:\Users\j.hurtado.de.moxo\magnolia01\apache-tomcat\webapps\magnoliaPublic\..\..\..\light-modules\project-multiverse-module\templates\pages\accenturemultiversetemplate.ftl]
INFO  info.magnolia.dirwatch.DirectoryWatcher 02.07.2022 23:48:22 -- File resource modified at [C:\Users\j.hurtado.de.moxo\magnolia01\apache-tomcat\webapps\magnoliaPublic\..\..\..\light-modules\project-multiverse-module\templates\pages\accenturemultiversetemplate.ftl]
INFO  info.magnolia.dirwatch.DirectoryWatcher 02.07.2022 23:48:30 -- File resource modified at [C:\Users\j.hurtado.de.moxo\magnolia01\apache-tomcat\webapps\magnoliaPublic\..\..\..\light-modules\project-multiverse-module\templates\pages\accenturemultiversetemplate.ftl]
INFO  info.magnolia.dirwatch.DirectoryWatcher 02.07.2022 23:48:30 -- File resource modified at [C:\Users\j.hurtado.de.moxo\magnolia01\apache-tomcat\webapps\magnoliaPublic\..\..\..\light-modules\project-multiverse-module\templates\pages\accenturemultiversetemplate.ftl]
INFO  info.magnolia.dirwatch.DirectoryWatcher 02.07.2022 23:51:19 -- File resource modified at [C:\Users\j.hurtado.de.moxo\magnolia01\apache-tomcat\webapps\magnoliaPublic\..\..\..\light-modules\project-multiverse-module\templates\pages\accenturemultiversetemplate.ftl]
INFO  info.magnolia.dirwatch.DirectoryWatcher 02.07.2022 23:51:19 -- File resource modified at [C:\Users\j.hurtado.de.moxo\magnolia01\apache-tomcat\webapps\magnoliaPublic\..\..\..\light-modules\project-multiverse-module\templates\pages\accenturemultiversetemplate.ftl]
INFO  info.magnolia.dirwatch.DirectoryWatcher 02.07.2022 23:51:50 -- File resource modified at [C:\Users\j.hurtado.de.moxo\magnolia01\apache-tomcat\webapps\magnoliaPublic\..\..\..\light-modules\project-multiverse-module\templates\pages\accenturemultiversetemplate.ftl]
INFO  info.magnolia.dirwatch.DirectoryWatcher 02.07.2022 23:51:50 -- File resource modified at [C:\Users\j.hurtado.de.moxo\magnolia01\apache-tomcat\webapps\magnoliaPublic\..\..\..\light-modules\project-multiverse-module\templates\pages\accenturemultiversetemplate.ftl]
INFO  info.magnolia.module.scheduler.CommandJob 03.07.2022 00:00:00 -- Starting job [cleanTempFiles]... 
INFO  info.magnolia.module.scheduler.CommandJob 03.07.2022 00:00:00 -- Starting job [configScan]... 
INFO  info.magnolia.module.scheduler.CommandJob 03.07.2022 00:00:00 -- Job executed successfully [cleanTempFiles]
INFO  info.magnolia.module.scheduler.CommandJob 03.07.2022 00:00:22 -- Job executed successfully [configScan]
INFO  info.magnolia.module.ModuleManagerImpl 03.07.2022 01:21:37 -- Stopping module rssaggregator
INFO  info.magnolia.module.rssaggregator.RSSAggregator 03.07.2022 01:21:37 -- Removed RSS job '2a968a8d-a408-42ef-9081-23dddd5a03ca'.
INFO  info.magnolia.module.rssaggregator.RSSAggregator 03.07.2022 01:21:37 -- Removed RSS job '0e2e5cb7-dd7c-4ce9-bfa8-3761047f65f2'.
INFO  info.magnolia.module.ModuleManagerImpl 03.07.2022 01:21:37 -- Stopping module javascript-models
INFO  info.magnolia.module.ModuleManagerImpl 03.07.2022 01:21:37 -- Stopping module categorization
INFO  info.magnolia.module.ModuleManagerImpl 03.07.2022 01:21:37 -- Stopping module rest-client
INFO  info.magnolia.rest.client.RestClientProvider 03.07.2022 01:21:37 -- Close all cached RestClients.
INFO  info.magnolia.rest.client.RestClientProvider 03.07.2022 01:21:37 -- Clear all cached RestClients.
INFO  info.magnolia.module.ModuleManagerImpl 03.07.2022 01:21:37 -- Stopping module mail
INFO  info.magnolia.module.ModuleManagerImpl 03.07.2022 01:21:37 -- Stopping module password-manager
INFO  info.magnolia.module.ModuleManagerImpl 03.07.2022 01:21:37 -- Stopping module content-importer
INFO  info.magnolia.module.ModuleManagerImpl 03.07.2022 01:21:37 -- Stopping module ui-admincentral
INFO  info.magnolia.module.ModuleManagerImpl 03.07.2022 01:21:37 -- Stopping module admincentral
INFO  info.magnolia.module.ModuleManagerImpl 03.07.2022 01:21:37 -- Stopping module task-management
INFO  info.magnolia.module.ModuleManagerImpl 03.07.2022 01:21:37 -- Stopping module magnolia-usage-metrics
INFO  info.magnolia.module.ModuleManagerImpl 03.07.2022 01:21:37 -- Stopping module ui-mediaeditor
INFO  info.magnolia.module.ModuleManagerImpl 03.07.2022 01:21:37 -- Stopping module site
INFO  info.magnolia.module.ModuleManagerImpl 03.07.2022 01:21:37 -- Stopping module scheduler
INFO  info.magnolia.module.scheduler.SchedulerModule 03.07.2022 01:21:38 -- Waiting up to 30 seconds for scheduled jobs to stop...
INFO  info.magnolia.module.ModuleManagerImpl 03.07.2022 01:21:39 -- Stopping module ui-framework
INFO  info.magnolia.module.ModuleManagerImpl 03.07.2022 01:21:39 -- Stopping module ui-framework-jcr
INFO  info.magnolia.module.ModuleManagerImpl 03.07.2022 01:21:39 -- Stopping module imaging
INFO  info.magnolia.module.ModuleManagerImpl 03.07.2022 01:21:39 -- Stopping module dam-jcr
INFO  info.magnolia.module.ModuleManagerImpl 03.07.2022 01:21:39 -- Stopping module virtual-uri
INFO  info.magnolia.module.ModuleManagerImpl 03.07.2022 01:21:39 -- Stopping module ui-framework-core
INFO  info.magnolia.module.ModuleManagerImpl 03.07.2022 01:21:39 -- Stopping module rendering
INFO  info.magnolia.module.ModuleManagerImpl 03.07.2022 01:21:39 -- Stopping module periscope-core
INFO  info.magnolia.module.ModuleManagerImpl 03.07.2022 01:21:39 -- Stopping module content-types
INFO  info.magnolia.module.ModuleManagerImpl 03.07.2022 01:21:39 -- Stopping module cache
INFO  info.magnolia.module.cache.AbstractListeningFlushPolicy 03.07.2022 01:21:39 -- Unregistering event listener mapped to key [defaultPageCache:tours:/] 
INFO  info.magnolia.module.cache.AbstractListeningFlushPolicy 03.07.2022 01:21:39 -- Unregistering event listener mapped to key [defaultPageCache:category:/] 
INFO  info.magnolia.module.cache.AbstractListeningFlushPolicy 03.07.2022 01:21:39 -- Unregistering event listener mapped to key [defaultPageCache:resources:/] 
INFO  info.magnolia.module.cache.AbstractListeningFlushPolicy 03.07.2022 01:21:39 -- Unregistering event listener mapped to key [defaultPageCache:scripts:/] 
INFO  info.magnolia.module.cache.AbstractListeningFlushPolicy 03.07.2022 01:21:39 -- Unregistering event listener mapped to key [defaultPageCache:userroles:/] 
INFO  info.magnolia.module.cache.AbstractListeningFlushPolicy 03.07.2022 01:21:39 -- Unregistering event listener mapped to key [defaultPageCache:dam:/] 
INFO  info.magnolia.module.cache.AbstractListeningFlushPolicy 03.07.2022 01:21:39 -- Unregistering event listener mapped to key [defaultPageCache:default:/] 
INFO  info.magnolia.module.cache.AbstractListeningFlushPolicy 03.07.2022 01:21:39 -- Unregistering event listener mapped to key [defaultPageCache:config:/] 
INFO  info.magnolia.module.cache.AbstractListeningFlushPolicy 03.07.2022 01:21:39 -- Unregistering event listener mapped to key [defaultPageCache:events:/] 
INFO  info.magnolia.module.cache.AbstractListeningFlushPolicy 03.07.2022 01:21:39 -- Unregistering event listener mapped to key [defaultPageCache:events10:/] 
INFO  info.magnolia.module.cache.AbstractListeningFlushPolicy 03.07.2022 01:21:39 -- Unregistering event listener mapped to key [defaultPageCache:usergroups:/] 
INFO  info.magnolia.module.cache.AbstractListeningFlushPolicy 03.07.2022 01:21:39 -- Unregistering event listener mapped to key [defaultPageCache:events12:/] 
INFO  info.magnolia.module.cache.AbstractListeningFlushPolicy 03.07.2022 01:21:39 -- Unregistering event listener mapped to key [defaultPageCache:events11:/] 
INFO  info.magnolia.module.cache.AbstractListeningFlushPolicy 03.07.2022 01:21:39 -- Unregistering event listener mapped to key [defaultPageCache:contacts:/] 
INFO  info.magnolia.module.cache.AbstractListeningFlushPolicy 03.07.2022 01:21:39 -- Unregistering event listener mapped to key [defaultPageCache:website:/] 
INFO  info.magnolia.module.cache.AbstractListeningFlushPolicy 03.07.2022 01:21:39 -- Unregistering event listener mapped to key [defaultPageCache:keystore:/] 
INFO  info.magnolia.module.cache.AbstractListeningFlushPolicy 03.07.2022 01:21:39 -- Unregistering event listener mapped to key [defaultPageCache:tasks:/] 
INFO  info.magnolia.module.cache.AbstractListeningFlushPolicy 03.07.2022 01:21:39 -- Unregistering event listener mapped to key [defaultPageCache:rss:/] 
INFO  info.magnolia.module.cache.AbstractListeningFlushPolicy 03.07.2022 01:21:39 -- Unregistering event listener mapped to key [uuid-key-mapping:config:/] 
INFO  info.magnolia.module.cache.AbstractListeningFlushPolicy 03.07.2022 01:21:39 -- Unregistering event listener mapped to key [uuid-key-mapping:dam:/] 
INFO  info.magnolia.module.cache.AbstractListeningFlushPolicy 03.07.2022 01:21:39 -- Unregistering event listener mapped to key [uuid-key-mapping:events10:/] 
INFO  info.magnolia.module.cache.AbstractListeningFlushPolicy 03.07.2022 01:21:39 -- Unregistering event listener mapped to key [uuid-key-mapping:tours:/] 
INFO  info.magnolia.module.cache.AbstractListeningFlushPolicy 03.07.2022 01:21:39 -- Unregistering event listener mapped to key [uuid-key-mapping:events12:/] 
INFO  info.magnolia.module.cache.AbstractListeningFlushPolicy 03.07.2022 01:21:39 -- Unregistering event listener mapped to key [uuid-key-mapping:events11:/] 
INFO  info.magnolia.module.cache.AbstractListeningFlushPolicy 03.07.2022 01:21:39 -- Unregistering event listener mapped to key [uuid-key-mapping:resources:/] 
INFO  info.magnolia.module.cache.AbstractListeningFlushPolicy 03.07.2022 01:21:39 -- Unregistering event listener mapped to key [uuid-key-mapping:category:/] 
INFO  info.magnolia.module.cache.AbstractListeningFlushPolicy 03.07.2022 01:21:39 -- Unregistering event listener mapped to key [uuid-key-mapping:usergroups:/] 
INFO  info.magnolia.module.cache.AbstractListeningFlushPolicy 03.07.2022 01:21:39 -- Unregistering event listener mapped to key [uuid-key-mapping:rss:/] 
INFO  info.magnolia.module.cache.AbstractListeningFlushPolicy 03.07.2022 01:21:39 -- Unregistering event listener mapped to key [uuid-key-mapping:events:/] 
INFO  info.magnolia.module.cache.AbstractListeningFlushPolicy 03.07.2022 01:21:39 -- Unregistering event listener mapped to key [uuid-key-mapping:scripts:/] 
INFO  info.magnolia.module.cache.AbstractListeningFlushPolicy 03.07.2022 01:21:39 -- Unregistering event listener mapped to key [uuid-key-mapping:userroles:/] 
INFO  info.magnolia.module.cache.AbstractListeningFlushPolicy 03.07.2022 01:21:39 -- Unregistering event listener mapped to key [uuid-key-mapping:contacts:/] 
INFO  info.magnolia.module.cache.AbstractListeningFlushPolicy 03.07.2022 01:21:39 -- Unregistering event listener mapped to key [uuid-key-mapping:keystore:/] 
INFO  info.magnolia.module.cache.AbstractListeningFlushPolicy 03.07.2022 01:21:39 -- Unregistering event listener mapped to key [uuid-key-mapping:website:/] 
INFO  info.magnolia.module.cache.AbstractListeningFlushPolicy 03.07.2022 01:21:39 -- Unregistering event listener mapped to key [uuid-key-mapping:default:/] 
INFO  info.magnolia.module.cache.AbstractListeningFlushPolicy 03.07.2022 01:21:39 -- Unregistering event listener mapped to key [uuid-key-mapping:tasks:/] 
DEBUG class org.ehcache.core.Ehcache-defaultPageCache 03.07.2022 01:21:39 -- Close successful.
DEBUG class org.ehcache.core.Ehcache-uuid-key-mapping 03.07.2022 01:21:39 -- Close successful.
INFO  info.magnolia.module.ModuleManagerImpl 03.07.2022 01:21:39 -- Stopping module config
INFO  info.magnolia.dirwatch.DirectoryWatcherService 03.07.2022 01:21:39 -- DirectoryWatcherService terminated.
INFO  info.magnolia.resourceloader.classpath.service.impl.devmode.DevelopmentModeClasspathService 03.07.2022 01:21:39 -- DevelopmentModeClasspathService terminated.
INFO  info.magnolia.module.ModuleManagerImpl 03.07.2022 01:21:39 -- Stopping module rest-integration
INFO  info.magnolia.module.ModuleManagerImpl 03.07.2022 01:21:39 -- Stopping module publishing-core
INFO  info.magnolia.module.ModuleManagerImpl 03.07.2022 01:21:39 -- Stopping module dam
INFO  info.magnolia.repository.DefaultRepositoryManager 03.07.2022 01:21:39 -- Shutting down JCR
INFO  info.magnolia.jackrabbit.ProviderImpl 03.07.2022 01:21:39 -- Shutting down repository bound to 'magnoliaPublic'
WARN  org.apache.jackrabbit.core.session.SessionState 03.07.2022 01:21:39 -- Attempt to close session-163 after it has already been closed. Please review your code for proper session management.
java.lang.Exception: Stack trace of the duplicate attempt to close session-163
	at org.apache.jackrabbit.core.session.SessionState.close(SessionState.java:280) ~[jackrabbit-core-2.20.4.jar:2.20.4]
	at org.apache.jackrabbit.core.SessionImpl.logout(SessionImpl.java:983) ~[jackrabbit-core-2.20.4.jar:2.20.4]
	at org.apache.jackrabbit.core.XASessionImpl.logout(XASessionImpl.java:394) ~[jackrabbit-core-2.20.4.jar:2.20.4]
	at org.apache.jackrabbit.core.security.user.UserManagerImpl.loggedOut(UserManagerImpl.java:1166) ~[jackrabbit-core-2.20.4.jar:2.20.4]
	at org.apache.jackrabbit.core.SessionImpl.notifyLoggedOut(SessionImpl.java:567) ~[jackrabbit-core-2.20.4.jar:2.20.4]
	at org.apache.jackrabbit.core.SessionImpl.logout(SessionImpl.java:1021) ~[jackrabbit-core-2.20.4.jar:2.20.4]
	at org.apache.jackrabbit.core.RepositoryImpl$WorkspaceInfo.doDispose(RepositoryImpl.java:2243) ~[jackrabbit-core-2.20.4.jar:2.20.4]
	at org.apache.jackrabbit.core.RepositoryImpl$WorkspaceInfo.dispose(RepositoryImpl.java:2197) ~[jackrabbit-core-2.20.4.jar:2.20.4]
	at org.apache.jackrabbit.core.RepositoryImpl.doShutdown(RepositoryImpl.java:1124) ~[jackrabbit-core-2.20.4.jar:2.20.4]
	at org.apache.jackrabbit.core.RepositoryImpl.shutdown(RepositoryImpl.java:1075) ~[jackrabbit-core-2.20.4.jar:2.20.4]
	at org.apache.jackrabbit.core.jndi.BindableRepository.shutdown(BindableRepository.java:259) ~[jackrabbit-core-2.20.4.jar:2.20.4]
	at org.apache.jackrabbit.core.jndi.RegistryHelper.unregisterRepository(RegistryHelper.java:94) ~[jackrabbit-core-2.20.4.jar:2.20.4]
	at info.magnolia.jackrabbit.ProviderImpl.shutdownRepository(ProviderImpl.java:268) ~[magnolia-core-6.2.20.jar:?]
	at info.magnolia.repository.DefaultRepositoryManager.shutdown(DefaultRepositoryManager.java:133) ~[magnolia-core-6.2.20.jar:?]
	at info.magnolia.cms.beans.config.ConfigLoader.unload(ConfigLoader.java:106) ~[magnolia-core-6.2.20.jar:?]
	at info.magnolia.init.MagnoliaServletContextListener$2.doExec(MagnoliaServletContextListener.java:269) ~[magnolia-core-6.2.20.jar:?]
	at info.magnolia.context.MgnlContext$VoidOp.exec(MgnlContext.java:407) ~[magnolia-core-6.2.20.jar:?]
	at info.magnolia.context.MgnlContext$VoidOp.exec(MgnlContext.java:404) ~[magnolia-core-6.2.20.jar:?]
	at info.magnolia.context.MgnlContext.doInSystemContext(MgnlContext.java:378) ~[magnolia-core-6.2.20.jar:?]
	at info.magnolia.init.MagnoliaServletContextListener.stopServer(MagnoliaServletContextListener.java:266) ~[magnolia-core-6.2.20.jar:?]
	at info.magnolia.init.MagnoliaServletContextListener.contextDestroyed(MagnoliaServletContextListener.java:206) ~[magnolia-core-6.2.20.jar:?]
	at org.apache.catalina.core.StandardContext.listenerStop(StandardContext.java:4816) ~[catalina.jar:9.0.64]
	at org.apache.catalina.core.StandardContext.stopInternal(StandardContext.java:5477) ~[catalina.jar:9.0.64]
	at org.apache.catalina.util.LifecycleBase.stop(LifecycleBase.java:257) ~[catalina.jar:9.0.64]
	at org.apache.catalina.core.ContainerBase$StopChild.call(ContainerBase.java:1412) ~[catalina.jar:9.0.64]
	at org.apache.catalina.core.ContainerBase$StopChild.call(ContainerBase.java:1401) ~[catalina.jar:9.0.64]
	at java.util.concurrent.FutureTask.run(FutureTask.java:264) ~[?:?]
	at org.apache.tomcat.util.threads.InlineExecutorService.execute(InlineExecutorService.java:75) ~[tomcat-util.jar:9.0.64]
	at java.util.concurrent.AbstractExecutorService.submit(AbstractExecutorService.java:140) ~[?:?]
	at org.apache.catalina.core.ContainerBase.stopInternal(ContainerBase.java:986) ~[catalina.jar:9.0.64]
	at org.apache.catalina.util.LifecycleBase.stop(LifecycleBase.java:257) ~[catalina.jar:9.0.64]
	at org.apache.catalina.core.ContainerBase$StopChild.call(ContainerBase.java:1412) ~[catalina.jar:9.0.64]
	at org.apache.catalina.core.ContainerBase$StopChild.call(ContainerBase.java:1401) ~[catalina.jar:9.0.64]
	at java.util.concurrent.FutureTask.run(FutureTask.java:264) ~[?:?]
	at org.apache.tomcat.util.threads.InlineExecutorService.execute(InlineExecutorService.java:75) ~[tomcat-util.jar:9.0.64]
	at java.util.concurrent.AbstractExecutorService.submit(AbstractExecutorService.java:140) ~[?:?]
	at org.apache.catalina.core.ContainerBase.stopInternal(ContainerBase.java:986) ~[catalina.jar:9.0.64]
	at org.apache.catalina.util.LifecycleBase.stop(LifecycleBase.java:257) ~[catalina.jar:9.0.64]
	at org.apache.catalina.core.StandardService.stopInternal(StandardService.java:497) ~[catalina.jar:9.0.64]
	at org.apache.catalina.util.LifecycleBase.stop(LifecycleBase.java:257) ~[catalina.jar:9.0.64]
	at org.apache.catalina.core.StandardServer.stopInternal(StandardServer.java:982) ~[catalina.jar:9.0.64]
	at org.apache.catalina.util.LifecycleBase.stop(LifecycleBase.java:257) ~[catalina.jar:9.0.64]
	at org.apache.catalina.startup.Catalina.stop(Catalina.java:849) ~[catalina.jar:9.0.64]
	at org.apache.catalina.startup.Catalina.start(Catalina.java:811) ~[catalina.jar:9.0.64]
	at jdk.internal.reflect.NativeMethodAccessorImpl.invoke0(Native Method) ~[?:?]
	at jdk.internal.reflect.NativeMethodAccessorImpl.invoke(NativeMethodAccessorImpl.java:62) ~[?:?]
	at jdk.internal.reflect.DelegatingMethodAccessorImpl.invoke(DelegatingMethodAccessorImpl.java:43) ~[?:?]
	at java.lang.reflect.Method.invoke(Method.java:566) ~[?:?]
	at org.apache.catalina.startup.Bootstrap.start(Bootstrap.java:345) ~[bootstrap.jar:9.0.64]
	at org.apache.catalina.startup.Bootstrap.main(Bootstrap.java:476) ~[bootstrap.jar:9.0.64]
WARN  org.apache.jackrabbit.core.session.SessionState 03.07.2022 01:21:40 -- session-163 has already been closed. See the attached exception for a trace of where this session was closed.
java.lang.Exception: Stack trace of  where session-163 was originally closed
	at org.apache.jackrabbit.core.session.SessionState.close(SessionState.java:275) ~[jackrabbit-core-2.20.4.jar:2.20.4]
	at org.apache.jackrabbit.core.SessionImpl.logout(SessionImpl.java:983) ~[jackrabbit-core-2.20.4.jar:2.20.4]
	at org.apache.jackrabbit.core.XASessionImpl.logout(XASessionImpl.java:394) ~[jackrabbit-core-2.20.4.jar:2.20.4]
	at org.apache.jackrabbit.core.RepositoryImpl.doShutdown(RepositoryImpl.java:1112) ~[jackrabbit-core-2.20.4.jar:2.20.4]
	at org.apache.jackrabbit.core.RepositoryImpl.shutdown(RepositoryImpl.java:1075) ~[jackrabbit-core-2.20.4.jar:2.20.4]
	at org.apache.jackrabbit.core.jndi.BindableRepository.shutdown(BindableRepository.java:259) ~[jackrabbit-core-2.20.4.jar:2.20.4]
	at org.apache.jackrabbit.core.jndi.RegistryHelper.unregisterRepository(RegistryHelper.java:94) ~[jackrabbit-core-2.20.4.jar:2.20.4]
	at info.magnolia.jackrabbit.ProviderImpl.shutdownRepository(ProviderImpl.java:268) ~[magnolia-core-6.2.20.jar:?]
	at info.magnolia.repository.DefaultRepositoryManager.shutdown(DefaultRepositoryManager.java:133) ~[magnolia-core-6.2.20.jar:?]
	at info.magnolia.cms.beans.config.ConfigLoader.unload(ConfigLoader.java:106) ~[magnolia-core-6.2.20.jar:?]
	at info.magnolia.init.MagnoliaServletContextListener$2.doExec(MagnoliaServletContextListener.java:269) ~[magnolia-core-6.2.20.jar:?]
	at info.magnolia.context.MgnlContext$VoidOp.exec(MgnlContext.java:407) ~[magnolia-core-6.2.20.jar:?]
	at info.magnolia.context.MgnlContext$VoidOp.exec(MgnlContext.java:404) ~[magnolia-core-6.2.20.jar:?]
	at info.magnolia.context.MgnlContext.doInSystemContext(MgnlContext.java:378) ~[magnolia-core-6.2.20.jar:?]
	at info.magnolia.init.MagnoliaServletContextListener.stopServer(MagnoliaServletContextListener.java:266) ~[magnolia-core-6.2.20.jar:?]
	at info.magnolia.init.MagnoliaServletContextListener.contextDestroyed(MagnoliaServletContextListener.java:206) ~[magnolia-core-6.2.20.jar:?]
	at org.apache.catalina.core.StandardContext.listenerStop(StandardContext.java:4816) ~[catalina.jar:9.0.64]
	at org.apache.catalina.core.StandardContext.stopInternal(StandardContext.java:5477) ~[catalina.jar:9.0.64]
	at org.apache.catalina.util.LifecycleBase.stop(LifecycleBase.java:257) ~[catalina.jar:9.0.64]
	at org.apache.catalina.core.ContainerBase$StopChild.call(ContainerBase.java:1412) ~[catalina.jar:9.0.64]
	at org.apache.catalina.core.ContainerBase$StopChild.call(ContainerBase.java:1401) ~[catalina.jar:9.0.64]
	at java.util.concurrent.FutureTask.run(FutureTask.java:264) ~[?:?]
	at org.apache.tomcat.util.threads.InlineExecutorService.execute(InlineExecutorService.java:75) ~[tomcat-util.jar:9.0.64]
	at java.util.concurrent.AbstractExecutorService.submit(AbstractExecutorService.java:140) ~[?:?]
	at org.apache.catalina.core.ContainerBase.stopInternal(ContainerBase.java:986) ~[catalina.jar:9.0.64]
	at org.apache.catalina.util.LifecycleBase.stop(LifecycleBase.java:257) ~[catalina.jar:9.0.64]
	at org.apache.catalina.core.ContainerBase$StopChild.call(ContainerBase.java:1412) ~[catalina.jar:9.0.64]
	at org.apache.catalina.core.ContainerBase$StopChild.call(ContainerBase.java:1401) ~[catalina.jar:9.0.64]
	at java.util.concurrent.FutureTask.run(FutureTask.java:264) ~[?:?]
	at org.apache.tomcat.util.threads.InlineExecutorService.execute(InlineExecutorService.java:75) ~[tomcat-util.jar:9.0.64]
	at java.util.concurrent.AbstractExecutorService.submit(AbstractExecutorService.java:140) ~[?:?]
	at org.apache.catalina.core.ContainerBase.stopInternal(ContainerBase.java:986) ~[catalina.jar:9.0.64]
	at org.apache.catalina.util.LifecycleBase.stop(LifecycleBase.java:257) ~[catalina.jar:9.0.64]
	at org.apache.catalina.core.StandardService.stopInternal(StandardService.java:497) ~[catalina.jar:9.0.64]
	at org.apache.catalina.util.LifecycleBase.stop(LifecycleBase.java:257) ~[catalina.jar:9.0.64]
	at org.apache.catalina.core.StandardServer.stopInternal(StandardServer.java:982) ~[catalina.jar:9.0.64]
	at org.apache.catalina.util.LifecycleBase.stop(LifecycleBase.java:257) ~[catalina.jar:9.0.64]
	at org.apache.catalina.startup.Catalina.stop(Catalina.java:849) ~[catalina.jar:9.0.64]
	at org.apache.catalina.startup.Catalina.start(Catalina.java:811) ~[catalina.jar:9.0.64]
	at jdk.internal.reflect.NativeMethodAccessorImpl.invoke0(Native Method) ~[?:?]
	at jdk.internal.reflect.NativeMethodAccessorImpl.invoke(NativeMethodAccessorImpl.java:62) ~[?:?]
	at jdk.internal.reflect.DelegatingMethodAccessorImpl.invoke(DelegatingMethodAccessorImpl.java:43) ~[?:?]
	at java.lang.reflect.Method.invoke(Method.java:566) ~[?:?]
	at org.apache.catalina.startup.Bootstrap.start(Bootstrap.java:345) ~[bootstrap.jar:9.0.64]
	at org.apache.catalina.startup.Bootstrap.main(Bootstrap.java:476) ~[bootstrap.jar:9.0.64]
