ERROR info.magnolia.config.source.yaml.YamlConfigurationSource 22.06.2022 16:49:51 -- 1 severe problems have been encountered:
ERROR info.magnolia.config.source.yaml.YamlConfigurationSource 22.06.2022 16:49:51 -- 
Severity type:   SEVERE 
Title:           /: [Definition resolution] - Parsing configuration data from [/my-training-module/dialogs/components/banner.yaml] failed 
Problem details: Failed to parse YAML file:
Parser: while parsing a block mapping
 in 'reader', line 4, column 5:
        title:
        ^
expected <block end>, but found '<block mapping start>'
 in 'reader', line 14, column 6:
         image: !include:/my-training-mod ... 
         ^

info.magnolia.config.source.yaml.YamlReaderException: YAML parsing error in LayeredResource{path='/my-training-module/dialogs/components/banner.yaml', layeredResources=[FileSystemResource{origin=filesystem,path=/my-training-module/dialogs/components/banner.yaml,file}]} at line 13, column 5:
         image: !include:/my-training-mod ... 
         ^: expected <block end>, but found '<block mapping start>'
	at info.magnolia.config.source.yaml.YamlReader.doReadWithDependencies(YamlReader.java:110) ~[magnolia-configuration-6.2.20.jar:?]
	at info.magnolia.config.source.yaml.YamlReader.readWithDependencies(YamlReader.java:100) ~[magnolia-configuration-6.2.20.jar:?]
	at info.magnolia.config.source.yaml.YamlReader.readWithDependencies(YamlReader.java:96) ~[magnolia-configuration-6.2.20.jar:?]
	at info.magnolia.config.source.yaml.YamlDefinitionProvider.resolve(YamlDefinitionProvider.java:194) ~[magnolia-configuration-6.2.20.jar:?]
	at info.magnolia.config.source.yaml.YamlDefinitionProvider.getDelegate(YamlDefinitionProvider.java:155) ~[magnolia-configuration-6.2.20.jar:?]
	at info.magnolia.config.registry.AbstractDefinitionProviderWrapper.getMetadata(AbstractDefinitionProviderWrapper.java:56) ~[magnolia-configuration-6.2.20.jar:?]
	at info.magnolia.config.registry.RegistryMap.asStringKey(RegistryMap.java:183) ~[magnolia-configuration-6.2.20.jar:?]
	at info.magnolia.config.registry.RegistryMap.put(RegistryMap.java:98) ~[magnolia-configuration-6.2.20.jar:?]
	at info.magnolia.config.registry.AbstractRegistry.register(AbstractRegistry.java:87) ~[magnolia-configuration-6.2.20.jar:?]
	at info.magnolia.config.source.yaml.YamlConfigurationSource.loadAndRegister(YamlConfigurationSource.java:143) ~[magnolia-configuration-6.2.20.jar:?]
	at info.magnolia.config.source.yaml.AbstractFileResourceConfigurationSource.lambda$start$2(AbstractFileResourceConfigurationSource.java:162) ~[magnolia-configuration-6.2.20.jar:?]
	at info.magnolia.resourceloader.layered.LayeredResourceOrigin$RelayingChangeHandler.onResourceChanged(LayeredResourceOrigin.java:284) ~[magnolia-resource-loader-6.2.20.jar:?]
	at info.magnolia.resourceloader.AbstractResourceOrigin.dispatchResourceChange(AbstractResourceOrigin.java:132) ~[magnolia-resource-loader-6.2.20.jar:?]
	at info.magnolia.resourceloader.file.FileWatcherCallback.dispatchResourceChange(FileWatcherCallback.java:118) ~[magnolia-resource-loader-6.2.20.jar:?]
	at info.magnolia.resourceloader.file.FileWatcherCallback.modified(FileWatcherCallback.java:89) ~[magnolia-resource-loader-6.2.20.jar:?]
	at info.magnolia.dirwatch.DirectoryWatcher.processEvent(DirectoryWatcher.java:303) ~[magnolia-resource-loader-6.2.20.jar:?]
	at info.magnolia.dirwatch.DirectoryWatcher.run(DirectoryWatcher.java:247) ~[magnolia-resource-loader-6.2.20.jar:?]
	at java.util.concurrent.Executors$RunnableAdapter.call(Executors.java:515) ~[?:?]
	at java.util.concurrent.FutureTask.run(FutureTask.java:264) ~[?:?]
	at java.util.concurrent.ThreadPoolExecutor.runWorker(ThreadPoolExecutor.java:1128) ~[?:?]
	at java.util.concurrent.ThreadPoolExecutor$Worker.run(ThreadPoolExecutor.java:628) ~[?:?]
	at java.lang.Thread.run(Thread.java:834) ~[?:?]
Caused by: org.yaml.snakeyaml.parser.ParserException: while parsing a block mapping
 in 'reader', line 4, column 5:
        title:
        ^
expected <block end>, but found '<block mapping start>'
 in 'reader', line 14, column 6:
         image: !include:/my-training-mod ... 
         ^

	at org.yaml.snakeyaml.parser.ParserImpl$ParseBlockMappingKey.produce(ParserImpl.java:572) ~[snakeyaml-1.26.jar:?]
	at org.yaml.snakeyaml.parser.ParserImpl.peekEvent(ParserImpl.java:158) ~[snakeyaml-1.26.jar:?]
	at org.yaml.snakeyaml.parser.ParserImpl.checkEvent(ParserImpl.java:148) ~[snakeyaml-1.26.jar:?]
	at org.yaml.snakeyaml.composer.Composer.composeMappingNode(Composer.java:235) ~[snakeyaml-1.26.jar:?]
	at org.yaml.snakeyaml.composer.Composer.composeNode(Composer.java:162) ~[snakeyaml-1.26.jar:?]
	at org.yaml.snakeyaml.composer.Composer.composeValueNode(Composer.java:257) ~[snakeyaml-1.26.jar:?]
	at org.yaml.snakeyaml.composer.Composer.composeMappingChildren(Composer.java:248) ~[snakeyaml-1.26.jar:?]
	at org.yaml.snakeyaml.composer.Composer.composeMappingNode(Composer.java:236) ~[snakeyaml-1.26.jar:?]
	at org.yaml.snakeyaml.composer.Composer.composeNode(Composer.java:162) ~[snakeyaml-1.26.jar:?]
	at org.yaml.snakeyaml.composer.Composer.composeValueNode(Composer.java:257) ~[snakeyaml-1.26.jar:?]
	at org.yaml.snakeyaml.composer.Composer.composeMappingChildren(Composer.java:248) ~[snakeyaml-1.26.jar:?]
	at org.yaml.snakeyaml.composer.Composer.composeMappingNode(Composer.java:236) ~[snakeyaml-1.26.jar:?]
	at org.yaml.snakeyaml.composer.Composer.composeNode(Composer.java:162) ~[snakeyaml-1.26.jar:?]
	at org.yaml.snakeyaml.composer.Composer.getNode(Composer.java:95) ~[snakeyaml-1.26.jar:?]
	at org.yaml.snakeyaml.composer.Composer.getSingleNode(Composer.java:119) ~[snakeyaml-1.26.jar:?]
	at org.yaml.snakeyaml.constructor.BaseConstructor.getSingleData(BaseConstructor.java:150) ~[snakeyaml-1.26.jar:?]
	at org.yaml.snakeyaml.Yaml.loadFromReader(Yaml.java:472) ~[snakeyaml-1.26.jar:?]
	at org.yaml.snakeyaml.Yaml.load(Yaml.java:424) ~[snakeyaml-1.26.jar:?]
	at info.magnolia.config.source.yaml.YamlReader.doReadWithDependencies(YamlReader.java:108) ~[magnolia-configuration-6.2.20.jar:?]
	... 21 more
ERROR info.magnolia.config.source.yaml.YamlConfigurationSource 22.06.2022 16:49:52 -- 1 severe problems have been encountered:
ERROR info.magnolia.config.source.yaml.YamlConfigurationSource 22.06.2022 16:49:52 -- 
Severity type:   SEVERE 
Title:           /: [Definition resolution] - Parsing configuration data from [/my-training-module/dialogs/components/banner.yaml] failed 
Problem details: Failed to parse YAML file:
Parser: while parsing a block mapping
 in 'reader', line 4, column 5:
        title:
        ^
expected <block end>, but found '<block mapping start>'
 in 'reader', line 14, column 6:
         image: !include:/my-training-mod ... 
         ^

info.magnolia.config.source.yaml.YamlReaderException: YAML parsing error in LayeredResource{path='/my-training-module/dialogs/components/banner.yaml', layeredResources=[FileSystemResource{origin=filesystem,path=/my-training-module/dialogs/components/banner.yaml,file}]} at line 13, column 5:
         image: !include:/my-training-mod ... 
         ^: expected <block end>, but found '<block mapping start>'
	at info.magnolia.config.source.yaml.YamlReader.doReadWithDependencies(YamlReader.java:110) ~[magnolia-configuration-6.2.20.jar:?]
	at info.magnolia.config.source.yaml.YamlReader.readWithDependencies(YamlReader.java:100) ~[magnolia-configuration-6.2.20.jar:?]
	at info.magnolia.config.source.yaml.YamlReader.readWithDependencies(YamlReader.java:96) ~[magnolia-configuration-6.2.20.jar:?]
	at info.magnolia.config.source.yaml.YamlDefinitionProvider.resolve(YamlDefinitionProvider.java:194) ~[magnolia-configuration-6.2.20.jar:?]
	at info.magnolia.config.source.yaml.YamlDefinitionProvider.getDelegate(YamlDefinitionProvider.java:155) ~[magnolia-configuration-6.2.20.jar:?]
	at info.magnolia.config.registry.AbstractDefinitionProviderWrapper.getMetadata(AbstractDefinitionProviderWrapper.java:56) ~[magnolia-configuration-6.2.20.jar:?]
	at info.magnolia.config.registry.RegistryMap.asStringKey(RegistryMap.java:183) ~[magnolia-configuration-6.2.20.jar:?]
	at info.magnolia.config.registry.RegistryMap.put(RegistryMap.java:98) ~[magnolia-configuration-6.2.20.jar:?]
	at info.magnolia.config.registry.AbstractRegistry.register(AbstractRegistry.java:87) ~[magnolia-configuration-6.2.20.jar:?]
	at info.magnolia.config.source.yaml.YamlConfigurationSource.loadAndRegister(YamlConfigurationSource.java:143) ~[magnolia-configuration-6.2.20.jar:?]
	at info.magnolia.config.source.yaml.AbstractFileResourceConfigurationSource.lambda$start$2(AbstractFileResourceConfigurationSource.java:162) ~[magnolia-configuration-6.2.20.jar:?]
	at info.magnolia.resourceloader.layered.LayeredResourceOrigin$RelayingChangeHandler.onResourceChanged(LayeredResourceOrigin.java:284) ~[magnolia-resource-loader-6.2.20.jar:?]
	at info.magnolia.resourceloader.AbstractResourceOrigin.dispatchResourceChange(AbstractResourceOrigin.java:132) ~[magnolia-resource-loader-6.2.20.jar:?]
	at info.magnolia.resourceloader.file.FileWatcherCallback.dispatchResourceChange(FileWatcherCallback.java:118) ~[magnolia-resource-loader-6.2.20.jar:?]
	at info.magnolia.resourceloader.file.FileWatcherCallback.modified(FileWatcherCallback.java:89) ~[magnolia-resource-loader-6.2.20.jar:?]
	at info.magnolia.dirwatch.DirectoryWatcher.processEvent(DirectoryWatcher.java:303) ~[magnolia-resource-loader-6.2.20.jar:?]
	at info.magnolia.dirwatch.DirectoryWatcher.run(DirectoryWatcher.java:247) ~[magnolia-resource-loader-6.2.20.jar:?]
	at java.util.concurrent.Executors$RunnableAdapter.call(Executors.java:515) ~[?:?]
	at java.util.concurrent.FutureTask.run(FutureTask.java:264) ~[?:?]
	at java.util.concurrent.ThreadPoolExecutor.runWorker(ThreadPoolExecutor.java:1128) ~[?:?]
	at java.util.concurrent.ThreadPoolExecutor$Worker.run(ThreadPoolExecutor.java:628) ~[?:?]
	at java.lang.Thread.run(Thread.java:834) ~[?:?]
Caused by: org.yaml.snakeyaml.parser.ParserException: while parsing a block mapping
 in 'reader', line 4, column 5:
        title:
        ^
expected <block end>, but found '<block mapping start>'
 in 'reader', line 14, column 6:
         image: !include:/my-training-mod ... 
         ^

	at org.yaml.snakeyaml.parser.ParserImpl$ParseBlockMappingKey.produce(ParserImpl.java:572) ~[snakeyaml-1.26.jar:?]
	at org.yaml.snakeyaml.parser.ParserImpl.peekEvent(ParserImpl.java:158) ~[snakeyaml-1.26.jar:?]
	at org.yaml.snakeyaml.parser.ParserImpl.checkEvent(ParserImpl.java:148) ~[snakeyaml-1.26.jar:?]
	at org.yaml.snakeyaml.composer.Composer.composeMappingNode(Composer.java:235) ~[snakeyaml-1.26.jar:?]
	at org.yaml.snakeyaml.composer.Composer.composeNode(Composer.java:162) ~[snakeyaml-1.26.jar:?]
	at org.yaml.snakeyaml.composer.Composer.composeValueNode(Composer.java:257) ~[snakeyaml-1.26.jar:?]
	at org.yaml.snakeyaml.composer.Composer.composeMappingChildren(Composer.java:248) ~[snakeyaml-1.26.jar:?]
	at org.yaml.snakeyaml.composer.Composer.composeMappingNode(Composer.java:236) ~[snakeyaml-1.26.jar:?]
	at org.yaml.snakeyaml.composer.Composer.composeNode(Composer.java:162) ~[snakeyaml-1.26.jar:?]
	at org.yaml.snakeyaml.composer.Composer.composeValueNode(Composer.java:257) ~[snakeyaml-1.26.jar:?]
	at org.yaml.snakeyaml.composer.Composer.composeMappingChildren(Composer.java:248) ~[snakeyaml-1.26.jar:?]
	at org.yaml.snakeyaml.composer.Composer.composeMappingNode(Composer.java:236) ~[snakeyaml-1.26.jar:?]
	at org.yaml.snakeyaml.composer.Composer.composeNode(Composer.java:162) ~[snakeyaml-1.26.jar:?]
	at org.yaml.snakeyaml.composer.Composer.getNode(Composer.java:95) ~[snakeyaml-1.26.jar:?]
	at org.yaml.snakeyaml.composer.Composer.getSingleNode(Composer.java:119) ~[snakeyaml-1.26.jar:?]
	at org.yaml.snakeyaml.constructor.BaseConstructor.getSingleData(BaseConstructor.java:150) ~[snakeyaml-1.26.jar:?]
	at org.yaml.snakeyaml.Yaml.loadFromReader(Yaml.java:472) ~[snakeyaml-1.26.jar:?]
	at org.yaml.snakeyaml.Yaml.load(Yaml.java:424) ~[snakeyaml-1.26.jar:?]
	at info.magnolia.config.source.yaml.YamlReader.doReadWithDependencies(YamlReader.java:108) ~[magnolia-configuration-6.2.20.jar:?]
	... 21 more
