07-Jul-2022 01:17:27.003 INFO [Thread-14] org.apache.coyote.AbstractProtocol.pause Pausing ProtocolHandler ["http-nio-8080"]
07-Jul-2022 01:17:27.060 INFO [Thread-14] org.apache.catalina.core.StandardService.stopInternal Parando servicio [Catalina]
07-Jul-2022 01:17:27.119 INFO [Thread-14] org.atmosphere.util.ForkJoinPool.<init> Using ForkJoinPool  java.util.concurrent.ForkJoinPool. Set the org.atmosphere.cpr.broadcaster.maxAsyncWriteThreads to -1 to fully use its power.
07-Jul-2022 01:17:27.121 WARNING [Thread-14] org.atmosphere.cpr.DefaultBroadcaster.addAtmosphereResource AtmosphereResource 4f83e07f-8759-477a-bc64-be882af9412d is not suspended. If cached messages exists, this may cause unexpected situation. Suspend first
07-Jul-2022 01:17:28.616 WARNING [Thread-14] org.apache.catalina.loader.WebappClassLoaderBase.clearReferencesJdbc La aplicación web [magnoliaAuthor] registró el conductor JDBC [org.h2.Driver] pero falló al anular el registro mientras la aplicación web estaba parada. Para prevenir un fallo de memoria, se ha anulado el registro del conductor JDBC por la fuerza.
07-Jul-2022 01:17:28.617 WARNING [Thread-14] org.apache.catalina.loader.WebappClassLoaderBase.clearReferencesThreads The web application [magnoliaAuthor] appears to have started a thread named [FileSystemWatchService] but has failed to stop it. This is very likely to create a memory leak. Stack trace of thread:
 java.base@11.0.15/sun.nio.fs.WindowsNativeDispatcher.GetQueuedCompletionStatus0(Native Method)
 java.base@11.0.15/sun.nio.fs.WindowsNativeDispatcher.GetQueuedCompletionStatus(WindowsNativeDispatcher.java:1036)
 java.base@11.0.15/sun.nio.fs.WindowsWatchService$Poller.run(WindowsWatchService.java:587)
 java.base@11.0.15/java.lang.Thread.run(Thread.java:834)
07-Jul-2022 01:17:28.617 WARNING [Thread-14] org.apache.catalina.loader.WebappClassLoaderBase.clearReferencesThreads The web application [magnoliaAuthor] appears to have started a thread named [pool-11-thread-1] but has failed to stop it. This is very likely to create a memory leak. Stack trace of thread:
 java.base@11.0.15/jdk.internal.misc.Unsafe.park(Native Method)
 java.base@11.0.15/java.util.concurrent.locks.LockSupport.park(LockSupport.java:194)
 java.base@11.0.15/java.util.concurrent.locks.AbstractQueuedSynchronizer$ConditionObject.await(AbstractQueuedSynchronizer.java:2081)
 java.base@11.0.15/java.util.concurrent.LinkedBlockingQueue.take(LinkedBlockingQueue.java:433)
 java.base@11.0.15/java.util.concurrent.ThreadPoolExecutor.getTask(ThreadPoolExecutor.java:1054)
 java.base@11.0.15/java.util.concurrent.ThreadPoolExecutor.runWorker(ThreadPoolExecutor.java:1114)
 java.base@11.0.15/java.util.concurrent.ThreadPoolExecutor$Worker.run(ThreadPoolExecutor.java:628)
 java.base@11.0.15/java.lang.Thread.run(Thread.java:834)
07-Jul-2022 01:17:28.618 WARNING [Thread-14] org.apache.catalina.loader.WebappClassLoaderBase.clearReferencesThreads The web application [magnoliaAuthor] appears to have started a thread named [pool-12-thread-1] but has failed to stop it. This is very likely to create a memory leak. Stack trace of thread:
 java.base@11.0.15/jdk.internal.misc.Unsafe.park(Native Method)
 java.base@11.0.15/java.util.concurrent.locks.LockSupport.park(LockSupport.java:194)
 java.base@11.0.15/java.util.concurrent.locks.AbstractQueuedSynchronizer$ConditionObject.await(AbstractQueuedSynchronizer.java:2081)
 java.base@11.0.15/java.util.concurrent.LinkedBlockingQueue.take(LinkedBlockingQueue.java:433)
 java.base@11.0.15/java.util.concurrent.ThreadPoolExecutor.getTask(ThreadPoolExecutor.java:1054)
 java.base@11.0.15/java.util.concurrent.ThreadPoolExecutor.runWorker(ThreadPoolExecutor.java:1114)
 java.base@11.0.15/java.util.concurrent.ThreadPoolExecutor$Worker.run(ThreadPoolExecutor.java:628)
 java.base@11.0.15/java.lang.Thread.run(Thread.java:834)
07-Jul-2022 01:17:28.618 WARNING [Thread-14] org.apache.catalina.loader.WebappClassLoaderBase.clearReferencesThreads The web application [magnoliaAuthor] appears to have started a thread named [pool-13-thread-1] but has failed to stop it. This is very likely to create a memory leak. Stack trace of thread:
 java.base@11.0.15/jdk.internal.misc.Unsafe.park(Native Method)
 java.base@11.0.15/java.util.concurrent.locks.LockSupport.park(LockSupport.java:194)
 java.base@11.0.15/java.util.concurrent.locks.AbstractQueuedSynchronizer$ConditionObject.await(AbstractQueuedSynchronizer.java:2081)
 java.base@11.0.15/java.util.concurrent.LinkedBlockingQueue.take(LinkedBlockingQueue.java:433)
 java.base@11.0.15/java.util.concurrent.ThreadPoolExecutor.getTask(ThreadPoolExecutor.java:1054)
 java.base@11.0.15/java.util.concurrent.ThreadPoolExecutor.runWorker(ThreadPoolExecutor.java:1114)
 java.base@11.0.15/java.util.concurrent.ThreadPoolExecutor$Worker.run(ThreadPoolExecutor.java:628)
 java.base@11.0.15/java.lang.Thread.run(Thread.java:834)
07-Jul-2022 01:17:28.619 WARNING [Thread-14] org.apache.catalina.loader.WebappClassLoaderBase.clearReferencesThreads The web application [magnoliaAuthor] appears to have started a thread named [pool-14-thread-1] but has failed to stop it. This is very likely to create a memory leak. Stack trace of thread:
 java.base@11.0.15/jdk.internal.misc.Unsafe.park(Native Method)
 java.base@11.0.15/java.util.concurrent.locks.LockSupport.park(LockSupport.java:194)
 java.base@11.0.15/java.util.concurrent.locks.AbstractQueuedSynchronizer$ConditionObject.await(AbstractQueuedSynchronizer.java:2081)
 java.base@11.0.15/java.util.concurrent.LinkedBlockingQueue.take(LinkedBlockingQueue.java:433)
 java.base@11.0.15/java.util.concurrent.ThreadPoolExecutor.getTask(ThreadPoolExecutor.java:1054)
 java.base@11.0.15/java.util.concurrent.ThreadPoolExecutor.runWorker(ThreadPoolExecutor.java:1114)
 java.base@11.0.15/java.util.concurrent.ThreadPoolExecutor$Worker.run(ThreadPoolExecutor.java:628)
 java.base@11.0.15/java.lang.Thread.run(Thread.java:834)
07-Jul-2022 01:17:28.619 WARNING [Thread-14] org.apache.catalina.loader.WebappClassLoaderBase.clearReferencesThreads The web application [magnoliaAuthor] appears to have started a thread named [Thread-17] but has failed to stop it. This is very likely to create a memory leak. Stack trace of thread:
 java.base@11.0.15/java.lang.Object.wait(Native Method)
 java.base@11.0.15/java.lang.Object.wait(Object.java:328)
 EDU.oswego.cs.dl.util.concurrent.ClockDaemon.nextTask(Unknown Source)
 EDU.oswego.cs.dl.util.concurrent.ClockDaemon$RunLoop.run(Unknown Source)
 java.base@11.0.15/java.lang.Thread.run(Thread.java:834)
07-Jul-2022 01:17:28.620 WARNING [Thread-14] org.apache.catalina.loader.WebappClassLoaderBase.clearReferencesThreads The web application [magnoliaAuthor] appears to have started a thread named [Thread-18] but has failed to stop it. This is very likely to create a memory leak. Stack trace of thread:
 java.base@11.0.15/java.lang.Object.wait(Native Method)
 java.base@11.0.15/java.lang.Object.wait(Object.java:328)
 EDU.oswego.cs.dl.util.concurrent.ClockDaemon.nextTask(Unknown Source)
 EDU.oswego.cs.dl.util.concurrent.ClockDaemon$RunLoop.run(Unknown Source)
 java.base@11.0.15/java.lang.Thread.run(Thread.java:834)
07-Jul-2022 01:17:28.620 WARNING [Thread-14] org.apache.catalina.loader.WebappClassLoaderBase.clearReferencesThreads The web application [magnoliaAuthor] appears to have started a thread named [Thread-19] but has failed to stop it. This is very likely to create a memory leak. Stack trace of thread:
 java.base@11.0.15/java.lang.Object.wait(Native Method)
 java.base@11.0.15/java.lang.Object.wait(Object.java:328)
 EDU.oswego.cs.dl.util.concurrent.ClockDaemon.nextTask(Unknown Source)
 EDU.oswego.cs.dl.util.concurrent.ClockDaemon$RunLoop.run(Unknown Source)
 java.base@11.0.15/java.lang.Thread.run(Thread.java:834)
07-Jul-2022 01:17:28.621 WARNING [Thread-14] org.apache.catalina.loader.WebappClassLoaderBase.clearReferencesThreads The web application [magnoliaAuthor] appears to have started a thread named [Thread-20] but has failed to stop it. This is very likely to create a memory leak. Stack trace of thread:
 java.base@11.0.15/java.lang.Object.wait(Native Method)
 java.base@11.0.15/java.lang.Object.wait(Object.java:328)
 EDU.oswego.cs.dl.util.concurrent.ClockDaemon.nextTask(Unknown Source)
 EDU.oswego.cs.dl.util.concurrent.ClockDaemon$RunLoop.run(Unknown Source)
 java.base@11.0.15/java.lang.Thread.run(Thread.java:834)
07-Jul-2022 01:17:28.621 WARNING [Thread-14] org.apache.catalina.loader.WebappClassLoaderBase.clearReferencesThreads The web application [magnoliaAuthor] appears to have started a thread named [pool-15-thread-1] but has failed to stop it. This is very likely to create a memory leak. Stack trace of thread:
 java.base@11.0.15/jdk.internal.misc.Unsafe.park(Native Method)
 java.base@11.0.15/java.util.concurrent.locks.LockSupport.park(LockSupport.java:194)
 java.base@11.0.15/java.util.concurrent.locks.AbstractQueuedSynchronizer$ConditionObject.await(AbstractQueuedSynchronizer.java:2081)
 java.base@11.0.15/java.util.concurrent.LinkedBlockingQueue.take(LinkedBlockingQueue.java:433)
 java.base@11.0.15/java.util.concurrent.ThreadPoolExecutor.getTask(ThreadPoolExecutor.java:1054)
 java.base@11.0.15/java.util.concurrent.ThreadPoolExecutor.runWorker(ThreadPoolExecutor.java:1114)
 java.base@11.0.15/java.util.concurrent.ThreadPoolExecutor$Worker.run(ThreadPoolExecutor.java:628)
 java.base@11.0.15/java.lang.Thread.run(Thread.java:834)
07-Jul-2022 01:17:28.621 WARNING [Thread-14] org.apache.catalina.loader.WebappClassLoaderBase.clearReferencesThreads The web application [magnoliaAuthor] appears to have started a thread named [pool-16-thread-1] but has failed to stop it. This is very likely to create a memory leak. Stack trace of thread:
 java.base@11.0.15/jdk.internal.misc.Unsafe.park(Native Method)
 java.base@11.0.15/java.util.concurrent.locks.LockSupport.park(LockSupport.java:194)
 java.base@11.0.15/java.util.concurrent.locks.AbstractQueuedSynchronizer$ConditionObject.await(AbstractQueuedSynchronizer.java:2081)
 java.base@11.0.15/java.util.concurrent.LinkedBlockingQueue.take(LinkedBlockingQueue.java:433)
 java.base@11.0.15/java.util.concurrent.ThreadPoolExecutor.getTask(ThreadPoolExecutor.java:1054)
 java.base@11.0.15/java.util.concurrent.ThreadPoolExecutor.runWorker(ThreadPoolExecutor.java:1114)
 java.base@11.0.15/java.util.concurrent.ThreadPoolExecutor$Worker.run(ThreadPoolExecutor.java:628)
 java.base@11.0.15/java.lang.Thread.run(Thread.java:834)
07-Jul-2022 01:17:28.622 WARNING [Thread-14] org.apache.catalina.loader.WebappClassLoaderBase.clearReferencesThreads The web application [magnoliaAuthor] appears to have started a thread named [pool-17-thread-1] but has failed to stop it. This is very likely to create a memory leak. Stack trace of thread:
 java.base@11.0.15/jdk.internal.misc.Unsafe.park(Native Method)
 java.base@11.0.15/java.util.concurrent.locks.LockSupport.park(LockSupport.java:194)
 java.base@11.0.15/java.util.concurrent.locks.AbstractQueuedSynchronizer$ConditionObject.await(AbstractQueuedSynchronizer.java:2081)
 java.base@11.0.15/java.util.concurrent.LinkedBlockingQueue.take(LinkedBlockingQueue.java:433)
 java.base@11.0.15/java.util.concurrent.ThreadPoolExecutor.getTask(ThreadPoolExecutor.java:1054)
 java.base@11.0.15/java.util.concurrent.ThreadPoolExecutor.runWorker(ThreadPoolExecutor.java:1114)
 java.base@11.0.15/java.util.concurrent.ThreadPoolExecutor$Worker.run(ThreadPoolExecutor.java:628)
 java.base@11.0.15/java.lang.Thread.run(Thread.java:834)
07-Jul-2022 01:17:28.622 WARNING [Thread-14] org.apache.catalina.loader.WebappClassLoaderBase.clearReferencesThreads The web application [magnoliaAuthor] appears to have started a thread named [pool-18-thread-1] but has failed to stop it. This is very likely to create a memory leak. Stack trace of thread:
 java.base@11.0.15/jdk.internal.misc.Unsafe.park(Native Method)
 java.base@11.0.15/java.util.concurrent.locks.LockSupport.park(LockSupport.java:194)
 java.base@11.0.15/java.util.concurrent.locks.AbstractQueuedSynchronizer$ConditionObject.await(AbstractQueuedSynchronizer.java:2081)
 java.base@11.0.15/java.util.concurrent.LinkedBlockingQueue.take(LinkedBlockingQueue.java:433)
 java.base@11.0.15/java.util.concurrent.ThreadPoolExecutor.getTask(ThreadPoolExecutor.java:1054)
 java.base@11.0.15/java.util.concurrent.ThreadPoolExecutor.runWorker(ThreadPoolExecutor.java:1114)
 java.base@11.0.15/java.util.concurrent.ThreadPoolExecutor$Worker.run(ThreadPoolExecutor.java:628)
 java.base@11.0.15/java.lang.Thread.run(Thread.java:834)
07-Jul-2022 01:17:28.623 WARNING [Thread-14] org.apache.catalina.loader.WebappClassLoaderBase.clearReferencesThreads The web application [magnoliaAuthor] appears to have started a thread named [pool-19-thread-1] but has failed to stop it. This is very likely to create a memory leak. Stack trace of thread:
 java.base@11.0.15/jdk.internal.misc.Unsafe.park(Native Method)
 java.base@11.0.15/java.util.concurrent.locks.LockSupport.park(LockSupport.java:194)
 java.base@11.0.15/java.util.concurrent.locks.AbstractQueuedSynchronizer$ConditionObject.await(AbstractQueuedSynchronizer.java:2081)
 java.base@11.0.15/java.util.concurrent.LinkedBlockingQueue.take(LinkedBlockingQueue.java:433)
 java.base@11.0.15/java.util.concurrent.ThreadPoolExecutor.getTask(ThreadPoolExecutor.java:1054)
 java.base@11.0.15/java.util.concurrent.ThreadPoolExecutor.runWorker(ThreadPoolExecutor.java:1114)
 java.base@11.0.15/java.util.concurrent.ThreadPoolExecutor$Worker.run(ThreadPoolExecutor.java:628)
 java.base@11.0.15/java.lang.Thread.run(Thread.java:834)
07-Jul-2022 01:17:28.623 WARNING [Thread-14] org.apache.catalina.loader.WebappClassLoaderBase.clearReferencesThreads The web application [magnoliaAuthor] appears to have started a thread named [pool-20-thread-1] but has failed to stop it. This is very likely to create a memory leak. Stack trace of thread:
 java.base@11.0.15/jdk.internal.misc.Unsafe.park(Native Method)
 java.base@11.0.15/java.util.concurrent.locks.LockSupport.park(LockSupport.java:194)
 java.base@11.0.15/java.util.concurrent.locks.AbstractQueuedSynchronizer$ConditionObject.await(AbstractQueuedSynchronizer.java:2081)
 java.base@11.0.15/java.util.concurrent.LinkedBlockingQueue.take(LinkedBlockingQueue.java:433)
 java.base@11.0.15/java.util.concurrent.ThreadPoolExecutor.getTask(ThreadPoolExecutor.java:1054)
 java.base@11.0.15/java.util.concurrent.ThreadPoolExecutor.runWorker(ThreadPoolExecutor.java:1114)
 java.base@11.0.15/java.util.concurrent.ThreadPoolExecutor$Worker.run(ThreadPoolExecutor.java:628)
 java.base@11.0.15/java.lang.Thread.run(Thread.java:834)
07-Jul-2022 01:17:28.624 WARNING [Thread-14] org.apache.catalina.loader.WebappClassLoaderBase.clearReferencesThreads The web application [magnoliaAuthor] appears to have started a thread named [pool-21-thread-1] but has failed to stop it. This is very likely to create a memory leak. Stack trace of thread:
 java.base@11.0.15/jdk.internal.misc.Unsafe.park(Native Method)
 java.base@11.0.15/java.util.concurrent.locks.LockSupport.park(LockSupport.java:194)
 java.base@11.0.15/java.util.concurrent.locks.AbstractQueuedSynchronizer$ConditionObject.await(AbstractQueuedSynchronizer.java:2081)
 java.base@11.0.15/java.util.concurrent.LinkedBlockingQueue.take(LinkedBlockingQueue.java:433)
 java.base@11.0.15/java.util.concurrent.ThreadPoolExecutor.getTask(ThreadPoolExecutor.java:1054)
 java.base@11.0.15/java.util.concurrent.ThreadPoolExecutor.runWorker(ThreadPoolExecutor.java:1114)
 java.base@11.0.15/java.util.concurrent.ThreadPoolExecutor$Worker.run(ThreadPoolExecutor.java:628)
 java.base@11.0.15/java.lang.Thread.run(Thread.java:834)
07-Jul-2022 01:17:28.624 WARNING [Thread-14] org.apache.catalina.loader.WebappClassLoaderBase.clearReferencesThreads The web application [magnoliaAuthor] appears to have started a thread named [pool-22-thread-1] but has failed to stop it. This is very likely to create a memory leak. Stack trace of thread:
 java.base@11.0.15/jdk.internal.misc.Unsafe.park(Native Method)
 java.base@11.0.15/java.util.concurrent.locks.LockSupport.park(LockSupport.java:194)
 java.base@11.0.15/java.util.concurrent.locks.AbstractQueuedSynchronizer$ConditionObject.await(AbstractQueuedSynchronizer.java:2081)
 java.base@11.0.15/java.util.concurrent.LinkedBlockingQueue.take(LinkedBlockingQueue.java:433)
 java.base@11.0.15/java.util.concurrent.ThreadPoolExecutor.getTask(ThreadPoolExecutor.java:1054)
 java.base@11.0.15/java.util.concurrent.ThreadPoolExecutor.runWorker(ThreadPoolExecutor.java:1114)
 java.base@11.0.15/java.util.concurrent.ThreadPoolExecutor$Worker.run(ThreadPoolExecutor.java:628)
 java.base@11.0.15/java.lang.Thread.run(Thread.java:834)
07-Jul-2022 01:17:28.625 WARNING [Thread-14] org.apache.catalina.loader.WebappClassLoaderBase.clearReferencesThreads The web application [magnoliaAuthor] appears to have started a thread named [pool-23-thread-1] but has failed to stop it. This is very likely to create a memory leak. Stack trace of thread:
 java.base@11.0.15/jdk.internal.misc.Unsafe.park(Native Method)
 java.base@11.0.15/java.util.concurrent.locks.LockSupport.park(LockSupport.java:194)
 java.base@11.0.15/java.util.concurrent.locks.AbstractQueuedSynchronizer$ConditionObject.await(AbstractQueuedSynchronizer.java:2081)
 java.base@11.0.15/java.util.concurrent.LinkedBlockingQueue.take(LinkedBlockingQueue.java:433)
 java.base@11.0.15/java.util.concurrent.ThreadPoolExecutor.getTask(ThreadPoolExecutor.java:1054)
 java.base@11.0.15/java.util.concurrent.ThreadPoolExecutor.runWorker(ThreadPoolExecutor.java:1114)
 java.base@11.0.15/java.util.concurrent.ThreadPoolExecutor$Worker.run(ThreadPoolExecutor.java:628)
 java.base@11.0.15/java.lang.Thread.run(Thread.java:834)
07-Jul-2022 01:17:28.626 WARNING [Thread-14] org.apache.catalina.loader.WebappClassLoaderBase.clearReferencesThreads The web application [magnoliaAuthor] appears to have started a thread named [pool-24-thread-1] but has failed to stop it. This is very likely to create a memory leak. Stack trace of thread:
 java.base@11.0.15/jdk.internal.misc.Unsafe.park(Native Method)
 java.base@11.0.15/java.util.concurrent.locks.LockSupport.park(LockSupport.java:194)
 java.base@11.0.15/java.util.concurrent.locks.AbstractQueuedSynchronizer$ConditionObject.await(AbstractQueuedSynchronizer.java:2081)
 java.base@11.0.15/java.util.concurrent.LinkedBlockingQueue.take(LinkedBlockingQueue.java:433)
 java.base@11.0.15/java.util.concurrent.ThreadPoolExecutor.getTask(ThreadPoolExecutor.java:1054)
 java.base@11.0.15/java.util.concurrent.ThreadPoolExecutor.runWorker(ThreadPoolExecutor.java:1114)
 java.base@11.0.15/java.util.concurrent.ThreadPoolExecutor$Worker.run(ThreadPoolExecutor.java:628)
 java.base@11.0.15/java.lang.Thread.run(Thread.java:834)
07-Jul-2022 01:17:28.626 WARNING [Thread-14] org.apache.catalina.loader.WebappClassLoaderBase.clearReferencesThreads The web application [magnoliaAuthor] appears to have started a thread named [pool-25-thread-1] but has failed to stop it. This is very likely to create a memory leak. Stack trace of thread:
 java.base@11.0.15/jdk.internal.misc.Unsafe.park(Native Method)
 java.base@11.0.15/java.util.concurrent.locks.LockSupport.park(LockSupport.java:194)
 java.base@11.0.15/java.util.concurrent.locks.AbstractQueuedSynchronizer$ConditionObject.await(AbstractQueuedSynchronizer.java:2081)
 java.base@11.0.15/java.util.concurrent.LinkedBlockingQueue.take(LinkedBlockingQueue.java:433)
 java.base@11.0.15/java.util.concurrent.ThreadPoolExecutor.getTask(ThreadPoolExecutor.java:1054)
 java.base@11.0.15/java.util.concurrent.ThreadPoolExecutor.runWorker(ThreadPoolExecutor.java:1114)
 java.base@11.0.15/java.util.concurrent.ThreadPoolExecutor$Worker.run(ThreadPoolExecutor.java:628)
 java.base@11.0.15/java.lang.Thread.run(Thread.java:834)
07-Jul-2022 01:17:28.627 WARNING [Thread-14] org.apache.catalina.loader.WebappClassLoaderBase.clearReferencesThreads The web application [magnoliaAuthor] appears to have started a thread named [pool-26-thread-1] but has failed to stop it. This is very likely to create a memory leak. Stack trace of thread:
 java.base@11.0.15/jdk.internal.misc.Unsafe.park(Native Method)
 java.base@11.0.15/java.util.concurrent.locks.LockSupport.park(LockSupport.java:194)
 java.base@11.0.15/java.util.concurrent.locks.AbstractQueuedSynchronizer$ConditionObject.await(AbstractQueuedSynchronizer.java:2081)
 java.base@11.0.15/java.util.concurrent.LinkedBlockingQueue.take(LinkedBlockingQueue.java:433)
 java.base@11.0.15/java.util.concurrent.ThreadPoolExecutor.getTask(ThreadPoolExecutor.java:1054)
 java.base@11.0.15/java.util.concurrent.ThreadPoolExecutor.runWorker(ThreadPoolExecutor.java:1114)
 java.base@11.0.15/java.util.concurrent.ThreadPoolExecutor$Worker.run(ThreadPoolExecutor.java:628)
 java.base@11.0.15/java.lang.Thread.run(Thread.java:834)
07-Jul-2022 01:17:28.629 WARNING [Thread-14] org.apache.catalina.loader.WebappClassLoaderBase.clearReferencesThreads The web application [magnoliaAuthor] appears to have started a thread named [pool-27-thread-1] but has failed to stop it. This is very likely to create a memory leak. Stack trace of thread:
 java.base@11.0.15/jdk.internal.misc.Unsafe.park(Native Method)
 java.base@11.0.15/java.util.concurrent.locks.LockSupport.park(LockSupport.java:194)
 java.base@11.0.15/java.util.concurrent.locks.AbstractQueuedSynchronizer$ConditionObject.await(AbstractQueuedSynchronizer.java:2081)
 java.base@11.0.15/java.util.concurrent.LinkedBlockingQueue.take(LinkedBlockingQueue.java:433)
 java.base@11.0.15/java.util.concurrent.ThreadPoolExecutor.getTask(ThreadPoolExecutor.java:1054)
 java.base@11.0.15/java.util.concurrent.ThreadPoolExecutor.runWorker(ThreadPoolExecutor.java:1114)
 java.base@11.0.15/java.util.concurrent.ThreadPoolExecutor$Worker.run(ThreadPoolExecutor.java:628)
 java.base@11.0.15/java.lang.Thread.run(Thread.java:834)
07-Jul-2022 01:17:28.629 WARNING [Thread-14] org.apache.catalina.loader.WebappClassLoaderBase.clearReferencesThreads The web application [magnoliaAuthor] appears to have started a thread named [pool-28-thread-1] but has failed to stop it. This is very likely to create a memory leak. Stack trace of thread:
 java.base@11.0.15/jdk.internal.misc.Unsafe.park(Native Method)
 java.base@11.0.15/java.util.concurrent.locks.LockSupport.park(LockSupport.java:194)
 java.base@11.0.15/java.util.concurrent.locks.AbstractQueuedSynchronizer$ConditionObject.await(AbstractQueuedSynchronizer.java:2081)
 java.base@11.0.15/java.util.concurrent.LinkedBlockingQueue.take(LinkedBlockingQueue.java:433)
 java.base@11.0.15/java.util.concurrent.ThreadPoolExecutor.getTask(ThreadPoolExecutor.java:1054)
 java.base@11.0.15/java.util.concurrent.ThreadPoolExecutor.runWorker(ThreadPoolExecutor.java:1114)
 java.base@11.0.15/java.util.concurrent.ThreadPoolExecutor$Worker.run(ThreadPoolExecutor.java:628)
 java.base@11.0.15/java.lang.Thread.run(Thread.java:834)
07-Jul-2022 01:17:28.630 WARNING [Thread-14] org.apache.catalina.loader.WebappClassLoaderBase.clearReferencesThreads The web application [magnoliaAuthor] appears to have started a thread named [pool-29-thread-1] but has failed to stop it. This is very likely to create a memory leak. Stack trace of thread:
 java.base@11.0.15/jdk.internal.misc.Unsafe.park(Native Method)
 java.base@11.0.15/java.util.concurrent.locks.LockSupport.park(LockSupport.java:194)
 java.base@11.0.15/java.util.concurrent.locks.AbstractQueuedSynchronizer$ConditionObject.await(AbstractQueuedSynchronizer.java:2081)
 java.base@11.0.15/java.util.concurrent.LinkedBlockingQueue.take(LinkedBlockingQueue.java:433)
 java.base@11.0.15/java.util.concurrent.ThreadPoolExecutor.getTask(ThreadPoolExecutor.java:1054)
 java.base@11.0.15/java.util.concurrent.ThreadPoolExecutor.runWorker(ThreadPoolExecutor.java:1114)
 java.base@11.0.15/java.util.concurrent.ThreadPoolExecutor$Worker.run(ThreadPoolExecutor.java:628)
 java.base@11.0.15/java.lang.Thread.run(Thread.java:834)
07-Jul-2022 01:17:28.630 WARNING [Thread-14] org.apache.catalina.loader.WebappClassLoaderBase.clearReferencesThreads The web application [magnoliaAuthor] appears to have started a thread named [pool-30-thread-1] but has failed to stop it. This is very likely to create a memory leak. Stack trace of thread:
 java.base@11.0.15/jdk.internal.misc.Unsafe.park(Native Method)
 java.base@11.0.15/java.util.concurrent.locks.LockSupport.park(LockSupport.java:194)
 java.base@11.0.15/java.util.concurrent.locks.AbstractQueuedSynchronizer$ConditionObject.await(AbstractQueuedSynchronizer.java:2081)
 java.base@11.0.15/java.util.concurrent.LinkedBlockingQueue.take(LinkedBlockingQueue.java:433)
 java.base@11.0.15/java.util.concurrent.ThreadPoolExecutor.getTask(ThreadPoolExecutor.java:1054)
 java.base@11.0.15/java.util.concurrent.ThreadPoolExecutor.runWorker(ThreadPoolExecutor.java:1114)
 java.base@11.0.15/java.util.concurrent.ThreadPoolExecutor$Worker.run(ThreadPoolExecutor.java:628)
 java.base@11.0.15/java.lang.Thread.run(Thread.java:834)
07-Jul-2022 01:17:28.631 WARNING [Thread-14] org.apache.catalina.loader.WebappClassLoaderBase.clearReferencesThreads The web application [magnoliaAuthor] appears to have started a thread named [pool-31-thread-1] but has failed to stop it. This is very likely to create a memory leak. Stack trace of thread:
 java.base@11.0.15/jdk.internal.misc.Unsafe.park(Native Method)
 java.base@11.0.15/java.util.concurrent.locks.LockSupport.park(LockSupport.java:194)
 java.base@11.0.15/java.util.concurrent.locks.AbstractQueuedSynchronizer$ConditionObject.await(AbstractQueuedSynchronizer.java:2081)
 java.base@11.0.15/java.util.concurrent.LinkedBlockingQueue.take(LinkedBlockingQueue.java:433)
 java.base@11.0.15/java.util.concurrent.ThreadPoolExecutor.getTask(ThreadPoolExecutor.java:1054)
 java.base@11.0.15/java.util.concurrent.ThreadPoolExecutor.runWorker(ThreadPoolExecutor.java:1114)
 java.base@11.0.15/java.util.concurrent.ThreadPoolExecutor$Worker.run(ThreadPoolExecutor.java:628)
 java.base@11.0.15/java.lang.Thread.run(Thread.java:834)
07-Jul-2022 01:17:28.631 WARNING [Thread-14] org.apache.catalina.loader.WebappClassLoaderBase.clearReferencesThreads The web application [magnoliaAuthor] appears to have started a thread named [pool-32-thread-1] but has failed to stop it. This is very likely to create a memory leak. Stack trace of thread:
 java.base@11.0.15/jdk.internal.misc.Unsafe.park(Native Method)
 java.base@11.0.15/java.util.concurrent.locks.LockSupport.park(LockSupport.java:194)
 java.base@11.0.15/java.util.concurrent.locks.AbstractQueuedSynchronizer$ConditionObject.await(AbstractQueuedSynchronizer.java:2081)
 java.base@11.0.15/java.util.concurrent.LinkedBlockingQueue.take(LinkedBlockingQueue.java:433)
 java.base@11.0.15/java.util.concurrent.ThreadPoolExecutor.getTask(ThreadPoolExecutor.java:1054)
 java.base@11.0.15/java.util.concurrent.ThreadPoolExecutor.runWorker(ThreadPoolExecutor.java:1114)
 java.base@11.0.15/java.util.concurrent.ThreadPoolExecutor$Worker.run(ThreadPoolExecutor.java:628)
 java.base@11.0.15/java.lang.Thread.run(Thread.java:834)
07-Jul-2022 01:17:28.632 WARNING [Thread-14] org.apache.catalina.loader.WebappClassLoaderBase.clearReferencesThreads The web application [magnoliaAuthor] appears to have started a thread named [pool-33-thread-1] but has failed to stop it. This is very likely to create a memory leak. Stack trace of thread:
 java.base@11.0.15/jdk.internal.misc.Unsafe.park(Native Method)
 java.base@11.0.15/java.util.concurrent.locks.LockSupport.park(LockSupport.java:194)
 java.base@11.0.15/java.util.concurrent.locks.AbstractQueuedSynchronizer$ConditionObject.await(AbstractQueuedSynchronizer.java:2081)
 java.base@11.0.15/java.util.concurrent.LinkedBlockingQueue.take(LinkedBlockingQueue.java:433)
 java.base@11.0.15/java.util.concurrent.ThreadPoolExecutor.getTask(ThreadPoolExecutor.java:1054)
 java.base@11.0.15/java.util.concurrent.ThreadPoolExecutor.runWorker(ThreadPoolExecutor.java:1114)
 java.base@11.0.15/java.util.concurrent.ThreadPoolExecutor$Worker.run(ThreadPoolExecutor.java:628)
 java.base@11.0.15/java.lang.Thread.run(Thread.java:834)
07-Jul-2022 01:17:28.632 WARNING [Thread-14] org.apache.catalina.loader.WebappClassLoaderBase.clearReferencesThreads The web application [magnoliaAuthor] appears to have started a thread named [pool-34-thread-1] but has failed to stop it. This is very likely to create a memory leak. Stack trace of thread:
 java.base@11.0.15/jdk.internal.misc.Unsafe.park(Native Method)
 java.base@11.0.15/java.util.concurrent.locks.LockSupport.park(LockSupport.java:194)
 java.base@11.0.15/java.util.concurrent.locks.AbstractQueuedSynchronizer$ConditionObject.await(AbstractQueuedSynchronizer.java:2081)
 java.base@11.0.15/java.util.concurrent.LinkedBlockingQueue.take(LinkedBlockingQueue.java:433)
 java.base@11.0.15/java.util.concurrent.ThreadPoolExecutor.getTask(ThreadPoolExecutor.java:1054)
 java.base@11.0.15/java.util.concurrent.ThreadPoolExecutor.runWorker(ThreadPoolExecutor.java:1114)
 java.base@11.0.15/java.util.concurrent.ThreadPoolExecutor$Worker.run(ThreadPoolExecutor.java:628)
 java.base@11.0.15/java.lang.Thread.run(Thread.java:834)
07-Jul-2022 01:17:28.632 WARNING [Thread-14] org.apache.catalina.loader.WebappClassLoaderBase.clearReferencesThreads The web application [magnoliaAuthor] appears to have started a thread named [pool-35-thread-1] but has failed to stop it. This is very likely to create a memory leak. Stack trace of thread:
 java.base@11.0.15/jdk.internal.misc.Unsafe.park(Native Method)
 java.base@11.0.15/java.util.concurrent.locks.LockSupport.park(LockSupport.java:194)
 java.base@11.0.15/java.util.concurrent.locks.AbstractQueuedSynchronizer$ConditionObject.await(AbstractQueuedSynchronizer.java:2081)
 java.base@11.0.15/java.util.concurrent.LinkedBlockingQueue.take(LinkedBlockingQueue.java:433)
 java.base@11.0.15/java.util.concurrent.ThreadPoolExecutor.getTask(ThreadPoolExecutor.java:1054)
 java.base@11.0.15/java.util.concurrent.ThreadPoolExecutor.runWorker(ThreadPoolExecutor.java:1114)
 java.base@11.0.15/java.util.concurrent.ThreadPoolExecutor$Worker.run(ThreadPoolExecutor.java:628)
 java.base@11.0.15/java.lang.Thread.run(Thread.java:834)
07-Jul-2022 01:17:28.633 WARNING [Thread-14] org.apache.catalina.loader.WebappClassLoaderBase.clearReferencesThreads The web application [magnoliaAuthor] appears to have started a thread named [pool-36-thread-1] but has failed to stop it. This is very likely to create a memory leak. Stack trace of thread:
 java.base@11.0.15/jdk.internal.misc.Unsafe.park(Native Method)
 java.base@11.0.15/java.util.concurrent.locks.LockSupport.park(LockSupport.java:194)
 java.base@11.0.15/java.util.concurrent.locks.AbstractQueuedSynchronizer$ConditionObject.await(AbstractQueuedSynchronizer.java:2081)
 java.base@11.0.15/java.util.concurrent.LinkedBlockingQueue.take(LinkedBlockingQueue.java:433)
 java.base@11.0.15/java.util.concurrent.ThreadPoolExecutor.getTask(ThreadPoolExecutor.java:1054)
 java.base@11.0.15/java.util.concurrent.ThreadPoolExecutor.runWorker(ThreadPoolExecutor.java:1114)
 java.base@11.0.15/java.util.concurrent.ThreadPoolExecutor$Worker.run(ThreadPoolExecutor.java:628)
 java.base@11.0.15/java.lang.Thread.run(Thread.java:834)
07-Jul-2022 01:17:28.633 WARNING [Thread-14] org.apache.catalina.loader.WebappClassLoaderBase.clearReferencesThreads The web application [magnoliaAuthor] appears to have started a thread named [Atmosphere-Scheduler-0] but has failed to stop it. This is very likely to create a memory leak. Stack trace of thread:
 java.base@11.0.15/jdk.internal.misc.Unsafe.park(Native Method)
 java.base@11.0.15/java.util.concurrent.locks.LockSupport.parkNanos(LockSupport.java:234)
 java.base@11.0.15/java.util.concurrent.locks.AbstractQueuedSynchronizer$ConditionObject.awaitNanos(AbstractQueuedSynchronizer.java:2123)
 java.base@11.0.15/java.util.concurrent.ScheduledThreadPoolExecutor$DelayedWorkQueue.poll(ScheduledThreadPoolExecutor.java:1223)
 java.base@11.0.15/java.util.concurrent.ScheduledThreadPoolExecutor$DelayedWorkQueue.poll(ScheduledThreadPoolExecutor.java:899)
 java.base@11.0.15/java.util.concurrent.ThreadPoolExecutor.getTask(ThreadPoolExecutor.java:1053)
 java.base@11.0.15/java.util.concurrent.ThreadPoolExecutor.runWorker(ThreadPoolExecutor.java:1114)
 java.base@11.0.15/java.util.concurrent.ThreadPoolExecutor$Worker.run(ThreadPoolExecutor.java:628)
 java.base@11.0.15/java.lang.Thread.run(Thread.java:834)
07-Jul-2022 01:17:28.634 WARNING [Thread-14] org.apache.catalina.loader.WebappClassLoaderBase.clearReferencesThreads The web application [magnoliaAuthor] appears to have started a thread named [Atmosphere-Shared-0] but has failed to stop it. This is very likely to create a memory leak. Stack trace of thread:
 java.base@11.0.15/jdk.internal.misc.Unsafe.park(Native Method)
 java.base@11.0.15/java.util.concurrent.locks.LockSupport.park(LockSupport.java:194)
 java.base@11.0.15/java.util.concurrent.ForkJoinPool.runWorker(ForkJoinPool.java:1628)
 java.base@11.0.15/java.util.concurrent.ForkJoinWorkerThread.run(ForkJoinWorkerThread.java:183)
07-Jul-2022 01:17:28.634 WARNING [Thread-14] org.apache.catalina.loader.WebappClassLoaderBase.clearReferencesThreads The web application [magnoliaAuthor] appears to have started a thread named [Atmosphere-Scheduler-1] but has failed to stop it. This is very likely to create a memory leak. Stack trace of thread:
 java.base@11.0.15/jdk.internal.misc.Unsafe.park(Native Method)
 java.base@11.0.15/java.util.concurrent.locks.LockSupport.parkNanos(LockSupport.java:234)
 java.base@11.0.15/java.util.concurrent.locks.AbstractQueuedSynchronizer$ConditionObject.awaitNanos(AbstractQueuedSynchronizer.java:2123)
 java.base@11.0.15/java.util.concurrent.ScheduledThreadPoolExecutor$DelayedWorkQueue.poll(ScheduledThreadPoolExecutor.java:1218)
 java.base@11.0.15/java.util.concurrent.ScheduledThreadPoolExecutor$DelayedWorkQueue.poll(ScheduledThreadPoolExecutor.java:899)
 java.base@11.0.15/java.util.concurrent.ThreadPoolExecutor.getTask(ThreadPoolExecutor.java:1053)
 java.base@11.0.15/java.util.concurrent.ThreadPoolExecutor.runWorker(ThreadPoolExecutor.java:1114)
 java.base@11.0.15/java.util.concurrent.ThreadPoolExecutor$Worker.run(ThreadPoolExecutor.java:628)
 java.base@11.0.15/java.lang.Thread.run(Thread.java:834)
07-Jul-2022 01:17:28.636 SEVERE [Thread-14] org.apache.catalina.loader.WebappClassLoaderBase.checkThreadLocalMapForLeaks La aplicación web [magnoliaAuthor] creó un ThreadLocal con clave del tipo [java.lang.ThreadLocal] (valor [java.lang.ThreadLocal@692353be]) y un valor del tipo [info.magnolia.context.SystemRepositoryStrategy] (valor [SystemRepositoryStrategy[No creation stack trace available. Enable DEBUG logging for class info.magnolia.context.SystemRepositoryStrategy to enable it.]]) pero no pudo quitarlo cuando la aplicación web se paró. Los hilos se van a renovar con el tiempo para intentar evitar in posible fallo de memoria.
07-Jul-2022 01:17:28.636 SEVERE [Thread-14] org.apache.catalina.loader.WebappClassLoaderBase.checkThreadLocalMapForLeaks La aplicación web [magnoliaAuthor] creó un ThreadLocal con clave del tipo [java.lang.ThreadLocal] (valor [java.lang.ThreadLocal@692353be]) y un valor del tipo [info.magnolia.context.SystemRepositoryStrategy] (valor [SystemRepositoryStrategy[No creation stack trace available. Enable DEBUG logging for class info.magnolia.context.SystemRepositoryStrategy to enable it.]]) pero no pudo quitarlo cuando la aplicación web se paró. Los hilos se van a renovar con el tiempo para intentar evitar in posible fallo de memoria.
07-Jul-2022 01:17:28.637 SEVERE [Thread-14] org.apache.catalina.loader.WebappClassLoaderBase.checkThreadLocalMapForLeaks La aplicación web [magnoliaAuthor] creó un ThreadLocal con clave del tipo [java.lang.ThreadLocal] (valor [java.lang.ThreadLocal@692353be]) y un valor del tipo [info.magnolia.context.SystemRepositoryStrategy] (valor [SystemRepositoryStrategy[No creation stack trace available. Enable DEBUG logging for class info.magnolia.context.SystemRepositoryStrategy to enable it.]]) pero no pudo quitarlo cuando la aplicación web se paró. Los hilos se van a renovar con el tiempo para intentar evitar in posible fallo de memoria.
07-Jul-2022 01:17:28.637 SEVERE [Thread-14] org.apache.catalina.loader.WebappClassLoaderBase.checkThreadLocalMapForLeaks La aplicación web [magnoliaAuthor] creó un ThreadLocal con clave del tipo [java.lang.ThreadLocal] (valor [java.lang.ThreadLocal@692353be]) y un valor del tipo [info.magnolia.context.SystemRepositoryStrategy] (valor [SystemRepositoryStrategy[No creation stack trace available. Enable DEBUG logging for class info.magnolia.context.SystemRepositoryStrategy to enable it.]]) pero no pudo quitarlo cuando la aplicación web se paró. Los hilos se van a renovar con el tiempo para intentar evitar in posible fallo de memoria.
07-Jul-2022 01:17:28.637 SEVERE [Thread-14] org.apache.catalina.loader.WebappClassLoaderBase.checkThreadLocalMapForLeaks La aplicación web [magnoliaAuthor] creó un ThreadLocal con clave del tipo [java.lang.ThreadLocal] (valor [java.lang.ThreadLocal@692353be]) y un valor del tipo [info.magnolia.context.SystemRepositoryStrategy] (valor [SystemRepositoryStrategy[No creation stack trace available. Enable DEBUG logging for class info.magnolia.context.SystemRepositoryStrategy to enable it.]]) pero no pudo quitarlo cuando la aplicación web se paró. Los hilos se van a renovar con el tiempo para intentar evitar in posible fallo de memoria.
07-Jul-2022 01:17:28.638 SEVERE [Thread-14] org.apache.catalina.loader.WebappClassLoaderBase.checkThreadLocalMapForLeaks La aplicación web [magnoliaAuthor] creó un ThreadLocal con clave del tipo [java.lang.ThreadLocal] (valor [java.lang.ThreadLocal@692353be]) y un valor del tipo [info.magnolia.context.SystemRepositoryStrategy] (valor [SystemRepositoryStrategy[No creation stack trace available. Enable DEBUG logging for class info.magnolia.context.SystemRepositoryStrategy to enable it.]]) pero no pudo quitarlo cuando la aplicación web se paró. Los hilos se van a renovar con el tiempo para intentar evitar in posible fallo de memoria.
07-Jul-2022 01:17:28.638 SEVERE [Thread-14] org.apache.catalina.loader.WebappClassLoaderBase.checkThreadLocalMapForLeaks La aplicación web [magnoliaAuthor] creó un ThreadLocal con clave del tipo [java.lang.ThreadLocal] (valor [java.lang.ThreadLocal@692353be]) y un valor del tipo [info.magnolia.context.SystemRepositoryStrategy] (valor [SystemRepositoryStrategy[No creation stack trace available. Enable DEBUG logging for class info.magnolia.context.SystemRepositoryStrategy to enable it.]]) pero no pudo quitarlo cuando la aplicación web se paró. Los hilos se van a renovar con el tiempo para intentar evitar in posible fallo de memoria.
07-Jul-2022 01:17:28.638 SEVERE [Thread-14] org.apache.catalina.loader.WebappClassLoaderBase.checkThreadLocalMapForLeaks La aplicación web [magnoliaAuthor] creó un ThreadLocal con clave del tipo [java.lang.ThreadLocal] (valor [java.lang.ThreadLocal@692353be]) y un valor del tipo [info.magnolia.context.SystemRepositoryStrategy] (valor [SystemRepositoryStrategy[No creation stack trace available. Enable DEBUG logging for class info.magnolia.context.SystemRepositoryStrategy to enable it.]]) pero no pudo quitarlo cuando la aplicación web se paró. Los hilos se van a renovar con el tiempo para intentar evitar in posible fallo de memoria.
07-Jul-2022 01:17:28.639 SEVERE [Thread-14] org.apache.catalina.loader.WebappClassLoaderBase.checkThreadLocalMapForLeaks La aplicación web [magnoliaAuthor] creó un ThreadLocal con clave del tipo [java.lang.ThreadLocal] (valor [java.lang.ThreadLocal@692353be]) y un valor del tipo [info.magnolia.context.SystemRepositoryStrategy] (valor [SystemRepositoryStrategy[No creation stack trace available. Enable DEBUG logging for class info.magnolia.context.SystemRepositoryStrategy to enable it.]]) pero no pudo quitarlo cuando la aplicación web se paró. Los hilos se van a renovar con el tiempo para intentar evitar in posible fallo de memoria.
07-Jul-2022 01:17:28.639 SEVERE [Thread-14] org.apache.catalina.loader.WebappClassLoaderBase.checkThreadLocalMapForLeaks La aplicación web [magnoliaAuthor] creó un ThreadLocal con clave del tipo [java.lang.ThreadLocal] (valor [java.lang.ThreadLocal@692353be]) y un valor del tipo [info.magnolia.context.SystemRepositoryStrategy] (valor [SystemRepositoryStrategy[No creation stack trace available. Enable DEBUG logging for class info.magnolia.context.SystemRepositoryStrategy to enable it.]]) pero no pudo quitarlo cuando la aplicación web se paró. Los hilos se van a renovar con el tiempo para intentar evitar in posible fallo de memoria.
07-Jul-2022 01:17:28.639 SEVERE [Thread-14] org.apache.catalina.loader.WebappClassLoaderBase.checkThreadLocalMapForLeaks La aplicación web [magnoliaAuthor] creó un ThreadLocal con clave del tipo [java.lang.ThreadLocal] (valor [java.lang.ThreadLocal@692353be]) y un valor del tipo [info.magnolia.context.SystemRepositoryStrategy] (valor [SystemRepositoryStrategy[No creation stack trace available. Enable DEBUG logging for class info.magnolia.context.SystemRepositoryStrategy to enable it.]]) pero no pudo quitarlo cuando la aplicación web se paró. Los hilos se van a renovar con el tiempo para intentar evitar in posible fallo de memoria.
07-Jul-2022 01:17:28.640 SEVERE [Thread-14] org.apache.catalina.loader.WebappClassLoaderBase.checkThreadLocalMapForLeaks La aplicación web [magnoliaAuthor] creó un ThreadLocal con clave del tipo [java.lang.ThreadLocal] (valor [java.lang.ThreadLocal@692353be]) y un valor del tipo [info.magnolia.context.SystemRepositoryStrategy] (valor [SystemRepositoryStrategy[No creation stack trace available. Enable DEBUG logging for class info.magnolia.context.SystemRepositoryStrategy to enable it.]]) pero no pudo quitarlo cuando la aplicación web se paró. Los hilos se van a renovar con el tiempo para intentar evitar in posible fallo de memoria.
07-Jul-2022 01:17:28.640 SEVERE [Thread-14] org.apache.catalina.loader.WebappClassLoaderBase.checkThreadLocalMapForLeaks La aplicación web [magnoliaAuthor] creó un ThreadLocal con clave del tipo [java.lang.ThreadLocal] (valor [java.lang.ThreadLocal@692353be]) y un valor del tipo [info.magnolia.context.SystemRepositoryStrategy] (valor [SystemRepositoryStrategy[No creation stack trace available. Enable DEBUG logging for class info.magnolia.context.SystemRepositoryStrategy to enable it.]]) pero no pudo quitarlo cuando la aplicación web se paró. Los hilos se van a renovar con el tiempo para intentar evitar in posible fallo de memoria.
07-Jul-2022 01:17:30.166 WARNING [Thread-14] org.apache.catalina.loader.WebappClassLoaderBase.clearReferencesJdbc La aplicación web [magnoliaPublic] registró el conductor JDBC [org.h2.Driver] pero falló al anular el registro mientras la aplicación web estaba parada. Para prevenir un fallo de memoria, se ha anulado el registro del conductor JDBC por la fuerza.
07-Jul-2022 01:17:30.166 WARNING [Thread-14] org.apache.catalina.loader.WebappClassLoaderBase.clearReferencesThreads The web application [magnoliaPublic] appears to have started a thread named [FileSystemWatchService] but has failed to stop it. This is very likely to create a memory leak. Stack trace of thread:
 java.base@11.0.15/sun.nio.fs.WindowsNativeDispatcher.GetQueuedCompletionStatus0(Native Method)
 java.base@11.0.15/sun.nio.fs.WindowsNativeDispatcher.GetQueuedCompletionStatus(WindowsNativeDispatcher.java:1036)
 java.base@11.0.15/sun.nio.fs.WindowsWatchService$Poller.run(WindowsWatchService.java:587)
 java.base@11.0.15/java.lang.Thread.run(Thread.java:834)
07-Jul-2022 01:17:30.208 INFO [Thread-14] org.apache.coyote.AbstractProtocol.stop Stopping ProtocolHandler ["http-nio-8080"]
07-Jul-2022 01:17:30.215 INFO [Thread-14] org.apache.coyote.AbstractProtocol.destroy Destroying ProtocolHandler ["http-nio-8080"]
