05-Jul-2022 09:16:19.289 INFO [main] org.apache.catalina.startup.VersionLoggerListener.log Nombre de la versión del servidor: Apache Tomcat/9.0.64
05-Jul-2022 09:16:19.289 INFO [main] org.apache.catalina.startup.VersionLoggerListener.log Server built:                      Jun 2 2022 19:08:46 UTC
05-Jul-2022 09:16:19.289 INFO [main] org.apache.catalina.startup.VersionLoggerListener.log Número de versión de servidor:     9.0.64.0
05-Jul-2022 09:16:19.305 INFO [main] org.apache.catalina.startup.VersionLoggerListener.log OS Name:                           Windows 11
05-Jul-2022 09:16:19.305 INFO [main] org.apache.catalina.startup.VersionLoggerListener.log Versión de Systema Operativo:      10.0
05-Jul-2022 09:16:19.305 INFO [main] org.apache.catalina.startup.VersionLoggerListener.log Arquitectura:                      amd64
05-Jul-2022 09:16:19.305 INFO [main] org.apache.catalina.startup.VersionLoggerListener.log Java Home:                         C:\Program Files\Java\jdk-11.0.15
05-Jul-2022 09:16:19.305 INFO [main] org.apache.catalina.startup.VersionLoggerListener.log JVM Version:                       11.0.15+8-LTS-149
05-Jul-2022 09:16:19.305 INFO [main] org.apache.catalina.startup.VersionLoggerListener.log Vededor JVM:                       Oracle Corporation
05-Jul-2022 09:16:19.305 INFO [main] org.apache.catalina.startup.VersionLoggerListener.log CATALINA_BASE:                     C:\Users\j.hurtado.de.moxo\magnolia01\apache-tomcat
05-Jul-2022 09:16:19.305 INFO [main] org.apache.catalina.startup.VersionLoggerListener.log CATALINA_HOME:                     C:\Users\j.hurtado.de.moxo\magnolia01\apache-tomcat
05-Jul-2022 09:16:19.327 INFO [main] org.apache.catalina.startup.VersionLoggerListener.log Command line argument:             --add-opens=java.base/java.lang=ALL-UNNAMED
05-Jul-2022 09:16:19.327 INFO [main] org.apache.catalina.startup.VersionLoggerListener.log Command line argument:             --add-opens=java.base/java.io=ALL-UNNAMED
05-Jul-2022 09:16:19.327 INFO [main] org.apache.catalina.startup.VersionLoggerListener.log Command line argument:             --add-opens=java.base/java.util=ALL-UNNAMED
05-Jul-2022 09:16:19.327 INFO [main] org.apache.catalina.startup.VersionLoggerListener.log Command line argument:             --add-opens=java.base/java.util.concurrent=ALL-UNNAMED
05-Jul-2022 09:16:19.327 INFO [main] org.apache.catalina.startup.VersionLoggerListener.log Command line argument:             --add-opens=java.rmi/sun.rmi.transport=ALL-UNNAMED
05-Jul-2022 09:16:19.327 INFO [main] org.apache.catalina.startup.VersionLoggerListener.log Command line argument:             -Djava.util.logging.config.file=C:\Users\j.hurtado.de.moxo\magnolia01\apache-tomcat\conf\logging.properties
05-Jul-2022 09:16:19.327 INFO [main] org.apache.catalina.startup.VersionLoggerListener.log Command line argument:             -Djava.util.logging.manager=org.apache.juli.ClassLoaderLogManager
05-Jul-2022 09:16:19.327 INFO [main] org.apache.catalina.startup.VersionLoggerListener.log Command line argument:             -Djdk.tls.ephemeralDHKeySize=2048
05-Jul-2022 09:16:19.327 INFO [main] org.apache.catalina.startup.VersionLoggerListener.log Command line argument:             -Djava.protocol.handler.pkgs=org.apache.catalina.webresources
05-Jul-2022 09:16:19.327 INFO [main] org.apache.catalina.startup.VersionLoggerListener.log Command line argument:             -Xms64M
05-Jul-2022 09:16:19.327 INFO [main] org.apache.catalina.startup.VersionLoggerListener.log Command line argument:             -Xmx2048M
05-Jul-2022 09:16:19.327 INFO [main] org.apache.catalina.startup.VersionLoggerListener.log Command line argument:             -Djava.awt.headless=true
05-Jul-2022 09:16:19.327 INFO [main] org.apache.catalina.startup.VersionLoggerListener.log Command line argument:             -Dignore.endorsed.dirs=
05-Jul-2022 09:16:19.327 INFO [main] org.apache.catalina.startup.VersionLoggerListener.log Command line argument:             -Dcatalina.base=C:\Users\j.hurtado.de.moxo\magnolia01\apache-tomcat
05-Jul-2022 09:16:19.336 INFO [main] org.apache.catalina.startup.VersionLoggerListener.log Command line argument:             -Dcatalina.home=C:\Users\j.hurtado.de.moxo\magnolia01\apache-tomcat
05-Jul-2022 09:16:19.336 INFO [main] org.apache.catalina.startup.VersionLoggerListener.log Command line argument:             -Djava.io.tmpdir=C:\Users\j.hurtado.de.moxo\magnolia01\apache-tomcat\temp
05-Jul-2022 09:16:19.352 INFO [main] org.apache.catalina.core.AprLifecycleListener.lifecycleEvent La biblioteca nativa de Apache Tomcat basada en ARP que permite un rendimiento óptimo en entornos de desarrollo no ha sido hallada en java.library.path: [C:\Program Files\Java\jdk-11.0.15\bin;C:\windows\Sun\Java\bin;C:\windows\system32;C:\windows;C:\Users\j.hurtado.de.moxo\bin;C:\Users\j.hurtado.de.moxo\AppData\Local\Programs\Git\mingw64\bin;C:\Users\j.hurtado.de.moxo\AppData\Local\Programs\Git\usr\local\bin;C:\Users\j.hurtado.de.moxo\AppData\Local\Programs\Git\usr\bin;C:\Users\j.hurtado.de.moxo\AppData\Local\Programs\Git\usr\bin;C:\Users\j.hurtado.de.moxo\AppData\Local\Programs\Git\mingw64\bin;C:\Users\j.hurtado.de.moxo\AppData\Local\Programs\Git\usr\bin;C:\Users\j.hurtado.de.moxo\bin;C:\Program Files\Common Files\Oracle\Java\javapath;C:\windows\system32;C:\windows;C:\windows\System32\Wbem;C:\windows\System32\WindowsPowerShell\v1.0;C:\windows\System32\OpenSSH;C:\Program Files (x86)\Pulse Secure\VC142.CRT\X64;C:\Program Files (x86)\Pulse Secure\VC142.CRT\X86;C:\Program Files (x86)\Common Files\Pulse Secure\VC142.CRT\X64;C:\Program Files (x86)\Common Files\Pulse Secure\VC142.CRT\X86;C:\Program Files\Java\jdk-11.0.15;C:\Program Files\nodejs;C:\Program Files\apache-maven-3.8.6-bin\apache-maven-3.8.6\bin;C:\Program Files\Java\jdk-11.0.15\bin;C:\Program Files\Java\jdk-11.0.15;C:\Users\j.hurtado.de.moxo\AppData\Local\Microsoft\WindowsApps;C:\Users\j.hurtado.de.moxo\AppData\Roaming\npm;C:\Users\j.hurtado.de.moxo\AppData\Local\Programs\Microsoft VS Code\bin;C:\Users\j.hurtado.de.moxo\AppData\Local\Programs\Git\cmd;C:\Program Files\Java\jdk-11.0.15\bin;C:\Users\j.hurtado.de.moxo\AppData\Local\Programs\Git\usr\bin\vendor_perl;C:\Users\j.hurtado.de.moxo\AppData\Local\Programs\Git\usr\bin\core_perl;.]
05-Jul-2022 09:16:19.728 INFO [main] org.apache.coyote.AbstractProtocol.init Inicializando el manejador de protocolo ["http-nio-8080"]

05-Jul-2022 09:16:19.759 INFO [main] org.apache.catalina.startup.Catalina.load Server initialization in [742] milliseconds
05-Jul-2022 09:16:19.853 INFO [main] org.apache.catalina.core.StandardService.startInternal Arrancando servicio [Catalina]
05-Jul-2022 09:16:19.853 INFO [main] org.apache.catalina.core.StandardEngine.startInternal Starting Servlet engine: [Apache Tomcat/9.0.64]
05-Jul-2022 09:16:19.885 INFO [main] org.apache.catalina.startup.HostConfig.deployDirectory Desplegando el directorio [C:\Users\j.hurtado.de.moxo\magnolia01\apache-tomcat\webapps\magnoliaAuthor] de la aplicación web
05-Jul-2022 09:17:21.753 WARNING [main] org.apache.catalina.util.SessionIdGeneratorBase.createSecureRandom Creation of SecureRandom instance for session ID generation using [SHA1PRNG] took [258] milliseconds.
05-Jul-2022 09:17:23.240 INFO [main] org.atmosphere.cpr.AtmosphereFramework.addAtmosphereHandler Installed AtmosphereHandler com.vaadin.server.communication.PushAtmosphereHandler mapped to context-path: /*
05-Jul-2022 09:17:23.240 INFO [main] org.atmosphere.cpr.AtmosphereFramework.addAtmosphereHandler Installed the following AtmosphereInterceptor mapped to AtmosphereHandler com.vaadin.server.communication.PushAtmosphereHandler
05-Jul-2022 09:17:23.350 INFO [main] org.atmosphere.cpr.AtmosphereFramework.autoConfigureService Atmosphere is using org.atmosphere.util.VoidAnnotationProcessor for processing annotation
05-Jul-2022 09:17:23.381 INFO [main] org.atmosphere.util.ForkJoinPool.<init> Using ForkJoinPool  java.util.concurrent.ForkJoinPool. Set the org.atmosphere.cpr.broadcaster.maxAsyncWriteThreads to -1 to fully use its power.
05-Jul-2022 09:17:23.397 INFO [main] org.atmosphere.cpr.AtmosphereFramework.initWebSocket Installed WebSocketProtocol org.atmosphere.websocket.protocol.SimpleHttpProtocol 
05-Jul-2022 09:17:23.428 INFO [main] org.atmosphere.cpr.AtmosphereFramework.configureAtmosphereInterceptor Installing Default AtmosphereInterceptors
05-Jul-2022 09:17:23.428 INFO [main] org.atmosphere.cpr.AtmosphereFramework.newAInterceptor 	org.atmosphere.interceptor.CorsInterceptor : CORS Interceptor Support
05-Jul-2022 09:17:23.428 INFO [main] org.atmosphere.cpr.AtmosphereFramework.newAInterceptor 	org.atmosphere.interceptor.CacheHeadersInterceptor : Default Response's Headers Interceptor
05-Jul-2022 09:17:23.444 INFO [main] org.atmosphere.cpr.AtmosphereFramework.newAInterceptor 	org.atmosphere.interceptor.PaddingAtmosphereInterceptor : Browser Padding Interceptor Support
05-Jul-2022 09:17:23.444 INFO [main] org.atmosphere.cpr.AtmosphereFramework.newAInterceptor 	org.atmosphere.interceptor.AndroidAtmosphereInterceptor : Android Interceptor Support
05-Jul-2022 09:17:23.444 INFO [main] org.atmosphere.cpr.AtmosphereFramework.newAInterceptor 	org.atmosphere.interceptor.HeartbeatInterceptor : Heartbeat Interceptor Support
05-Jul-2022 09:17:23.444 INFO [main] org.atmosphere.cpr.AtmosphereFramework.newAInterceptor 	org.atmosphere.interceptor.SSEAtmosphereInterceptor : SSE Interceptor Support
05-Jul-2022 09:17:23.444 INFO [main] org.atmosphere.cpr.AtmosphereFramework.newAInterceptor 	org.atmosphere.interceptor.JSONPAtmosphereInterceptor : JSONP Interceptor Support
05-Jul-2022 09:17:23.456 INFO [main] org.atmosphere.cpr.AtmosphereFramework.newAInterceptor 	org.atmosphere.interceptor.JavaScriptProtocol : Atmosphere JavaScript Protocol
05-Jul-2022 09:17:23.456 INFO [main] org.atmosphere.cpr.AtmosphereFramework.newAInterceptor 	org.atmosphere.interceptor.WebSocketMessageSuspendInterceptor : org.atmosphere.interceptor.WebSocketMessageSuspendInterceptor
05-Jul-2022 09:17:23.456 INFO [main] org.atmosphere.cpr.AtmosphereFramework.newAInterceptor 	org.atmosphere.interceptor.OnDisconnectInterceptor : Browser disconnection detection
05-Jul-2022 09:17:23.456 INFO [main] org.atmosphere.cpr.AtmosphereFramework.newAInterceptor 	org.atmosphere.interceptor.IdleResourceInterceptor : org.atmosphere.interceptor.IdleResourceInterceptor
05-Jul-2022 09:17:23.456 INFO [main] org.atmosphere.cpr.AtmosphereFramework.configureAtmosphereInterceptor Set org.atmosphere.cpr.AtmosphereInterceptor.disableDefaults to disable them.
05-Jul-2022 09:17:23.456 INFO [main] org.atmosphere.cpr.AtmosphereFramework.addInterceptorToAllWrappers Installed AtmosphereInterceptor CORS Interceptor Support with priority FIRST_BEFORE_DEFAULT 
05-Jul-2022 09:17:23.460 INFO [main] org.atmosphere.cpr.AtmosphereFramework.addInterceptorToAllWrappers Installed AtmosphereInterceptor Default Response's Headers Interceptor with priority AFTER_DEFAULT 
05-Jul-2022 09:17:23.460 INFO [main] org.atmosphere.cpr.AtmosphereFramework.addInterceptorToAllWrappers Installed AtmosphereInterceptor Browser Padding Interceptor Support with priority AFTER_DEFAULT 
05-Jul-2022 09:17:23.460 INFO [main] org.atmosphere.cpr.AtmosphereFramework.addInterceptorToAllWrappers Installed AtmosphereInterceptor Android Interceptor Support with priority AFTER_DEFAULT 
05-Jul-2022 09:17:23.460 INFO [main] org.atmosphere.interceptor.HeartbeatInterceptor.configure HeartbeatInterceptor configured with padding value 'X', client frequency 60 seconds and server frequency 0 seconds
05-Jul-2022 09:17:23.460 INFO [main] org.atmosphere.cpr.AtmosphereFramework.addInterceptorToAllWrappers Installed AtmosphereInterceptor Heartbeat Interceptor Support with priority AFTER_DEFAULT 
05-Jul-2022 09:17:23.460 INFO [main] org.atmosphere.cpr.AtmosphereFramework.addInterceptorToAllWrappers Installed AtmosphereInterceptor SSE Interceptor Support with priority AFTER_DEFAULT 
05-Jul-2022 09:17:23.460 INFO [main] org.atmosphere.cpr.AtmosphereFramework.addInterceptorToAllWrappers Installed AtmosphereInterceptor JSONP Interceptor Support with priority AFTER_DEFAULT 
05-Jul-2022 09:17:23.460 INFO [main] org.atmosphere.cpr.AtmosphereFramework.addInterceptorToAllWrappers Installed AtmosphereInterceptor Atmosphere JavaScript Protocol with priority AFTER_DEFAULT 
05-Jul-2022 09:17:23.460 INFO [main] org.atmosphere.cpr.AtmosphereFramework.addInterceptorToAllWrappers Installed AtmosphereInterceptor org.atmosphere.interceptor.WebSocketMessageSuspendInterceptor with priority AFTER_DEFAULT 
05-Jul-2022 09:17:23.460 INFO [main] org.atmosphere.cpr.AtmosphereFramework.addInterceptorToAllWrappers Installed AtmosphereInterceptor Browser disconnection detection with priority AFTER_DEFAULT 
05-Jul-2022 09:17:23.460 INFO [main] org.atmosphere.cpr.AtmosphereFramework.addInterceptorToAllWrappers Installed AtmosphereInterceptor org.atmosphere.interceptor.IdleResourceInterceptor with priority BEFORE_DEFAULT 
05-Jul-2022 09:17:23.460 INFO [main] org.atmosphere.cpr.AtmosphereFramework.info Using EndpointMapper class org.atmosphere.util.DefaultEndpointMapper
05-Jul-2022 09:17:23.460 INFO [main] org.atmosphere.cpr.AtmosphereFramework.info Using BroadcasterCache: org.atmosphere.cache.UUIDBroadcasterCache
05-Jul-2022 09:17:23.460 INFO [main] org.atmosphere.cpr.AtmosphereFramework.info Default Broadcaster Class: org.atmosphere.cpr.DefaultBroadcaster
05-Jul-2022 09:17:23.460 INFO [main] org.atmosphere.cpr.AtmosphereFramework.info Broadcaster Shared List Resources: false
05-Jul-2022 09:17:23.460 INFO [main] org.atmosphere.cpr.AtmosphereFramework.info Broadcaster Polling Wait Time 100
05-Jul-2022 09:17:23.460 INFO [main] org.atmosphere.cpr.AtmosphereFramework.info Shared ExecutorService supported: true
05-Jul-2022 09:17:23.475 INFO [main] org.atmosphere.cpr.AtmosphereFramework.info Messaging ExecutorService Pool Size unavailable - Not instance of ThreadPoolExecutor
05-Jul-2022 09:17:23.475 INFO [main] org.atmosphere.cpr.AtmosphereFramework.info Async I/O Thread Pool Size: 200
05-Jul-2022 09:17:23.475 INFO [main] org.atmosphere.cpr.AtmosphereFramework.info Using BroadcasterFactory: org.atmosphere.cpr.DefaultBroadcasterFactory
05-Jul-2022 09:17:23.475 INFO [main] org.atmosphere.cpr.AtmosphereFramework.info Using AtmosphereResurceFactory: org.atmosphere.cpr.DefaultAtmosphereResourceFactory
05-Jul-2022 09:17:23.475 INFO [main] org.atmosphere.cpr.AtmosphereFramework.info Using WebSocketProcessor: org.atmosphere.websocket.DefaultWebSocketProcessor
05-Jul-2022 09:17:23.475 INFO [main] org.atmosphere.cpr.AtmosphereFramework.info Invoke AtmosphereInterceptor on WebSocket message true
05-Jul-2022 09:17:23.475 INFO [main] org.atmosphere.cpr.AtmosphereFramework.info HttpSession supported: true
05-Jul-2022 09:17:23.491 INFO [main] org.atmosphere.cpr.AtmosphereFramework.info Atmosphere is using org.atmosphere.inject.InjectableObjectFactory for dependency injection and object creation
05-Jul-2022 09:17:23.491 INFO [main] org.atmosphere.cpr.AtmosphereFramework.info Atmosphere is using async support: org.atmosphere.container.Servlet30CometSupport running under container: Apache Tomcat/9.0.64 using javax.servlet/3.0
05-Jul-2022 09:17:23.491 INFO [main] org.atmosphere.cpr.AtmosphereFramework.info Atmosphere Framework 2.4.30.vaadin4 started.
05-Jul-2022 09:17:23.507 INFO [main] org.atmosphere.cpr.AtmosphereFramework.addInterceptorToAllWrappers Installed AtmosphereInterceptor  Track Message Size Interceptor using | with priority BEFORE_DEFAULT 
05-Jul-2022 09:17:24.276 INFO [main] org.atmosphere.cpr.AtmosphereFramework.addAtmosphereHandler Installed AtmosphereHandler com.vaadin.server.communication.PushAtmosphereHandler mapped to context-path: /*
05-Jul-2022 09:17:24.276 INFO [main] org.atmosphere.cpr.AtmosphereFramework.addAtmosphereHandler Installed the following AtmosphereInterceptor mapped to AtmosphereHandler com.vaadin.server.communication.PushAtmosphereHandler
05-Jul-2022 09:17:24.307 INFO [main] org.atmosphere.cpr.AtmosphereFramework.autoConfigureService Atmosphere is using org.atmosphere.util.VoidAnnotationProcessor for processing annotation
05-Jul-2022 09:17:24.323 INFO [main] org.atmosphere.util.ForkJoinPool.<init> Using ForkJoinPool  java.util.concurrent.ForkJoinPool. Set the org.atmosphere.cpr.broadcaster.maxAsyncWriteThreads to -1 to fully use its power.
05-Jul-2022 09:17:24.323 INFO [main] org.atmosphere.cpr.AtmosphereFramework.initWebSocket Installed WebSocketProtocol org.atmosphere.websocket.protocol.SimpleHttpProtocol 
05-Jul-2022 09:17:24.370 INFO [main] org.atmosphere.cpr.AtmosphereFramework.configureAtmosphereInterceptor Installing Default AtmosphereInterceptors
05-Jul-2022 09:17:24.370 INFO [main] org.atmosphere.cpr.AtmosphereFramework.newAInterceptor 	org.atmosphere.interceptor.CorsInterceptor : CORS Interceptor Support
05-Jul-2022 09:17:24.386 INFO [main] org.atmosphere.cpr.AtmosphereFramework.newAInterceptor 	org.atmosphere.interceptor.CacheHeadersInterceptor : Default Response's Headers Interceptor
05-Jul-2022 09:17:24.386 INFO [main] org.atmosphere.cpr.AtmosphereFramework.newAInterceptor 	org.atmosphere.interceptor.PaddingAtmosphereInterceptor : Browser Padding Interceptor Support
05-Jul-2022 09:17:24.386 INFO [main] org.atmosphere.cpr.AtmosphereFramework.newAInterceptor 	org.atmosphere.interceptor.AndroidAtmosphereInterceptor : Android Interceptor Support
05-Jul-2022 09:17:24.386 INFO [main] org.atmosphere.cpr.AtmosphereFramework.newAInterceptor 	org.atmosphere.interceptor.HeartbeatInterceptor : Heartbeat Interceptor Support
05-Jul-2022 09:17:24.386 INFO [main] org.atmosphere.cpr.AtmosphereFramework.newAInterceptor 	org.atmosphere.interceptor.SSEAtmosphereInterceptor : SSE Interceptor Support
05-Jul-2022 09:17:24.386 INFO [main] org.atmosphere.cpr.AtmosphereFramework.newAInterceptor 	org.atmosphere.interceptor.JSONPAtmosphereInterceptor : JSONP Interceptor Support
05-Jul-2022 09:17:24.386 INFO [main] org.atmosphere.cpr.AtmosphereFramework.newAInterceptor 	org.atmosphere.interceptor.JavaScriptProtocol : Atmosphere JavaScript Protocol
05-Jul-2022 09:17:24.386 INFO [main] org.atmosphere.cpr.AtmosphereFramework.newAInterceptor 	org.atmosphere.interceptor.WebSocketMessageSuspendInterceptor : org.atmosphere.interceptor.WebSocketMessageSuspendInterceptor
05-Jul-2022 09:17:24.386 INFO [main] org.atmosphere.cpr.AtmosphereFramework.newAInterceptor 	org.atmosphere.interceptor.OnDisconnectInterceptor : Browser disconnection detection
05-Jul-2022 09:17:24.386 INFO [main] org.atmosphere.cpr.AtmosphereFramework.newAInterceptor 	org.atmosphere.interceptor.IdleResourceInterceptor : org.atmosphere.interceptor.IdleResourceInterceptor
05-Jul-2022 09:17:24.386 INFO [main] org.atmosphere.cpr.AtmosphereFramework.configureAtmosphereInterceptor Set org.atmosphere.cpr.AtmosphereInterceptor.disableDefaults to disable them.
05-Jul-2022 09:17:24.386 INFO [main] org.atmosphere.cpr.AtmosphereFramework.addInterceptorToAllWrappers Installed AtmosphereInterceptor CORS Interceptor Support with priority FIRST_BEFORE_DEFAULT 
05-Jul-2022 09:17:24.386 INFO [main] org.atmosphere.cpr.AtmosphereFramework.addInterceptorToAllWrappers Installed AtmosphereInterceptor Default Response's Headers Interceptor with priority AFTER_DEFAULT 
05-Jul-2022 09:17:24.386 INFO [main] org.atmosphere.cpr.AtmosphereFramework.addInterceptorToAllWrappers Installed AtmosphereInterceptor Browser Padding Interceptor Support with priority AFTER_DEFAULT 
05-Jul-2022 09:17:24.386 INFO [main] org.atmosphere.cpr.AtmosphereFramework.addInterceptorToAllWrappers Installed AtmosphereInterceptor Android Interceptor Support with priority AFTER_DEFAULT 
05-Jul-2022 09:17:24.386 INFO [main] org.atmosphere.interceptor.HeartbeatInterceptor.configure HeartbeatInterceptor configured with padding value 'X', client frequency 60 seconds and server frequency 0 seconds
05-Jul-2022 09:17:24.402 INFO [main] org.atmosphere.cpr.AtmosphereFramework.addInterceptorToAllWrappers Installed AtmosphereInterceptor Heartbeat Interceptor Support with priority AFTER_DEFAULT 
05-Jul-2022 09:17:24.402 INFO [main] org.atmosphere.cpr.AtmosphereFramework.addInterceptorToAllWrappers Installed AtmosphereInterceptor SSE Interceptor Support with priority AFTER_DEFAULT 
05-Jul-2022 09:17:24.402 INFO [main] org.atmosphere.cpr.AtmosphereFramework.addInterceptorToAllWrappers Installed AtmosphereInterceptor JSONP Interceptor Support with priority AFTER_DEFAULT 
05-Jul-2022 09:17:24.402 INFO [main] org.atmosphere.cpr.AtmosphereFramework.addInterceptorToAllWrappers Installed AtmosphereInterceptor Atmosphere JavaScript Protocol with priority AFTER_DEFAULT 
05-Jul-2022 09:17:24.402 INFO [main] org.atmosphere.cpr.AtmosphereFramework.addInterceptorToAllWrappers Installed AtmosphereInterceptor org.atmosphere.interceptor.WebSocketMessageSuspendInterceptor with priority AFTER_DEFAULT 
05-Jul-2022 09:17:24.402 INFO [main] org.atmosphere.cpr.AtmosphereFramework.addInterceptorToAllWrappers Installed AtmosphereInterceptor Browser disconnection detection with priority AFTER_DEFAULT 
05-Jul-2022 09:17:24.402 INFO [main] org.atmosphere.cpr.AtmosphereFramework.addInterceptorToAllWrappers Installed AtmosphereInterceptor org.atmosphere.interceptor.IdleResourceInterceptor with priority BEFORE_DEFAULT 
05-Jul-2022 09:17:24.402 INFO [main] org.atmosphere.cpr.AtmosphereFramework.info Using EndpointMapper class org.atmosphere.util.DefaultEndpointMapper
05-Jul-2022 09:17:24.402 INFO [main] org.atmosphere.cpr.AtmosphereFramework.info Using BroadcasterCache: org.atmosphere.cache.UUIDBroadcasterCache
05-Jul-2022 09:17:24.402 INFO [main] org.atmosphere.cpr.AtmosphereFramework.info Default Broadcaster Class: org.atmosphere.cpr.DefaultBroadcaster
05-Jul-2022 09:17:24.402 INFO [main] org.atmosphere.cpr.AtmosphereFramework.info Broadcaster Shared List Resources: false
05-Jul-2022 09:17:24.402 INFO [main] org.atmosphere.cpr.AtmosphereFramework.info Broadcaster Polling Wait Time 100
05-Jul-2022 09:17:24.402 INFO [main] org.atmosphere.cpr.AtmosphereFramework.info Shared ExecutorService supported: true
05-Jul-2022 09:17:24.402 INFO [main] org.atmosphere.cpr.AtmosphereFramework.info Messaging ExecutorService Pool Size unavailable - Not instance of ThreadPoolExecutor
05-Jul-2022 09:17:24.402 INFO [main] org.atmosphere.cpr.AtmosphereFramework.info Async I/O Thread Pool Size: 200
05-Jul-2022 09:17:24.402 INFO [main] org.atmosphere.cpr.AtmosphereFramework.info Using BroadcasterFactory: org.atmosphere.cpr.DefaultBroadcasterFactory
05-Jul-2022 09:17:24.402 INFO [main] org.atmosphere.cpr.AtmosphereFramework.info Using AtmosphereResurceFactory: org.atmosphere.cpr.DefaultAtmosphereResourceFactory
05-Jul-2022 09:17:24.402 INFO [main] org.atmosphere.cpr.AtmosphereFramework.info Using WebSocketProcessor: org.atmosphere.websocket.DefaultWebSocketProcessor
05-Jul-2022 09:17:24.402 INFO [main] org.atmosphere.cpr.AtmosphereFramework.info Invoke AtmosphereInterceptor on WebSocket message true
05-Jul-2022 09:17:24.402 INFO [main] org.atmosphere.cpr.AtmosphereFramework.info HttpSession supported: true
05-Jul-2022 09:17:24.402 INFO [main] org.atmosphere.cpr.AtmosphereFramework.info Atmosphere is using org.atmosphere.inject.InjectableObjectFactory for dependency injection and object creation
05-Jul-2022 09:17:24.417 INFO [main] org.atmosphere.cpr.AtmosphereFramework.info Atmosphere is using async support: org.atmosphere.container.Servlet30CometSupport running under container: Apache Tomcat/9.0.64 using javax.servlet/3.0
05-Jul-2022 09:17:24.417 INFO [main] org.atmosphere.cpr.AtmosphereFramework.info Atmosphere Framework 2.4.30.vaadin4 started.
05-Jul-2022 09:17:24.417 INFO [main] org.atmosphere.cpr.AtmosphereFramework.addInterceptorToAllWrappers Installed AtmosphereInterceptor  Track Message Size Interceptor using | with priority BEFORE_DEFAULT 
05-Jul-2022 09:17:24.417 INFO [main] org.atmosphere.cpr.AtmosphereFramework.addAtmosphereHandler Installed AtmosphereHandler com.vaadin.server.communication.PushAtmosphereHandler mapped to context-path: /*
05-Jul-2022 09:17:24.417 INFO [main] org.atmosphere.cpr.AtmosphereFramework.addAtmosphereHandler Installed the following AtmosphereInterceptor mapped to AtmosphereHandler com.vaadin.server.communication.PushAtmosphereHandler
05-Jul-2022 09:17:24.433 INFO [main] org.atmosphere.cpr.AtmosphereFramework.autoConfigureService Atmosphere is using org.atmosphere.util.VoidAnnotationProcessor for processing annotation
05-Jul-2022 09:17:24.433 INFO [main] org.atmosphere.util.ForkJoinPool.<init> Using ForkJoinPool  java.util.concurrent.ForkJoinPool. Set the org.atmosphere.cpr.broadcaster.maxAsyncWriteThreads to -1 to fully use its power.
05-Jul-2022 09:17:24.448 INFO [main] org.atmosphere.cpr.AtmosphereFramework.initWebSocket Installed WebSocketProtocol org.atmosphere.websocket.protocol.SimpleHttpProtocol 
05-Jul-2022 09:17:24.464 INFO [main] org.atmosphere.cpr.AtmosphereFramework.configureAtmosphereInterceptor Installing Default AtmosphereInterceptors
05-Jul-2022 09:17:24.464 INFO [main] org.atmosphere.cpr.AtmosphereFramework.newAInterceptor 	org.atmosphere.interceptor.CorsInterceptor : CORS Interceptor Support
05-Jul-2022 09:17:24.464 INFO [main] org.atmosphere.cpr.AtmosphereFramework.newAInterceptor 	org.atmosphere.interceptor.CacheHeadersInterceptor : Default Response's Headers Interceptor
05-Jul-2022 09:17:24.480 INFO [main] org.atmosphere.cpr.AtmosphereFramework.newAInterceptor 	org.atmosphere.interceptor.PaddingAtmosphereInterceptor : Browser Padding Interceptor Support
05-Jul-2022 09:17:24.480 INFO [main] org.atmosphere.cpr.AtmosphereFramework.newAInterceptor 	org.atmosphere.interceptor.AndroidAtmosphereInterceptor : Android Interceptor Support
05-Jul-2022 09:17:24.480 INFO [main] org.atmosphere.cpr.AtmosphereFramework.newAInterceptor 	org.atmosphere.interceptor.HeartbeatInterceptor : Heartbeat Interceptor Support
05-Jul-2022 09:17:24.480 INFO [main] org.atmosphere.cpr.AtmosphereFramework.newAInterceptor 	org.atmosphere.interceptor.SSEAtmosphereInterceptor : SSE Interceptor Support
05-Jul-2022 09:17:24.480 INFO [main] org.atmosphere.cpr.AtmosphereFramework.newAInterceptor 	org.atmosphere.interceptor.JSONPAtmosphereInterceptor : JSONP Interceptor Support
05-Jul-2022 09:17:24.480 INFO [main] org.atmosphere.cpr.AtmosphereFramework.newAInterceptor 	org.atmosphere.interceptor.JavaScriptProtocol : Atmosphere JavaScript Protocol
05-Jul-2022 09:17:24.480 INFO [main] org.atmosphere.cpr.AtmosphereFramework.newAInterceptor 	org.atmosphere.interceptor.WebSocketMessageSuspendInterceptor : org.atmosphere.interceptor.WebSocketMessageSuspendInterceptor
05-Jul-2022 09:17:24.480 INFO [main] org.atmosphere.cpr.AtmosphereFramework.newAInterceptor 	org.atmosphere.interceptor.OnDisconnectInterceptor : Browser disconnection detection
05-Jul-2022 09:17:24.480 INFO [main] org.atmosphere.cpr.AtmosphereFramework.newAInterceptor 	org.atmosphere.interceptor.IdleResourceInterceptor : org.atmosphere.interceptor.IdleResourceInterceptor
05-Jul-2022 09:17:24.480 INFO [main] org.atmosphere.cpr.AtmosphereFramework.configureAtmosphereInterceptor Set org.atmosphere.cpr.AtmosphereInterceptor.disableDefaults to disable them.
05-Jul-2022 09:17:24.480 INFO [main] org.atmosphere.cpr.AtmosphereFramework.addInterceptorToAllWrappers Installed AtmosphereInterceptor CORS Interceptor Support with priority FIRST_BEFORE_DEFAULT 
05-Jul-2022 09:17:24.480 INFO [main] org.atmosphere.cpr.AtmosphereFramework.addInterceptorToAllWrappers Installed AtmosphereInterceptor Default Response's Headers Interceptor with priority AFTER_DEFAULT 
05-Jul-2022 09:17:24.480 INFO [main] org.atmosphere.cpr.AtmosphereFramework.addInterceptorToAllWrappers Installed AtmosphereInterceptor Browser Padding Interceptor Support with priority AFTER_DEFAULT 
05-Jul-2022 09:17:24.480 INFO [main] org.atmosphere.cpr.AtmosphereFramework.addInterceptorToAllWrappers Installed AtmosphereInterceptor Android Interceptor Support with priority AFTER_DEFAULT 
05-Jul-2022 09:17:24.480 INFO [main] org.atmosphere.interceptor.HeartbeatInterceptor.configure HeartbeatInterceptor configured with padding value 'X', client frequency 60 seconds and server frequency 0 seconds
05-Jul-2022 09:17:24.480 INFO [main] org.atmosphere.cpr.AtmosphereFramework.addInterceptorToAllWrappers Installed AtmosphereInterceptor Heartbeat Interceptor Support with priority AFTER_DEFAULT 
05-Jul-2022 09:17:24.480 INFO [main] org.atmosphere.cpr.AtmosphereFramework.addInterceptorToAllWrappers Installed AtmosphereInterceptor SSE Interceptor Support with priority AFTER_DEFAULT 
05-Jul-2022 09:17:24.480 INFO [main] org.atmosphere.cpr.AtmosphereFramework.addInterceptorToAllWrappers Installed AtmosphereInterceptor JSONP Interceptor Support with priority AFTER_DEFAULT 
05-Jul-2022 09:17:24.496 INFO [main] org.atmosphere.cpr.AtmosphereFramework.addInterceptorToAllWrappers Installed AtmosphereInterceptor Atmosphere JavaScript Protocol with priority AFTER_DEFAULT 
05-Jul-2022 09:17:24.496 INFO [main] org.atmosphere.cpr.AtmosphereFramework.addInterceptorToAllWrappers Installed AtmosphereInterceptor org.atmosphere.interceptor.WebSocketMessageSuspendInterceptor with priority AFTER_DEFAULT 
05-Jul-2022 09:17:24.496 INFO [main] org.atmosphere.cpr.AtmosphereFramework.addInterceptorToAllWrappers Installed AtmosphereInterceptor Browser disconnection detection with priority AFTER_DEFAULT 
05-Jul-2022 09:17:24.496 INFO [main] org.atmosphere.cpr.AtmosphereFramework.addInterceptorToAllWrappers Installed AtmosphereInterceptor org.atmosphere.interceptor.IdleResourceInterceptor with priority BEFORE_DEFAULT 
05-Jul-2022 09:17:24.496 INFO [main] org.atmosphere.cpr.AtmosphereFramework.info Using EndpointMapper class org.atmosphere.util.DefaultEndpointMapper
05-Jul-2022 09:17:24.496 INFO [main] org.atmosphere.cpr.AtmosphereFramework.info Using BroadcasterCache: org.atmosphere.cache.UUIDBroadcasterCache
05-Jul-2022 09:17:24.496 INFO [main] org.atmosphere.cpr.AtmosphereFramework.info Default Broadcaster Class: org.atmosphere.cpr.DefaultBroadcaster
05-Jul-2022 09:17:24.496 INFO [main] org.atmosphere.cpr.AtmosphereFramework.info Broadcaster Shared List Resources: false
05-Jul-2022 09:17:24.496 INFO [main] org.atmosphere.cpr.AtmosphereFramework.info Broadcaster Polling Wait Time 100
05-Jul-2022 09:17:24.496 INFO [main] org.atmosphere.cpr.AtmosphereFramework.info Shared ExecutorService supported: true
05-Jul-2022 09:17:24.496 INFO [main] org.atmosphere.cpr.AtmosphereFramework.info Messaging ExecutorService Pool Size unavailable - Not instance of ThreadPoolExecutor
05-Jul-2022 09:17:24.496 INFO [main] org.atmosphere.cpr.AtmosphereFramework.info Async I/O Thread Pool Size: 200
05-Jul-2022 09:17:24.496 INFO [main] org.atmosphere.cpr.AtmosphereFramework.info Using BroadcasterFactory: org.atmosphere.cpr.DefaultBroadcasterFactory
05-Jul-2022 09:17:24.496 INFO [main] org.atmosphere.cpr.AtmosphereFramework.info Using AtmosphereResurceFactory: org.atmosphere.cpr.DefaultAtmosphereResourceFactory
05-Jul-2022 09:17:24.496 INFO [main] org.atmosphere.cpr.AtmosphereFramework.info Using WebSocketProcessor: org.atmosphere.websocket.DefaultWebSocketProcessor
05-Jul-2022 09:17:24.496 INFO [main] org.atmosphere.cpr.AtmosphereFramework.info Invoke AtmosphereInterceptor on WebSocket message true
05-Jul-2022 09:17:24.496 INFO [main] org.atmosphere.cpr.AtmosphereFramework.info HttpSession supported: true
05-Jul-2022 09:17:24.496 INFO [main] org.atmosphere.cpr.AtmosphereFramework.info Atmosphere is using org.atmosphere.inject.InjectableObjectFactory for dependency injection and object creation
05-Jul-2022 09:17:24.496 INFO [main] org.atmosphere.cpr.AtmosphereFramework.info Atmosphere is using async support: org.atmosphere.container.Servlet30CometSupport running under container: Apache Tomcat/9.0.64 using javax.servlet/3.0
05-Jul-2022 09:17:24.511 INFO [main] org.atmosphere.cpr.AtmosphereFramework.info Atmosphere Framework 2.4.30.vaadin4 started.
05-Jul-2022 09:17:24.511 INFO [main] org.atmosphere.cpr.AtmosphereFramework.addInterceptorToAllWrappers Installed AtmosphereInterceptor  Track Message Size Interceptor using | with priority BEFORE_DEFAULT 
05-Jul-2022 09:17:24.559 INFO [main] org.apache.catalina.startup.HostConfig.deployDirectory Deployment of web application directory [C:\Users\j.hurtado.de.moxo\magnolia01\apache-tomcat\webapps\magnoliaAuthor] has finished in [64.674] ms
05-Jul-2022 09:17:24.559 INFO [main] org.apache.catalina.startup.HostConfig.deployDirectory Desplegando el directorio [C:\Users\j.hurtado.de.moxo\magnolia01\apache-tomcat\webapps\magnoliaPublic] de la aplicación web
05-Jul-2022 09:18:39.452 INFO [main] org.atmosphere.cpr.AtmosphereFramework.addAtmosphereHandler Installed AtmosphereHandler com.vaadin.server.communication.PushAtmosphereHandler mapped to context-path: /*
05-Jul-2022 09:18:39.452 INFO [main] org.atmosphere.cpr.AtmosphereFramework.addAtmosphereHandler Installed the following AtmosphereInterceptor mapped to AtmosphereHandler com.vaadin.server.communication.PushAtmosphereHandler
05-Jul-2022 09:18:39.578 INFO [main] org.atmosphere.cpr.AtmosphereFramework.autoConfigureService Atmosphere is using org.atmosphere.util.VoidAnnotationProcessor for processing annotation
05-Jul-2022 09:18:39.606 INFO [main] org.atmosphere.util.ForkJoinPool.<init> Using ForkJoinPool  java.util.concurrent.ForkJoinPool. Set the org.atmosphere.cpr.broadcaster.maxAsyncWriteThreads to -1 to fully use its power.
05-Jul-2022 09:18:39.609 INFO [main] org.atmosphere.cpr.AtmosphereFramework.initWebSocket Installed WebSocketProtocol org.atmosphere.websocket.protocol.SimpleHttpProtocol 
05-Jul-2022 09:18:39.656 INFO [main] org.atmosphere.cpr.AtmosphereFramework.configureAtmosphereInterceptor Installing Default AtmosphereInterceptors
05-Jul-2022 09:18:39.656 INFO [main] org.atmosphere.cpr.AtmosphereFramework.newAInterceptor 	org.atmosphere.interceptor.CorsInterceptor : CORS Interceptor Support
05-Jul-2022 09:18:39.656 INFO [main] org.atmosphere.cpr.AtmosphereFramework.newAInterceptor 	org.atmosphere.interceptor.CacheHeadersInterceptor : Default Response's Headers Interceptor
05-Jul-2022 09:18:39.672 INFO [main] org.atmosphere.cpr.AtmosphereFramework.newAInterceptor 	org.atmosphere.interceptor.PaddingAtmosphereInterceptor : Browser Padding Interceptor Support
05-Jul-2022 09:18:39.672 INFO [main] org.atmosphere.cpr.AtmosphereFramework.newAInterceptor 	org.atmosphere.interceptor.AndroidAtmosphereInterceptor : Android Interceptor Support
05-Jul-2022 09:18:39.672 INFO [main] org.atmosphere.cpr.AtmosphereFramework.newAInterceptor 	org.atmosphere.interceptor.HeartbeatInterceptor : Heartbeat Interceptor Support
05-Jul-2022 09:18:39.672 INFO [main] org.atmosphere.cpr.AtmosphereFramework.newAInterceptor 	org.atmosphere.interceptor.SSEAtmosphereInterceptor : SSE Interceptor Support
05-Jul-2022 09:18:39.672 INFO [main] org.atmosphere.cpr.AtmosphereFramework.newAInterceptor 	org.atmosphere.interceptor.JSONPAtmosphereInterceptor : JSONP Interceptor Support
05-Jul-2022 09:18:39.672 INFO [main] org.atmosphere.cpr.AtmosphereFramework.newAInterceptor 	org.atmosphere.interceptor.JavaScriptProtocol : Atmosphere JavaScript Protocol
05-Jul-2022 09:18:39.672 INFO [main] org.atmosphere.cpr.AtmosphereFramework.newAInterceptor 	org.atmosphere.interceptor.WebSocketMessageSuspendInterceptor : org.atmosphere.interceptor.WebSocketMessageSuspendInterceptor
05-Jul-2022 09:18:39.672 INFO [main] org.atmosphere.cpr.AtmosphereFramework.newAInterceptor 	org.atmosphere.interceptor.OnDisconnectInterceptor : Browser disconnection detection
05-Jul-2022 09:18:39.672 INFO [main] org.atmosphere.cpr.AtmosphereFramework.newAInterceptor 	org.atmosphere.interceptor.IdleResourceInterceptor : org.atmosphere.interceptor.IdleResourceInterceptor
05-Jul-2022 09:18:39.672 INFO [main] org.atmosphere.cpr.AtmosphereFramework.configureAtmosphereInterceptor Set org.atmosphere.cpr.AtmosphereInterceptor.disableDefaults to disable them.
05-Jul-2022 09:18:39.672 INFO [main] org.atmosphere.cpr.AtmosphereFramework.addInterceptorToAllWrappers Installed AtmosphereInterceptor CORS Interceptor Support with priority FIRST_BEFORE_DEFAULT 
05-Jul-2022 09:18:39.690 INFO [main] org.atmosphere.cpr.AtmosphereFramework.addInterceptorToAllWrappers Installed AtmosphereInterceptor Default Response's Headers Interceptor with priority AFTER_DEFAULT 
05-Jul-2022 09:18:39.692 INFO [main] org.atmosphere.cpr.AtmosphereFramework.addInterceptorToAllWrappers Installed AtmosphereInterceptor Browser Padding Interceptor Support with priority AFTER_DEFAULT 
05-Jul-2022 09:18:39.692 INFO [main] org.atmosphere.cpr.AtmosphereFramework.addInterceptorToAllWrappers Installed AtmosphereInterceptor Android Interceptor Support with priority AFTER_DEFAULT 
05-Jul-2022 09:18:39.692 INFO [main] org.atmosphere.interceptor.HeartbeatInterceptor.configure HeartbeatInterceptor configured with padding value 'X', client frequency 60 seconds and server frequency 0 seconds
05-Jul-2022 09:18:39.692 INFO [main] org.atmosphere.cpr.AtmosphereFramework.addInterceptorToAllWrappers Installed AtmosphereInterceptor Heartbeat Interceptor Support with priority AFTER_DEFAULT 
05-Jul-2022 09:18:39.692 INFO [main] org.atmosphere.cpr.AtmosphereFramework.addInterceptorToAllWrappers Installed AtmosphereInterceptor SSE Interceptor Support with priority AFTER_DEFAULT 
05-Jul-2022 09:18:39.692 INFO [main] org.atmosphere.cpr.AtmosphereFramework.addInterceptorToAllWrappers Installed AtmosphereInterceptor JSONP Interceptor Support with priority AFTER_DEFAULT 
05-Jul-2022 09:18:39.692 INFO [main] org.atmosphere.cpr.AtmosphereFramework.addInterceptorToAllWrappers Installed AtmosphereInterceptor Atmosphere JavaScript Protocol with priority AFTER_DEFAULT 
05-Jul-2022 09:18:39.692 INFO [main] org.atmosphere.cpr.AtmosphereFramework.addInterceptorToAllWrappers Installed AtmosphereInterceptor org.atmosphere.interceptor.WebSocketMessageSuspendInterceptor with priority AFTER_DEFAULT 
05-Jul-2022 09:18:39.692 INFO [main] org.atmosphere.cpr.AtmosphereFramework.addInterceptorToAllWrappers Installed AtmosphereInterceptor Browser disconnection detection with priority AFTER_DEFAULT 
05-Jul-2022 09:18:39.692 INFO [main] org.atmosphere.cpr.AtmosphereFramework.addInterceptorToAllWrappers Installed AtmosphereInterceptor org.atmosphere.interceptor.IdleResourceInterceptor with priority BEFORE_DEFAULT 
05-Jul-2022 09:18:39.692 INFO [main] org.atmosphere.cpr.AtmosphereFramework.info Using EndpointMapper class org.atmosphere.util.DefaultEndpointMapper
05-Jul-2022 09:18:39.692 INFO [main] org.atmosphere.cpr.AtmosphereFramework.info Using BroadcasterCache: org.atmosphere.cache.UUIDBroadcasterCache
05-Jul-2022 09:18:39.692 INFO [main] org.atmosphere.cpr.AtmosphereFramework.info Default Broadcaster Class: org.atmosphere.cpr.DefaultBroadcaster
05-Jul-2022 09:18:39.692 INFO [main] org.atmosphere.cpr.AtmosphereFramework.info Broadcaster Shared List Resources: false
05-Jul-2022 09:18:39.692 INFO [main] org.atmosphere.cpr.AtmosphereFramework.info Broadcaster Polling Wait Time 100
05-Jul-2022 09:18:39.692 INFO [main] org.atmosphere.cpr.AtmosphereFramework.info Shared ExecutorService supported: true
05-Jul-2022 09:18:39.692 INFO [main] org.atmosphere.cpr.AtmosphereFramework.info Messaging ExecutorService Pool Size unavailable - Not instance of ThreadPoolExecutor
05-Jul-2022 09:18:39.692 INFO [main] org.atmosphere.cpr.AtmosphereFramework.info Async I/O Thread Pool Size: 200
05-Jul-2022 09:18:39.703 INFO [main] org.atmosphere.cpr.AtmosphereFramework.info Using BroadcasterFactory: org.atmosphere.cpr.DefaultBroadcasterFactory
05-Jul-2022 09:18:39.708 INFO [main] org.atmosphere.cpr.AtmosphereFramework.info Using AtmosphereResurceFactory: org.atmosphere.cpr.DefaultAtmosphereResourceFactory
05-Jul-2022 09:18:39.708 INFO [main] org.atmosphere.cpr.AtmosphereFramework.info Using WebSocketProcessor: org.atmosphere.websocket.DefaultWebSocketProcessor
05-Jul-2022 09:18:39.708 INFO [main] org.atmosphere.cpr.AtmosphereFramework.info Invoke AtmosphereInterceptor on WebSocket message true
05-Jul-2022 09:18:39.708 INFO [main] org.atmosphere.cpr.AtmosphereFramework.info HttpSession supported: true
05-Jul-2022 09:18:39.708 INFO [main] org.atmosphere.cpr.AtmosphereFramework.info Atmosphere is using org.atmosphere.inject.InjectableObjectFactory for dependency injection and object creation
05-Jul-2022 09:18:39.708 INFO [main] org.atmosphere.cpr.AtmosphereFramework.info Atmosphere is using async support: org.atmosphere.container.Servlet30CometSupport running under container: Apache Tomcat/9.0.64 using javax.servlet/3.0
05-Jul-2022 09:18:39.708 INFO [main] org.atmosphere.cpr.AtmosphereFramework.info Atmosphere Framework 2.4.30.vaadin4 started.
05-Jul-2022 09:18:39.723 INFO [main] org.atmosphere.cpr.AtmosphereFramework.addInterceptorToAllWrappers Installed AtmosphereInterceptor  Track Message Size Interceptor using | with priority BEFORE_DEFAULT 
05-Jul-2022 09:18:40.654 INFO [main] org.atmosphere.cpr.AtmosphereFramework.addAtmosphereHandler Installed AtmosphereHandler com.vaadin.server.communication.PushAtmosphereHandler mapped to context-path: /*
05-Jul-2022 09:18:40.670 INFO [main] org.atmosphere.cpr.AtmosphereFramework.addAtmosphereHandler Installed the following AtmosphereInterceptor mapped to AtmosphereHandler com.vaadin.server.communication.PushAtmosphereHandler
05-Jul-2022 09:18:40.692 INFO [main] org.atmosphere.cpr.AtmosphereFramework.autoConfigureService Atmosphere is using org.atmosphere.util.VoidAnnotationProcessor for processing annotation
05-Jul-2022 09:18:40.708 INFO [main] org.atmosphere.util.ForkJoinPool.<init> Using ForkJoinPool  java.util.concurrent.ForkJoinPool. Set the org.atmosphere.cpr.broadcaster.maxAsyncWriteThreads to -1 to fully use its power.
05-Jul-2022 09:18:40.708 INFO [main] org.atmosphere.cpr.AtmosphereFramework.initWebSocket Installed WebSocketProtocol org.atmosphere.websocket.protocol.SimpleHttpProtocol 
05-Jul-2022 09:18:40.739 INFO [main] org.atmosphere.cpr.AtmosphereFramework.configureAtmosphereInterceptor Installing Default AtmosphereInterceptors
05-Jul-2022 09:18:40.739 INFO [main] org.atmosphere.cpr.AtmosphereFramework.newAInterceptor 	org.atmosphere.interceptor.CorsInterceptor : CORS Interceptor Support
05-Jul-2022 09:18:40.739 INFO [main] org.atmosphere.cpr.AtmosphereFramework.newAInterceptor 	org.atmosphere.interceptor.CacheHeadersInterceptor : Default Response's Headers Interceptor
05-Jul-2022 09:18:40.739 INFO [main] org.atmosphere.cpr.AtmosphereFramework.newAInterceptor 	org.atmosphere.interceptor.PaddingAtmosphereInterceptor : Browser Padding Interceptor Support
05-Jul-2022 09:18:40.739 INFO [main] org.atmosphere.cpr.AtmosphereFramework.newAInterceptor 	org.atmosphere.interceptor.AndroidAtmosphereInterceptor : Android Interceptor Support
05-Jul-2022 09:18:40.739 INFO [main] org.atmosphere.cpr.AtmosphereFramework.newAInterceptor 	org.atmosphere.interceptor.HeartbeatInterceptor : Heartbeat Interceptor Support
05-Jul-2022 09:18:40.739 INFO [main] org.atmosphere.cpr.AtmosphereFramework.newAInterceptor 	org.atmosphere.interceptor.SSEAtmosphereInterceptor : SSE Interceptor Support
05-Jul-2022 09:18:40.754 INFO [main] org.atmosphere.cpr.AtmosphereFramework.newAInterceptor 	org.atmosphere.interceptor.JSONPAtmosphereInterceptor : JSONP Interceptor Support
05-Jul-2022 09:18:40.754 INFO [main] org.atmosphere.cpr.AtmosphereFramework.newAInterceptor 	org.atmosphere.interceptor.JavaScriptProtocol : Atmosphere JavaScript Protocol
05-Jul-2022 09:18:40.754 INFO [main] org.atmosphere.cpr.AtmosphereFramework.newAInterceptor 	org.atmosphere.interceptor.WebSocketMessageSuspendInterceptor : org.atmosphere.interceptor.WebSocketMessageSuspendInterceptor
05-Jul-2022 09:18:40.754 INFO [main] org.atmosphere.cpr.AtmosphereFramework.newAInterceptor 	org.atmosphere.interceptor.OnDisconnectInterceptor : Browser disconnection detection
05-Jul-2022 09:18:40.754 INFO [main] org.atmosphere.cpr.AtmosphereFramework.newAInterceptor 	org.atmosphere.interceptor.IdleResourceInterceptor : org.atmosphere.interceptor.IdleResourceInterceptor
05-Jul-2022 09:18:40.754 INFO [main] org.atmosphere.cpr.AtmosphereFramework.configureAtmosphereInterceptor Set org.atmosphere.cpr.AtmosphereInterceptor.disableDefaults to disable them.
05-Jul-2022 09:18:40.754 INFO [main] org.atmosphere.cpr.AtmosphereFramework.addInterceptorToAllWrappers Installed AtmosphereInterceptor CORS Interceptor Support with priority FIRST_BEFORE_DEFAULT 
05-Jul-2022 09:18:40.754 INFO [main] org.atmosphere.cpr.AtmosphereFramework.addInterceptorToAllWrappers Installed AtmosphereInterceptor Default Response's Headers Interceptor with priority AFTER_DEFAULT 
05-Jul-2022 09:18:40.754 INFO [main] org.atmosphere.cpr.AtmosphereFramework.addInterceptorToAllWrappers Installed AtmosphereInterceptor Browser Padding Interceptor Support with priority AFTER_DEFAULT 
05-Jul-2022 09:18:40.754 INFO [main] org.atmosphere.cpr.AtmosphereFramework.addInterceptorToAllWrappers Installed AtmosphereInterceptor Android Interceptor Support with priority AFTER_DEFAULT 
05-Jul-2022 09:18:40.754 INFO [main] org.atmosphere.interceptor.HeartbeatInterceptor.configure HeartbeatInterceptor configured with padding value 'X', client frequency 60 seconds and server frequency 0 seconds
05-Jul-2022 09:18:40.754 INFO [main] org.atmosphere.cpr.AtmosphereFramework.addInterceptorToAllWrappers Installed AtmosphereInterceptor Heartbeat Interceptor Support with priority AFTER_DEFAULT 
05-Jul-2022 09:18:40.754 INFO [main] org.atmosphere.cpr.AtmosphereFramework.addInterceptorToAllWrappers Installed AtmosphereInterceptor SSE Interceptor Support with priority AFTER_DEFAULT 
05-Jul-2022 09:18:40.754 INFO [main] org.atmosphere.cpr.AtmosphereFramework.addInterceptorToAllWrappers Installed AtmosphereInterceptor JSONP Interceptor Support with priority AFTER_DEFAULT 
05-Jul-2022 09:18:40.754 INFO [main] org.atmosphere.cpr.AtmosphereFramework.addInterceptorToAllWrappers Installed AtmosphereInterceptor Atmosphere JavaScript Protocol with priority AFTER_DEFAULT 
05-Jul-2022 09:18:40.754 INFO [main] org.atmosphere.cpr.AtmosphereFramework.addInterceptorToAllWrappers Installed AtmosphereInterceptor org.atmosphere.interceptor.WebSocketMessageSuspendInterceptor with priority AFTER_DEFAULT 
05-Jul-2022 09:18:40.754 INFO [main] org.atmosphere.cpr.AtmosphereFramework.addInterceptorToAllWrappers Installed AtmosphereInterceptor Browser disconnection detection with priority AFTER_DEFAULT 
05-Jul-2022 09:18:40.754 INFO [main] org.atmosphere.cpr.AtmosphereFramework.addInterceptorToAllWrappers Installed AtmosphereInterceptor org.atmosphere.interceptor.IdleResourceInterceptor with priority BEFORE_DEFAULT 
05-Jul-2022 09:18:40.754 INFO [main] org.atmosphere.cpr.AtmosphereFramework.info Using EndpointMapper class org.atmosphere.util.DefaultEndpointMapper
05-Jul-2022 09:18:40.754 INFO [main] org.atmosphere.cpr.AtmosphereFramework.info Using BroadcasterCache: org.atmosphere.cache.UUIDBroadcasterCache
05-Jul-2022 09:18:40.754 INFO [main] org.atmosphere.cpr.AtmosphereFramework.info Default Broadcaster Class: org.atmosphere.cpr.DefaultBroadcaster
05-Jul-2022 09:18:40.754 INFO [main] org.atmosphere.cpr.AtmosphereFramework.info Broadcaster Shared List Resources: false
05-Jul-2022 09:18:40.754 INFO [main] org.atmosphere.cpr.AtmosphereFramework.info Broadcaster Polling Wait Time 100
05-Jul-2022 09:18:40.754 INFO [main] org.atmosphere.cpr.AtmosphereFramework.info Shared ExecutorService supported: true
05-Jul-2022 09:18:40.754 INFO [main] org.atmosphere.cpr.AtmosphereFramework.info Messaging ExecutorService Pool Size unavailable - Not instance of ThreadPoolExecutor
05-Jul-2022 09:18:40.754 INFO [main] org.atmosphere.cpr.AtmosphereFramework.info Async I/O Thread Pool Size: 200
05-Jul-2022 09:18:40.754 INFO [main] org.atmosphere.cpr.AtmosphereFramework.info Using BroadcasterFactory: org.atmosphere.cpr.DefaultBroadcasterFactory
05-Jul-2022 09:18:40.754 INFO [main] org.atmosphere.cpr.AtmosphereFramework.info Using AtmosphereResurceFactory: org.atmosphere.cpr.DefaultAtmosphereResourceFactory
05-Jul-2022 09:18:40.754 INFO [main] org.atmosphere.cpr.AtmosphereFramework.info Using WebSocketProcessor: org.atmosphere.websocket.DefaultWebSocketProcessor
05-Jul-2022 09:18:40.754 INFO [main] org.atmosphere.cpr.AtmosphereFramework.info Invoke AtmosphereInterceptor on WebSocket message true
05-Jul-2022 09:18:40.770 INFO [main] org.atmosphere.cpr.AtmosphereFramework.info HttpSession supported: true
05-Jul-2022 09:18:40.770 INFO [main] org.atmosphere.cpr.AtmosphereFramework.info Atmosphere is using org.atmosphere.inject.InjectableObjectFactory for dependency injection and object creation
05-Jul-2022 09:18:40.770 INFO [main] org.atmosphere.cpr.AtmosphereFramework.info Atmosphere is using async support: org.atmosphere.container.Servlet30CometSupport running under container: Apache Tomcat/9.0.64 using javax.servlet/3.0
05-Jul-2022 09:18:40.770 INFO [main] org.atmosphere.cpr.AtmosphereFramework.info Atmosphere Framework 2.4.30.vaadin4 started.
05-Jul-2022 09:18:40.770 INFO [main] org.atmosphere.cpr.AtmosphereFramework.addInterceptorToAllWrappers Installed AtmosphereInterceptor  Track Message Size Interceptor using | with priority BEFORE_DEFAULT 
05-Jul-2022 09:18:40.770 INFO [main] org.atmosphere.cpr.AtmosphereFramework.addAtmosphereHandler Installed AtmosphereHandler com.vaadin.server.communication.PushAtmosphereHandler mapped to context-path: /*
05-Jul-2022 09:18:40.770 INFO [main] org.atmosphere.cpr.AtmosphereFramework.addAtmosphereHandler Installed the following AtmosphereInterceptor mapped to AtmosphereHandler com.vaadin.server.communication.PushAtmosphereHandler
05-Jul-2022 09:18:40.786 INFO [main] org.atmosphere.cpr.AtmosphereFramework.autoConfigureService Atmosphere is using org.atmosphere.util.VoidAnnotationProcessor for processing annotation
05-Jul-2022 09:18:40.786 INFO [main] org.atmosphere.util.ForkJoinPool.<init> Using ForkJoinPool  java.util.concurrent.ForkJoinPool. Set the org.atmosphere.cpr.broadcaster.maxAsyncWriteThreads to -1 to fully use its power.
05-Jul-2022 09:18:40.786 INFO [main] org.atmosphere.cpr.AtmosphereFramework.initWebSocket Installed WebSocketProtocol org.atmosphere.websocket.protocol.SimpleHttpProtocol 
05-Jul-2022 09:18:40.814 INFO [main] org.atmosphere.cpr.AtmosphereFramework.configureAtmosphereInterceptor Installing Default AtmosphereInterceptors
05-Jul-2022 09:18:40.815 INFO [main] org.atmosphere.cpr.AtmosphereFramework.newAInterceptor 	org.atmosphere.interceptor.CorsInterceptor : CORS Interceptor Support
05-Jul-2022 09:18:40.815 INFO [main] org.atmosphere.cpr.AtmosphereFramework.newAInterceptor 	org.atmosphere.interceptor.CacheHeadersInterceptor : Default Response's Headers Interceptor
05-Jul-2022 09:18:40.818 INFO [main] org.atmosphere.cpr.AtmosphereFramework.newAInterceptor 	org.atmosphere.interceptor.PaddingAtmosphereInterceptor : Browser Padding Interceptor Support
05-Jul-2022 09:18:40.820 INFO [main] org.atmosphere.cpr.AtmosphereFramework.newAInterceptor 	org.atmosphere.interceptor.AndroidAtmosphereInterceptor : Android Interceptor Support
05-Jul-2022 09:18:40.824 INFO [main] org.atmosphere.cpr.AtmosphereFramework.newAInterceptor 	org.atmosphere.interceptor.HeartbeatInterceptor : Heartbeat Interceptor Support
05-Jul-2022 09:18:40.825 INFO [main] org.atmosphere.cpr.AtmosphereFramework.newAInterceptor 	org.atmosphere.interceptor.SSEAtmosphereInterceptor : SSE Interceptor Support
05-Jul-2022 09:18:40.825 INFO [main] org.atmosphere.cpr.AtmosphereFramework.newAInterceptor 	org.atmosphere.interceptor.JSONPAtmosphereInterceptor : JSONP Interceptor Support
05-Jul-2022 09:18:40.826 INFO [main] org.atmosphere.cpr.AtmosphereFramework.newAInterceptor 	org.atmosphere.interceptor.JavaScriptProtocol : Atmosphere JavaScript Protocol
05-Jul-2022 09:18:40.826 INFO [main] org.atmosphere.cpr.AtmosphereFramework.newAInterceptor 	org.atmosphere.interceptor.WebSocketMessageSuspendInterceptor : org.atmosphere.interceptor.WebSocketMessageSuspendInterceptor
05-Jul-2022 09:18:40.827 INFO [main] org.atmosphere.cpr.AtmosphereFramework.newAInterceptor 	org.atmosphere.interceptor.OnDisconnectInterceptor : Browser disconnection detection
05-Jul-2022 09:18:40.827 INFO [main] org.atmosphere.cpr.AtmosphereFramework.newAInterceptor 	org.atmosphere.interceptor.IdleResourceInterceptor : org.atmosphere.interceptor.IdleResourceInterceptor
05-Jul-2022 09:18:40.828 INFO [main] org.atmosphere.cpr.AtmosphereFramework.configureAtmosphereInterceptor Set org.atmosphere.cpr.AtmosphereInterceptor.disableDefaults to disable them.
05-Jul-2022 09:18:40.829 INFO [main] org.atmosphere.cpr.AtmosphereFramework.addInterceptorToAllWrappers Installed AtmosphereInterceptor CORS Interceptor Support with priority FIRST_BEFORE_DEFAULT 
05-Jul-2022 09:18:40.829 INFO [main] org.atmosphere.cpr.AtmosphereFramework.addInterceptorToAllWrappers Installed AtmosphereInterceptor Default Response's Headers Interceptor with priority AFTER_DEFAULT 
05-Jul-2022 09:18:40.829 INFO [main] org.atmosphere.cpr.AtmosphereFramework.addInterceptorToAllWrappers Installed AtmosphereInterceptor Browser Padding Interceptor Support with priority AFTER_DEFAULT 
05-Jul-2022 09:18:40.829 INFO [main] org.atmosphere.cpr.AtmosphereFramework.addInterceptorToAllWrappers Installed AtmosphereInterceptor Android Interceptor Support with priority AFTER_DEFAULT 
05-Jul-2022 09:18:40.830 INFO [main] org.atmosphere.interceptor.HeartbeatInterceptor.configure HeartbeatInterceptor configured with padding value 'X', client frequency 60 seconds and server frequency 0 seconds
05-Jul-2022 09:18:40.830 INFO [main] org.atmosphere.cpr.AtmosphereFramework.addInterceptorToAllWrappers Installed AtmosphereInterceptor Heartbeat Interceptor Support with priority AFTER_DEFAULT 
05-Jul-2022 09:18:40.831 INFO [main] org.atmosphere.cpr.AtmosphereFramework.addInterceptorToAllWrappers Installed AtmosphereInterceptor SSE Interceptor Support with priority AFTER_DEFAULT 
05-Jul-2022 09:18:40.831 INFO [main] org.atmosphere.cpr.AtmosphereFramework.addInterceptorToAllWrappers Installed AtmosphereInterceptor JSONP Interceptor Support with priority AFTER_DEFAULT 
05-Jul-2022 09:18:40.832 INFO [main] org.atmosphere.cpr.AtmosphereFramework.addInterceptorToAllWrappers Installed AtmosphereInterceptor Atmosphere JavaScript Protocol with priority AFTER_DEFAULT 
05-Jul-2022 09:18:40.832 INFO [main] org.atmosphere.cpr.AtmosphereFramework.addInterceptorToAllWrappers Installed AtmosphereInterceptor org.atmosphere.interceptor.WebSocketMessageSuspendInterceptor with priority AFTER_DEFAULT 
05-Jul-2022 09:18:40.833 INFO [main] org.atmosphere.cpr.AtmosphereFramework.addInterceptorToAllWrappers Installed AtmosphereInterceptor Browser disconnection detection with priority AFTER_DEFAULT 
05-Jul-2022 09:18:40.837 INFO [main] org.atmosphere.cpr.AtmosphereFramework.addInterceptorToAllWrappers Installed AtmosphereInterceptor org.atmosphere.interceptor.IdleResourceInterceptor with priority BEFORE_DEFAULT 
05-Jul-2022 09:18:40.839 INFO [main] org.atmosphere.cpr.AtmosphereFramework.info Using EndpointMapper class org.atmosphere.util.DefaultEndpointMapper
05-Jul-2022 09:18:40.840 INFO [main] org.atmosphere.cpr.AtmosphereFramework.info Using BroadcasterCache: org.atmosphere.cache.UUIDBroadcasterCache
05-Jul-2022 09:18:40.840 INFO [main] org.atmosphere.cpr.AtmosphereFramework.info Default Broadcaster Class: org.atmosphere.cpr.DefaultBroadcaster
05-Jul-2022 09:18:40.841 INFO [main] org.atmosphere.cpr.AtmosphereFramework.info Broadcaster Shared List Resources: false
05-Jul-2022 09:18:40.841 INFO [main] org.atmosphere.cpr.AtmosphereFramework.info Broadcaster Polling Wait Time 100
05-Jul-2022 09:18:40.842 INFO [main] org.atmosphere.cpr.AtmosphereFramework.info Shared ExecutorService supported: true
05-Jul-2022 09:18:40.842 INFO [main] org.atmosphere.cpr.AtmosphereFramework.info Messaging ExecutorService Pool Size unavailable - Not instance of ThreadPoolExecutor
05-Jul-2022 09:18:40.843 INFO [main] org.atmosphere.cpr.AtmosphereFramework.info Async I/O Thread Pool Size: 200
05-Jul-2022 09:18:40.843 INFO [main] org.atmosphere.cpr.AtmosphereFramework.info Using BroadcasterFactory: org.atmosphere.cpr.DefaultBroadcasterFactory
05-Jul-2022 09:18:40.843 INFO [main] org.atmosphere.cpr.AtmosphereFramework.info Using AtmosphereResurceFactory: org.atmosphere.cpr.DefaultAtmosphereResourceFactory
05-Jul-2022 09:18:40.844 INFO [main] org.atmosphere.cpr.AtmosphereFramework.info Using WebSocketProcessor: org.atmosphere.websocket.DefaultWebSocketProcessor
05-Jul-2022 09:18:40.844 INFO [main] org.atmosphere.cpr.AtmosphereFramework.info Invoke AtmosphereInterceptor on WebSocket message true
05-Jul-2022 09:18:40.845 INFO [main] org.atmosphere.cpr.AtmosphereFramework.info HttpSession supported: true
05-Jul-2022 09:18:40.845 INFO [main] org.atmosphere.cpr.AtmosphereFramework.info Atmosphere is using org.atmosphere.inject.InjectableObjectFactory for dependency injection and object creation
05-Jul-2022 09:18:40.845 INFO [main] org.atmosphere.cpr.AtmosphereFramework.info Atmosphere is using async support: org.atmosphere.container.Servlet30CometSupport running under container: Apache Tomcat/9.0.64 using javax.servlet/3.0
05-Jul-2022 09:18:40.846 INFO [main] org.atmosphere.cpr.AtmosphereFramework.info Atmosphere Framework 2.4.30.vaadin4 started.
05-Jul-2022 09:18:40.847 INFO [main] org.atmosphere.cpr.AtmosphereFramework.addInterceptorToAllWrappers Installed AtmosphereInterceptor  Track Message Size Interceptor using | with priority BEFORE_DEFAULT 
05-Jul-2022 09:18:40.871 INFO [main] org.apache.catalina.startup.HostConfig.deployDirectory Deployment of web application directory [C:\Users\j.hurtado.de.moxo\magnolia01\apache-tomcat\webapps\magnoliaPublic] has finished in [76.312] ms
05-Jul-2022 09:18:40.871 INFO [main] org.apache.catalina.startup.HostConfig.deployDirectory Desplegando el directorio [C:\Users\j.hurtado.de.moxo\magnolia01\apache-tomcat\webapps\ROOT] de la aplicación web
05-Jul-2022 09:18:40.908 INFO [main] org.apache.catalina.startup.HostConfig.deployDirectory Deployment of web application directory [C:\Users\j.hurtado.de.moxo\magnolia01\apache-tomcat\webapps\ROOT] has finished in [37] ms
05-Jul-2022 09:18:40.923 INFO [main] org.apache.coyote.AbstractProtocol.start Starting ProtocolHandler ["http-nio-8080"]
05-Jul-2022 09:18:40.954 INFO [main] org.apache.catalina.startup.Catalina.start Server startup in [141186] milliseconds
05-Jul-2022 09:26:43.675 INFO [Thread-14] org.apache.coyote.AbstractProtocol.pause Pausing ProtocolHandler ["http-nio-8080"]
05-Jul-2022 09:26:43.910 INFO [Thread-14] org.apache.catalina.core.StandardService.stopInternal Parando servicio [Catalina]
05-Jul-2022 09:26:44.011 INFO [Thread-14] org.atmosphere.util.ForkJoinPool.<init> Using ForkJoinPool  java.util.concurrent.ForkJoinPool. Set the org.atmosphere.cpr.broadcaster.maxAsyncWriteThreads to -1 to fully use its power.
05-Jul-2022 09:26:44.014 WARNING [Thread-14] org.atmosphere.cpr.DefaultBroadcaster.addAtmosphereResource AtmosphereResource e7725f73-26d7-4e8a-8db3-f252c72d6ac7 is not suspended. If cached messages exists, this may cause unexpected situation. Suspend first
05-Jul-2022 09:26:44.155 WARNING [Thread-14] com.vaadin.ui.UI$3.handleError access() task ignored because UI got detached after the task was enqueued. To suppress this message, change the task to implement com.vaadin.server.ErrorHandlingRunnable and make it handle com.vaadin.ui.UIDetachedException. Affected task: info.magnolia.ui.framework.message.LocalMessageDispatcher$$Lambda$2334/0x0000000101a94040@8d5846d
05-Jul-2022 09:26:45.383 WARNING [Thread-14] org.apache.catalina.loader.WebappClassLoaderBase.clearReferencesJdbc La aplicación web [magnoliaAuthor] registró el conductor JDBC [org.h2.Driver] pero falló al anular el registro mientras la aplicación web estaba parada. Para prevenir un fallo de memoria, se ha anulado el registro del conductor JDBC por la fuerza.
05-Jul-2022 09:26:45.383 WARNING [Thread-14] org.apache.catalina.loader.WebappClassLoaderBase.clearReferencesThreads The web application [magnoliaAuthor] appears to have started a thread named [FileSystemWatchService] but has failed to stop it. This is very likely to create a memory leak. Stack trace of thread:
 java.base@11.0.15/sun.nio.fs.WindowsNativeDispatcher.GetQueuedCompletionStatus0(Native Method)
 java.base@11.0.15/sun.nio.fs.WindowsNativeDispatcher.GetQueuedCompletionStatus(WindowsNativeDispatcher.java:1036)
 java.base@11.0.15/sun.nio.fs.WindowsWatchService$Poller.run(WindowsWatchService.java:587)
 java.base@11.0.15/java.lang.Thread.run(Thread.java:834)
05-Jul-2022 09:26:45.383 WARNING [Thread-14] org.apache.catalina.loader.WebappClassLoaderBase.clearReferencesThreads The web application [magnoliaAuthor] appears to have started a thread named [pool-11-thread-1] but has failed to stop it. This is very likely to create a memory leak. Stack trace of thread:
 java.base@11.0.15/jdk.internal.misc.Unsafe.park(Native Method)
 java.base@11.0.15/java.util.concurrent.locks.LockSupport.park(LockSupport.java:194)
 java.base@11.0.15/java.util.concurrent.locks.AbstractQueuedSynchronizer$ConditionObject.await(AbstractQueuedSynchronizer.java:2081)
 java.base@11.0.15/java.util.concurrent.LinkedBlockingQueue.take(LinkedBlockingQueue.java:433)
 java.base@11.0.15/java.util.concurrent.ThreadPoolExecutor.getTask(ThreadPoolExecutor.java:1054)
 java.base@11.0.15/java.util.concurrent.ThreadPoolExecutor.runWorker(ThreadPoolExecutor.java:1114)
 java.base@11.0.15/java.util.concurrent.ThreadPoolExecutor$Worker.run(ThreadPoolExecutor.java:628)
 java.base@11.0.15/java.lang.Thread.run(Thread.java:834)
05-Jul-2022 09:26:45.383 WARNING [Thread-14] org.apache.catalina.loader.WebappClassLoaderBase.clearReferencesThreads The web application [magnoliaAuthor] appears to have started a thread named [pool-12-thread-1] but has failed to stop it. This is very likely to create a memory leak. Stack trace of thread:
 java.base@11.0.15/jdk.internal.misc.Unsafe.park(Native Method)
 java.base@11.0.15/java.util.concurrent.locks.LockSupport.park(LockSupport.java:194)
 java.base@11.0.15/java.util.concurrent.locks.AbstractQueuedSynchronizer$ConditionObject.await(AbstractQueuedSynchronizer.java:2081)
 java.base@11.0.15/java.util.concurrent.LinkedBlockingQueue.take(LinkedBlockingQueue.java:433)
 java.base@11.0.15/java.util.concurrent.ThreadPoolExecutor.getTask(ThreadPoolExecutor.java:1054)
 java.base@11.0.15/java.util.concurrent.ThreadPoolExecutor.runWorker(ThreadPoolExecutor.java:1114)
 java.base@11.0.15/java.util.concurrent.ThreadPoolExecutor$Worker.run(ThreadPoolExecutor.java:628)
 java.base@11.0.15/java.lang.Thread.run(Thread.java:834)
05-Jul-2022 09:26:45.383 WARNING [Thread-14] org.apache.catalina.loader.WebappClassLoaderBase.clearReferencesThreads The web application [magnoliaAuthor] appears to have started a thread named [Atmosphere-Scheduler-0] but has failed to stop it. This is very likely to create a memory leak. Stack trace of thread:
 java.base@11.0.15/jdk.internal.misc.Unsafe.park(Native Method)
 java.base@11.0.15/java.util.concurrent.locks.LockSupport.parkNanos(LockSupport.java:234)
 java.base@11.0.15/java.util.concurrent.locks.AbstractQueuedSynchronizer$ConditionObject.awaitNanos(AbstractQueuedSynchronizer.java:2123)
 java.base@11.0.15/java.util.concurrent.ScheduledThreadPoolExecutor$DelayedWorkQueue.poll(ScheduledThreadPoolExecutor.java:1218)
 java.base@11.0.15/java.util.concurrent.ScheduledThreadPoolExecutor$DelayedWorkQueue.poll(ScheduledThreadPoolExecutor.java:899)
 java.base@11.0.15/java.util.concurrent.ThreadPoolExecutor.getTask(ThreadPoolExecutor.java:1053)
 java.base@11.0.15/java.util.concurrent.ThreadPoolExecutor.runWorker(ThreadPoolExecutor.java:1114)
 java.base@11.0.15/java.util.concurrent.ThreadPoolExecutor$Worker.run(ThreadPoolExecutor.java:628)
 java.base@11.0.15/java.lang.Thread.run(Thread.java:834)
05-Jul-2022 09:26:45.398 WARNING [Thread-14] org.apache.catalina.loader.WebappClassLoaderBase.clearReferencesThreads The web application [magnoliaAuthor] appears to have started a thread named [Atmosphere-Shared-0] but has failed to stop it. This is very likely to create a memory leak. Stack trace of thread:
 java.base@11.0.15/jdk.internal.misc.Unsafe.park(Native Method)
 java.base@11.0.15/java.util.concurrent.locks.LockSupport.park(LockSupport.java:194)
 java.base@11.0.15/java.util.concurrent.ForkJoinPool.runWorker(ForkJoinPool.java:1628)
 java.base@11.0.15/java.util.concurrent.ForkJoinWorkerThread.run(ForkJoinWorkerThread.java:183)
05-Jul-2022 09:26:45.398 WARNING [Thread-14] org.apache.catalina.loader.WebappClassLoaderBase.clearReferencesThreads The web application [magnoliaAuthor] appears to have started a thread named [Atmosphere-Scheduler-1] but has failed to stop it. This is very likely to create a memory leak. Stack trace of thread:
 java.base@11.0.15/jdk.internal.misc.Unsafe.park(Native Method)
 java.base@11.0.15/java.util.concurrent.locks.LockSupport.parkNanos(LockSupport.java:234)
 java.base@11.0.15/java.util.concurrent.locks.AbstractQueuedSynchronizer$ConditionObject.awaitNanos(AbstractQueuedSynchronizer.java:2123)
 java.base@11.0.15/java.util.concurrent.ScheduledThreadPoolExecutor$DelayedWorkQueue.poll(ScheduledThreadPoolExecutor.java:1223)
 java.base@11.0.15/java.util.concurrent.ScheduledThreadPoolExecutor$DelayedWorkQueue.poll(ScheduledThreadPoolExecutor.java:899)
 java.base@11.0.15/java.util.concurrent.ThreadPoolExecutor.getTask(ThreadPoolExecutor.java:1053)
 java.base@11.0.15/java.util.concurrent.ThreadPoolExecutor.runWorker(ThreadPoolExecutor.java:1114)
 java.base@11.0.15/java.util.concurrent.ThreadPoolExecutor$Worker.run(ThreadPoolExecutor.java:628)
 java.base@11.0.15/java.lang.Thread.run(Thread.java:834)
05-Jul-2022 09:26:47.001 WARNING [Thread-14] org.apache.catalina.loader.WebappClassLoaderBase.clearReferencesJdbc La aplicación web [magnoliaPublic] registró el conductor JDBC [org.h2.Driver] pero falló al anular el registro mientras la aplicación web estaba parada. Para prevenir un fallo de memoria, se ha anulado el registro del conductor JDBC por la fuerza.
05-Jul-2022 09:26:47.001 WARNING [Thread-14] org.apache.catalina.loader.WebappClassLoaderBase.clearReferencesThreads The web application [magnoliaPublic] appears to have started a thread named [FileSystemWatchService] but has failed to stop it. This is very likely to create a memory leak. Stack trace of thread:
 java.base@11.0.15/sun.nio.fs.WindowsNativeDispatcher.GetQueuedCompletionStatus0(Native Method)
 java.base@11.0.15/sun.nio.fs.WindowsNativeDispatcher.GetQueuedCompletionStatus(WindowsNativeDispatcher.java:1036)
 java.base@11.0.15/sun.nio.fs.WindowsWatchService$Poller.run(WindowsWatchService.java:587)
 java.base@11.0.15/java.lang.Thread.run(Thread.java:834)
05-Jul-2022 09:26:47.001 INFO [Thread-14] org.apache.coyote.AbstractProtocol.stop Stopping ProtocolHandler ["http-nio-8080"]
05-Jul-2022 09:26:47.016 INFO [Thread-14] org.apache.coyote.AbstractProtocol.destroy Destroying ProtocolHandler ["http-nio-8080"]
