05-Jul-2022 09:43:09.798 INFO [main] org.apache.catalina.core.ApplicationContext.log Initializing AtmosphereFramework
05-Jul-2022 09:47:30.897 INFO [main] org.apache.catalina.core.ApplicationContext.log Initializing AtmosphereFramework
05-Jul-2022 11:10:22.922 INFO [main] org.apache.catalina.core.ApplicationContext.log Initializing AtmosphereFramework
05-Jul-2022 11:12:23.463 INFO [main] org.apache.catalina.core.ApplicationContext.log Initializing AtmosphereFramework
05-Jul-2022 13:26:06.046 SEVERE [http-nio-8080-exec-7] org.apache.catalina.core.StandardWrapperValve.invoke Servlet.service() para servlet [default] lanzó excepción
	com.machinezoo.noexception.WrappedException: javax.jcr.RepositoryException: This repository instance has been shut down.
		at com.machinezoo.noexception.ExceptionWrapper.handle(ExceptionWrapper.java:11)
		at com.machinezoo.noexception.CheckedExceptionHandler.get(CheckedExceptionHandler.java:1741)
		at info.magnolia.resourceloader.jcr.JcrResourceOrigin.getJcrSession(JcrResourceOrigin.java:246)
		at info.magnolia.resourceloader.jcr.JcrResourceOrigin.getNode(JcrResourceOrigin.java:236)
		at info.magnolia.resourceloader.jcr.JcrResourceOrigin.hasPath(JcrResourceOrigin.java:136)
		at info.magnolia.resourceloader.layered.LayeredResourceOrigin.lambda$hasPath$2(LayeredResourceOrigin.java:121)
		at java.base/java.util.stream.MatchOps$1MatchSink.accept(MatchOps.java:90)
		at java.base/java.util.Spliterators$ArraySpliterator.tryAdvance(Spliterators.java:958)
		at java.base/java.util.stream.ReferencePipeline.forEachWithCancel(ReferencePipeline.java:127)
		at java.base/java.util.stream.AbstractPipeline.copyIntoWithCancel(AbstractPipeline.java:502)
		at java.base/java.util.stream.AbstractPipeline.copyInto(AbstractPipeline.java:488)
		at java.base/java.util.stream.AbstractPipeline.wrapAndCopyInto(AbstractPipeline.java:474)
		at java.base/java.util.stream.MatchOps$MatchOp.evaluateSequential(MatchOps.java:230)
		at java.base/java.util.stream.MatchOps$MatchOp.evaluateSequential(MatchOps.java:196)
		at java.base/java.util.stream.AbstractPipeline.evaluate(AbstractPipeline.java:234)
		at java.base/java.util.stream.ReferencePipeline.anyMatch(ReferencePipeline.java:528)
		at info.magnolia.resourceloader.layered.LayeredResourceOrigin.hasPath(LayeredResourceOrigin.java:121)
		at info.magnolia.config.source.yaml.YamlDefinitionProvider.getDelegate(YamlDefinitionProvider.java:153)
		at info.magnolia.config.registry.AbstractDefinitionProviderWrapper.isValid(AbstractDefinitionProviderWrapper.java:71)
		at info.magnolia.config.registry.AbstractRegistry.lambda$getAllProviders$1(AbstractRegistry.java:155)
		at java.base/java.util.stream.ReferencePipeline$3$1.accept(ReferencePipeline.java:195)
		at java.base/java.util.concurrent.ConcurrentHashMap$ValueSpliterator.forEachRemaining(ConcurrentHashMap.java:3605)
		at java.base/java.util.stream.AbstractPipeline.copyInto(AbstractPipeline.java:484)
		at java.base/java.util.stream.AbstractPipeline.wrapAndCopyInto(AbstractPipeline.java:474)
		at java.base/java.util.stream.ReduceOps$ReduceOp.evaluateSequential(ReduceOps.java:913)
		at java.base/java.util.stream.AbstractPipeline.evaluate(AbstractPipeline.java:234)
		at java.base/java.util.stream.ReferencePipeline.collect(ReferencePipeline.java:578)
		at info.magnolia.config.registry.AbstractRegistry.getAllProviders(AbstractRegistry.java:157)
		at info.magnolia.config.registry.AbstractRegistry.getAllDefinitions(AbstractRegistry.java:167)
		at info.magnolia.virtualuri.VirtualUriFilter.doFilter(VirtualUriFilter.java:95)
		at info.magnolia.cms.filters.AbstractMgnlFilter.doFilter(AbstractMgnlFilter.java:85)
		at info.magnolia.cms.filters.MgnlFilterChain.doFilter(MgnlFilterChain.java:79)
		at info.magnolia.cms.filters.RangeSupportFilter.doFilter(RangeSupportFilter.java:78)
		at info.magnolia.cms.filters.AbstractMgnlFilter.doFilter(AbstractMgnlFilter.java:85)
		at info.magnolia.cms.filters.MgnlFilterChain.doFilter(MgnlFilterChain.java:79)
		at info.magnolia.cms.security.BaseSecurityFilter.doFilter(BaseSecurityFilter.java:57)
		at info.magnolia.cms.filters.AbstractMgnlFilter.doFilter(AbstractMgnlFilter.java:85)
		at info.magnolia.cms.filters.MgnlFilterChain.doFilter(MgnlFilterChain.java:79)
		at info.magnolia.cors.AbstractCorsFilter.doFilter(AbstractCorsFilter.java:77)
		at info.magnolia.cms.filters.AbstractMgnlFilter.doFilter(AbstractMgnlFilter.java:85)
		at info.magnolia.cms.filters.CompositeFilter.doFilter(CompositeFilter.java:79)
		at info.magnolia.cms.filters.AbstractMgnlFilter.doFilter(AbstractMgnlFilter.java:85)
		at info.magnolia.cms.filters.MgnlFilterChain.doFilter(MgnlFilterChain.java:79)
		at info.magnolia.cms.filters.MgnlFilterChain.doFilter(MgnlFilterChain.java:81)
		at info.magnolia.cms.security.SecurityCallbackFilter.doFilter(SecurityCallbackFilter.java:84)
		at info.magnolia.cms.filters.OncePerRequestAbstractMgnlFilter.doFilter(OncePerRequestAbstractMgnlFilter.java:59)
		at info.magnolia.cms.filters.MgnlFilterChain.doFilter(MgnlFilterChain.java:79)
		at info.magnolia.cms.security.LogoutFilter.doFilter(LogoutFilter.java:94)
		at info.magnolia.cms.filters.OncePerRequestAbstractMgnlFilter.doFilter(OncePerRequestAbstractMgnlFilter.java:59)
		at info.magnolia.cms.filters.MgnlFilterChain.doFilter(MgnlFilterChain.java:79)
		at info.magnolia.module.site.filters.SiteMergeFilter.doFilter(SiteMergeFilter.java:119)
		at info.magnolia.cms.filters.AbstractMgnlFilter.doFilter(AbstractMgnlFilter.java:85)
		at info.magnolia.cms.filters.MgnlFilterChain.doFilter(MgnlFilterChain.java:79)
		at info.magnolia.cms.filters.MultiChannelFilter.doFilter(MultiChannelFilter.java:83)
		at info.magnolia.cms.filters.AbstractMgnlFilter.doFilter(AbstractMgnlFilter.java:85)
		at info.magnolia.cms.filters.MgnlFilterChain.doFilter(MgnlFilterChain.java:79)
		at info.magnolia.cms.filters.MgnlFilterChain.doFilter(MgnlFilterChain.java:81)
		at info.magnolia.cms.filters.MgnlFilterChain.doFilter(MgnlFilterChain.java:81)
		at info.magnolia.cms.security.auth.login.LoginFilter.doFilter(LoginFilter.java:128)
		at info.magnolia.cms.filters.AbstractMgnlFilter.doFilter(AbstractMgnlFilter.java:85)
		at info.magnolia.cms.filters.MgnlFilterChain.doFilter(MgnlFilterChain.java:79)
		at info.magnolia.cms.filters.MgnlFilterChain.doFilter(MgnlFilterChain.java:74)
		at info.magnolia.cms.filters.MgnlFilterChain.doFilter(MgnlFilterChain.java:81)
		at info.magnolia.cms.filters.MgnlFilterChain.doFilter(MgnlFilterChain.java:81)
		at info.magnolia.cms.filters.CompositeFilter.doFilter(CompositeFilter.java:75)
		at info.magnolia.cms.filters.AbstractMgnlFilter.doFilter(AbstractMgnlFilter.java:85)
		at info.magnolia.cms.filters.MgnlFilterChain.doFilter(MgnlFilterChain.java:79)
		at info.magnolia.cms.filters.MgnlFilterChain.doFilter(MgnlFilterChain.java:81)
		at info.magnolia.cms.filters.MgnlFilterChain.doFilter(MgnlFilterChain.java:81)
		at info.magnolia.cms.filters.ContentTypeFilter.doFilter(ContentTypeFilter.java:155)
		at info.magnolia.cms.filters.AbstractMgnlFilter.doFilter(AbstractMgnlFilter.java:85)
		at info.magnolia.cms.filters.MgnlFilterChain.doFilter(MgnlFilterChain.java:79)
		at info.magnolia.cms.filters.ContextFilter.doFilter(ContextFilter.java:128)
		at info.magnolia.cms.filters.AbstractMgnlFilter.doFilter(AbstractMgnlFilter.java:85)
		at info.magnolia.cms.filters.MgnlFilterChain.doFilter(MgnlFilterChain.java:79)
		at info.magnolia.cms.filters.CompositeFilter.doFilter(CompositeFilter.java:75)
		at info.magnolia.cms.filters.AbstractMgnlFilter.doFilter(AbstractMgnlFilter.java:85)
		at info.magnolia.cms.filters.SafeDestroyMgnlFilterWrapper.doFilter(SafeDestroyMgnlFilterWrapper.java:107)
		at info.magnolia.cms.filters.MgnlFilterDispatcher.doDispatch(MgnlFilterDispatcher.java:67)
		at info.magnolia.cms.filters.MgnlMainFilter.doFilter(MgnlMainFilter.java:110)
		at info.magnolia.cms.filters.MgnlMainFilter.doFilter(MgnlMainFilter.java:96)
		at org.apache.catalina.core.ApplicationFilterChain.internalDoFilter(ApplicationFilterChain.java:189)
		at org.apache.catalina.core.ApplicationFilterChain.doFilter(ApplicationFilterChain.java:162)
		at org.apache.catalina.core.StandardWrapperValve.invoke(StandardWrapperValve.java:197)
		at org.apache.catalina.core.StandardContextValve.invoke(StandardContextValve.java:97)
		at org.apache.catalina.authenticator.AuthenticatorBase.invoke(AuthenticatorBase.java:541)
		at org.apache.catalina.core.StandardHostValve.invoke(StandardHostValve.java:135)
		at org.apache.catalina.valves.ErrorReportValve.invoke(ErrorReportValve.java:92)
		at org.apache.catalina.valves.AbstractAccessLogValve.invoke(AbstractAccessLogValve.java:687)
		at org.apache.catalina.core.StandardEngineValve.invoke(StandardEngineValve.java:78)
		at org.apache.catalina.connector.CoyoteAdapter.service(CoyoteAdapter.java:360)
		at org.apache.coyote.http11.Http11Processor.service(Http11Processor.java:399)
		at org.apache.coyote.AbstractProcessorLight.checkForPipelinedData(AbstractProcessorLight.java:108)
		at org.apache.coyote.AbstractProcessorLight.process(AbstractProcessorLight.java:60)
		at org.apache.coyote.AbstractProtocol$ConnectionHandler.process(AbstractProtocol.java:890)
		at org.apache.tomcat.util.net.NioEndpoint$SocketProcessor.doRun(NioEndpoint.java:1787)
		at org.apache.tomcat.util.net.SocketProcessorBase.run(SocketProcessorBase.java:49)
		at org.apache.tomcat.util.threads.ThreadPoolExecutor.runWorker(ThreadPoolExecutor.java:1191)
		at org.apache.tomcat.util.threads.ThreadPoolExecutor$Worker.run(ThreadPoolExecutor.java:659)
		at org.apache.tomcat.util.threads.TaskThread$WrappingRunnable.run(TaskThread.java:61)
		at java.base/java.lang.Thread.run(Thread.java:834)
	Caused by: javax.jcr.RepositoryException: This repository instance has been shut down.
		at org.apache.jackrabbit.core.RepositoryImpl.sanityCheck(RepositoryImpl.java:628)
		at org.apache.jackrabbit.core.RepositoryImpl.login(RepositoryImpl.java:1476)
		at org.apache.jackrabbit.core.jndi.BindableRepository.login(BindableRepository.java:162)
		at info.magnolia.jackrabbit.ProviderImpl.getSystemSession(ProviderImpl.java:571)
		at info.magnolia.repository.DefaultRepositoryManager.getSystemSession(DefaultRepositoryManager.java:324)
		at info.magnolia.context.SystemRepositoryStrategy.internalGetSession(SystemRepositoryStrategy.java:71)
		at info.magnolia.context.AbstractRepositoryStrategy.getSession(AbstractRepositoryStrategy.java:75)
		at info.magnolia.context.AbstractContext.getJCRSession(AbstractContext.java:124)
		at info.magnolia.resourceloader.jcr.JcrResourceOrigin.lambda$getJcrSession$14(JcrResourceOrigin.java:246)
		at com.machinezoo.noexception.CheckedExceptionHandler.get(CheckedExceptionHandler.java:1737)
		... 99 more
